gpasm-1.5.0 #1284 (Oct 14 2022)  function.asm   05/05/25  10:34:45          PAGE  1


LOC    OBJECT CODE    LINE  SOURCE TEXT
  VALUE

                      00001 ;--------------------------------------------------------
                      00002 ; File Created by SDCC : free open source ANSI-C Compiler
                      00003 ; Version 3.6.0 #9615 (CYGWIN)
                      00004 ;--------------------------------------------------------
                      00005 ; PIC port for the 14-bit core
                      00006 ;--------------------------------------------------------
                      00007 ;       .file   "function.c"
                      00008         list    p=18p018a0
                      00009         radix dec
                      00010         include "p18p018a0.inc"
                      00001        LIST
                      00002 
                      00003 ;==========================================================================
                      00004 ; Build date : Jun 02 2017
                      00005 ;  HCIDE HC18P018A0 processor include
                      00006 ; 
                      00007 ;  (c) Copyright 2012-2021 Holychip Technology, All rights reserved
                      00008 ;==========================================================================
                      00009 
Message[301]: MESSAGE: "Processor-header file mismatch.  Verify selected processor."
                      00378         LIST
                      00011 ;--------------------------------------------------------
                      00012 ; external declarations
                      00013 ;--------------------------------------------------------
  0000                00014         extern  _ScanKey
  0000                00015         extern  _STATUSbits
  0000                00016         extern  _PORTBbits
  0000                00017         extern  _PCONbits
  0000                00018         extern  _IOCBbits
  0000                00019         extern  _PDCONbits
  0000                00020         extern  _ODCONbits
  0000                00021         extern  _PHCONbits
  0000                00022         extern  _INTECONbits
  0000                00023         extern  _INTFLAGbits
  0000                00024         extern  _OPTIONbits
  0000                00025         extern  _TRISBbits
  0000                00026         extern  _PWMCONbits
  0000                00027         extern  _T0CRbits
  0000                00028         extern  _T1CONbits
  0000                00029         extern  _OSCCONbits
  0000                00030         extern  _CMPCRbits
  0000                00031         extern  _PDCON1bits
  0000                00032         extern  _CHARGE0bits
  0000                00033         extern  _CHARGE1bits
  0000                00034         extern  _RAMPbits
  0000                00035         extern  _AUXRbits
  0000                00036         extern  _BITS_DATA0
  0000                00037         extern  _BITS_DATA1
  0000                00038         extern  _g_ucTimer10msCount
  0000                00039         extern  _g_ucTimerWorkCount
  0000                00040         extern  _TempCount
  0000                00041         extern  _TempFlag
  0000                00042         extern  _SleepCount
gpasm-1.5.0 #1284 (Oct 14 2022)  function.asm   05/05/25  10:34:45          PAGE  2


LOC    OBJECT CODE    LINE  SOURCE TEXT
  VALUE

  0000                00043         extern  _SleepFlag
  0000                00044         extern  _MaxLight
  0000                00045         extern  _INDF
  0000                00046         extern  _T0
  0000                00047         extern  _PCL
  0000                00048         extern  _STATUS
  0000                00049         extern  _FSR
  0000                00050         extern  _PORTB
  0000                00051         extern  _GPR
  0000                00052         extern  _PCON
  0000                00053         extern  _IOCB
  0000                00054         extern  _PCLATH
  0000                00055         extern  _PDCON
  0000                00056         extern  _ODCON
  0000                00057         extern  _PHCON
  0000                00058         extern  _INTECON
  0000                00059         extern  _INTFLAG
  0000                00060         extern  _OPTION
  0000                00061         extern  _TRISB
  0000                00062         extern  _PWMCON
  0000                00063         extern  _PWM1P
  0000                00064         extern  _PWM2P
  0000                00065         extern  _T0CR
  0000                00066         extern  _T1CON
  0000                00067         extern  _T1
  0000                00068         extern  _T1LOAD
  0000                00069         extern  _PWM0P
  0000                00070         extern  _OSCCON
  0000                00071         extern  _CMPCR
  0000                00072         extern  _PDCON1
  0000                00073         extern  _CHARGE0
  0000                00074         extern  _CHARGE1
  0000                00075         extern  _RAMP
  0000                00076         extern  _AUXR
  0000                00077         extern  _HIRCTRM
                      00078 
  0000                00079         extern PSAVE
  0000                00080         extern SSAVE
  0000                00081         extern WSAVE
  0000                00082         extern STK12
  0000                00083         extern STK11
  0000                00084         extern STK10
  0000                00085         extern STK09
  0000                00086         extern STK08
  0000                00087         extern STK07
  0000                00088         extern STK06
  0000                00089         extern STK05
  0000                00090         extern STK04
  0000                00091         extern STK03
  0000                00092         extern STK02
  0000                00093         extern STK01
  0000                00094         extern STK00
                      00095 ;--------------------------------------------------------
gpasm-1.5.0 #1284 (Oct 14 2022)  function.asm   05/05/25  10:34:45          PAGE  3


LOC    OBJECT CODE    LINE  SOURCE TEXT
  VALUE

                      00096 ; global declarations
                      00097 ;--------------------------------------------------------
  0000                00098         global  _ControlSos
  0000                00099         global  _ControlFlash
  0000                00100         global  _ControlLevel
  0000                00101         global  _ControlLevelHigh
  0000                00102         global  _ControlLevelLow
                      00103 
                      00104 ;--------------------------------------------------------
                      00105 ; global definitions
                      00106 ;--------------------------------------------------------
                      00107 ;--------------------------------------------------------
                      00108 ; absolute symbol definitions
                      00109 ;--------------------------------------------------------
                      00110 ;--------------------------------------------------------
                      00111 ; compiler-defined variables
                      00112 ;--------------------------------------------------------
                      00113 UDL_function_0  udata
0000                  00114 r0x1002 res     1
0001                  00115 r0x1003 res     1
0002                  00116 r0x1004 res     1
                      00117 ;--------------------------------------------------------
                      00118 ; initialized data
                      00119 ;--------------------------------------------------------
                      00120 ;--------------------------------------------------------
                      00121 ; overlayable items in internal ram 
                      00122 ;--------------------------------------------------------
                      00123 ;       udata_ovr
                      00124 ;--------------------------------------------------------
                      00125 ; code
                      00126 ;--------------------------------------------------------
                      00127 code_function   code
                      00128 ;***
                      00129 ;  pBlock Stats: dbName = C
                      00130 ;***
                      00131 ;has an exit
                      00132 ;; Starting pCode block
                      00133 ;;[ICODE] function.c:103:  _entry($2) :
                      00134 ;;[ICODE] function.c:103:       proc _ControlSos [k1 lr0:0 so:0]{ ia0 a2p0 re0 rm0 nos0 ru0 dp0}{void fu
                            nction ( ) fixed}
                      00135 S_function__ControlSos  code
0000                  00136 _ControlSos:
                      00137 ; 2 exit points
                      00138 ;;[ICODE] function.c:171:  _return($1) :
                      00139 ;;[ICODE] function.c:171:       eproc _ControlSos [k1 lr0:0 so:0]{ ia0 a2p0 re0 rm0 nos0 ru0 dp0}{void f
                            unction ( ) fixed}
                      00140 ;       .line   171; "function.c"       }
0000   0002           00141         RETURN  
                      00142 ; exit point of _ControlSos
                      00143 
                      00144 ;***
                      00145 ;  pBlock Stats: dbName = C
                      00146 ;***
gpasm-1.5.0 #1284 (Oct 14 2022)  function.asm   05/05/25  10:34:45          PAGE  4


LOC    OBJECT CODE    LINE  SOURCE TEXT
  VALUE

                      00147 ;has an exit
                      00148 ;; Starting pCode block
                      00149 ;;[ICODE] function.c:39:  _entry($2) :
                      00150 ;;[ICODE] function.c:39:        proc _ControlFlash [k1 lr0:0 so:0]{ ia0 a2p0 re0 rm0 nos0 ru0 dp0}{void 
                            function ( ) fixed}
                      00151 S_function__ControlFlash        code
0000                  00152 _ControlFlash:
                      00153 ; 2 exit points
                      00154 ;;[ICODE] function.c:101:  _return($1) :
                      00155 ;;[ICODE] function.c:101:       eproc _ControlFlash [k1 lr0:0 so:0]{ ia0 a2p0 re0 rm0 nos0 ru0 dp0}{void
                             function ( ) fixed}
                      00156 ;       .line   101; "function.c"       }
0000   0002           00157         RETURN  
                      00158 ; exit point of _ControlFlash
                      00159 
                      00160 ;***
                      00161 ;  pBlock Stats: dbName = C
                      00162 ;***
                      00163 ;has an exit
                      00164 ;5 compiler assigned registers:
                      00165 ;   r0x1002
                      00166 ;   STK00
                      00167 ;   r0x1003
                      00168 ;   STK01
                      00169 ;   r0x1004
                      00170 ;; Starting pCode block
                      00171 ;;[ICODE] function.c:26:  _entry($2) :
                      00172 ;;[ICODE] function.c:26:        proc _ControlLevel [k1 lr0:0 so:0]{ ia0 a2p0 re0 rm0 nos0 ru0 dp0}{void 
                            function ( unsigned-char fixed, unsigned-char fixed, unsigned-char fixed) fixed}
                      00173 S_function__ControlLevel        code
0000                  00174 _ControlLevel:
                      00175 ; 2 exit points
                      00176 ;;[ICODE] function.c:26: iTemp0 [k2 lr3:17 so:0]{ ia0 a2p0 re1 rm0 nos0 ru0 dp0}{unsigned-char fixed}{ s
                            ir@ _ControlLevel_lightnum1_1_11}[r0x1047 ] = recv _ControlLevel [k1 lr0:0 so:0]{ ia0 a2p0 re0 rm0 nos0 
                            ru0 dp0}{void function ( unsigned-char fixed, unsigned-char fixed, unsigned-char fixed) fixed}
                      00177 ;       .line   26; "function.c"        void ControlLevel(BYTE lightnum1, BYTE lightnum2, BYTE lightnum3
                            )
0000   19??           00178         MOVWF   r0x1002
                      00179 ;;[ICODE] function.c:26: iTemp1 [k4 lr4:18 so:0]{ ia0 a2p0 re1 rm0 nos0 ru0 dp0}{unsigned-char fixed}{ s
                            ir@ _ControlLevel_lightnum2_1_11}[r0x1048 ] = recv _ControlLevel [k1 lr0:0 so:0]{ ia0 a2p0 re0 rm0 nos0 
                            ru0 dp0}{void function ( unsigned-char fixed, unsigned-char fixed, unsigned-char fixed) fixed}
0001   11??           00180         MOVF    STK00,W
0002   19??           00181         MOVWF   r0x1003
                      00182 ;;[ICODE] function.c:26: iTemp2 [k6 lr5:19 so:0]{ ia0 a2p0 re1 rm0 nos0 ru0 dp0}{unsigned-char fixed}{ s
                            ir@ _ControlLevel_lightnum3_1_11}[r0x1049 ] = recv _ControlLevel [k1 lr0:0 so:0]{ ia0 a2p0 re0 rm0 nos0 
                            ru0 dp0}{void function ( unsigned-char fixed, unsigned-char fixed, unsigned-char fixed) fixed}
0003   11??           00183         MOVF    STK01,W
0004   19??           00184         MOVWF   r0x1004
                      00185 ;;[ICODE] function.c:28:        iTemp4 [k11 lr6:8 so:0]{ ia0 a2p0 re0 rm1 nos0 ru0 dp0}{unsigned-bitfiel
                            d {2,1} near* fixed}[remat] = &[_BITS_DATA0 [k8 lr0:0 so:0]{ ia0 a2p0 re0 rm0 nos0 ru0 dp0}{struct __bit
                            s8_t fixed} , 0x0 {const-unsigned-char literal}]
                      00186 ;;[ICODE] function.c:28:        *(iTemp4 [k11 lr6:8 so:0]{ ia1 a2p0 re0 rm1 nos0 ru0 dp0}{unsigned-bitfi
                            eld {2,1} near* fixed}[remat]) := 0x0 {const-unsigned-char literal}
gpasm-1.5.0 #1284 (Oct 14 2022)  function.asm   05/05/25  10:34:45          PAGE  5


LOC    OBJECT CODE    LINE  SOURCE TEXT
  VALUE

                      00187 ;       .line   28; "function.c"        g_ucPWM_KeyChange = 0;
0005   3D??           00188         BCF     _BITS_DATA0,2
                      00189 ;;[ICODE] function.c:29:        _PWMCON [k12 lr0:0 so:0]{ ia1 a2p0 re0 rm0 nos0 ru0 dp0}{volatile-unsign
                            ed-char sfr} := 0x63 {const-unsigned-char literal}
                      00190 ;       .line   29; "function.c"        PWMCON = 0x63;  //01100011
0006   0463           00191         MOVLW   0x63
0007   19??           00192         MOVWF   _PWMCON
                      00193 ;;[ICODE] function.c:30:        iTemp6 [k16 lr10:12 so:0]{ ia0 a2p0 re0 rm1 nos0 ru0 dp0}{volatile-unsig
                            ned-bitfield {6,1} near* fixed}[remat] = &[_T1CONbits [k13 lr0:0 so:0]{ ia0 a2p0 re0 rm0 nos0 ru0 dp0}{v
                            olatile-struct __00000043 fixed} , 0x0 {const-unsigned-char literal}]
                      00194 ;;[ICODE] function.c:30:        *(iTemp6 [k16 lr10:12 so:0]{ ia1 a2p0 re0 rm1 nos0 ru0 dp0}{volatile-uns
                            igned-bitfield {6,1} near* fixed}[remat]) := 0x1 {const-unsigned-char literal}
                      00195 ;       .line   30; "function.c"        PWM0E = 1;
0008   3B??           00196         BSF     _T1CONbits,6
                      00197 ;;[ICODE] function.c:31:        iTemp8 [k19 lr13:15 so:0]{ ia0 a2p0 re0 rm1 nos0 ru0 dp0}{volatile-unsig
                            ned-bitfield {7,1} near* fixed}[remat] = &[_T1CONbits [k13 lr0:0 so:0]{ ia0 a2p0 re0 rm0 nos0 ru0 dp0}{v
                            olatile-struct __00000043 fixed} , 0x0 {const-unsigned-char literal}]
                      00198 ;;[ICODE] function.c:31:        *(iTemp8 [k19 lr13:15 so:0]{ ia1 a2p0 re0 rm1 nos0 ru0 dp0}{volatile-uns
                            igned-bitfield {7,1} near* fixed}[remat]) := 0x1 {const-unsigned-char literal}
                      00199 ;       .line   31; "function.c"        T1EN = 1;      //启动 T1
0009   3B??           00200         BSF     _T1CONbits,7
                      00201 ;;[ICODE] function.c:32:        _RAMP [k20 lr0:0 so:0]{ ia1 a2p0 re0 rm0 nos0 ru0 dp0}{volatile-unsigned
                            -char sfr} := 0xc5 {const-unsigned-char literal}
                      00202 ;       .line   32; "function.c"        RAMP = 0xC5;  //11000101 //禁止内置限流电阻。
000A   04C5           00203         MOVLW   0xc5
000B   19??           00204         MOVWF   _RAMP
                      00205 ;;[ICODE] function.c:34:        _PWM2P [k21 lr0:0 so:0]{ ia1 a2p0 re0 rm0 nos0 ru0 dp0}{volatile-unsigne
                            d-char sfr} := iTemp0 [k2 lr3:17 so:0]{ ia0 a2p0 re1 rm0 nos0 ru0 dp0}{unsigned-char fixed}{ sir@ _Contr
                            olLevel_lightnum1_1_11}[r0x1047 ]
                      00206 ;       .line   34; "function.c"        PWM_LED0 = lightnum1;
000C   11??           00207         MOVF    r0x1002,W
000D   19??           00208         MOVWF   _PWM2P
                      00209 ;;[ICODE] function.c:35:        _PWM1P [k22 lr0:0 so:0]{ ia1 a2p0 re0 rm0 nos0 ru0 dp0}{volatile-unsigne
                            d-char sfr} := iTemp1 [k4 lr4:18 so:0]{ ia0 a2p0 re1 rm0 nos0 ru0 dp0}{unsigned-char fixed}{ sir@ _Contr
                            olLevel_lightnum2_1_11}[r0x1048 ]
                      00210 ;       .line   35; "function.c"        PWM_LED1 = lightnum2;
000E   11??           00211         MOVF    r0x1003,W
000F   19??           00212         MOVWF   _PWM1P
                      00213 ;;[ICODE] function.c:36:        _PWM0P [k23 lr0:0 so:0]{ ia1 a2p0 re0 rm0 nos0 ru0 dp0}{volatile-unsigne
                            d-char sfr} := iTemp2 [k6 lr5:19 so:0]{ ia0 a2p0 re1 rm0 nos0 ru0 dp0}{unsigned-char fixed}{ sir@ _Contr
                            olLevel_lightnum3_1_11}[r0x1049 ]
                      00214 ;       .line   36; "function.c"        PWM_LED2 = lightnum3;
0010   11??           00215         MOVF    r0x1004,W
0011   19??           00216         MOVWF   _PWM0P
                      00217 ;;[ICODE] function.c:36:  _return($1) :
                      00218 ;;[ICODE] function.c:36:        eproc _ControlLevel [k1 lr0:0 so:0]{ ia0 a2p0 re0 rm0 nos0 ru0 dp0}{void
                             function ( unsigned-char fixed, unsigned-char fixed, unsigned-char fixed) fixed}
0012   0002           00219         RETURN  
                      00220 ; exit point of _ControlLevel
                      00221 
                      00222 ;***
                      00223 ;  pBlock Stats: dbName = C
                      00224 ;***
gpasm-1.5.0 #1284 (Oct 14 2022)  function.asm   05/05/25  10:34:45          PAGE  6


LOC    OBJECT CODE    LINE  SOURCE TEXT
  VALUE

                      00225 ;has an exit
                      00226 ;functions called:
                      00227 ;   _ControlLevel
                      00228 ;   _ControlLevel
                      00229 ;2 compiler assigned registers:
                      00230 ;   STK01
                      00231 ;   STK00
                      00232 ;; Starting pCode block
                      00233 ;;[ICODE] function.c:20:  _entry($2) :
                      00234 ;;[ICODE] function.c:20:        proc _ControlLevelHigh [k1 lr0:0 so:0]{ ia0 a2p0 re0 rm0 nos0 ru0 dp0}{v
                            oid function ( ) fixed}
                      00235 S_function__ControlLevelHigh    code
0000                  00236 _ControlLevelHigh:
                      00237 ; 2 exit points
                      00238 ;;[ICODE] function.c:22:        iTemp1 [k5 lr3:5 so:0]{ ia0 a2p0 re0 rm1 nos0 ru0 dp0}{unsigned-bitfield
                             {2,1} near* fixed}[remat] = &[_BITS_DATA0 [k2 lr0:0 so:0]{ ia0 a2p0 re0 rm0 nos0 ru0 dp0}{struct __bits
                            8_t fixed} , 0x0 {const-unsigned-char literal}]
                      00239 ;;[ICODE] function.c:22:        *(iTemp1 [k5 lr3:5 so:0]{ ia1 a2p0 re0 rm1 nos0 ru0 dp0}{unsigned-bitfie
                            ld {2,1} near* fixed}[remat]) := 0x0 {const-unsigned-char literal}
                      00240 ;       .line   22; "function.c"        g_ucPWM_KeyChange = 0;
0000   3D??           00241         BCF     _BITS_DATA0,2
                      00242 ;;[ICODE] function.c:23:        send _MaxLight [k7 lr0:0 so:0]{ ia0 a2p0 re0 rm0 nos0 ru0 dp0}{unsigned-
                            char fixed}{argreg = 1}
                      00243 ;;[ICODE] function.c:23:        send _MaxLight [k7 lr0:0 so:0]{ ia0 a2p0 re0 rm0 nos0 ru0 dp0}{unsigned-
                            char fixed}{argreg = 1}
                      00244 ;;[ICODE] function.c:23:        send _MaxLight [k7 lr0:0 so:0]{ ia0 a2p0 re0 rm0 nos0 ru0 dp0}{unsigned-
                            char fixed}{argreg = 1}
                      00245 ;;[ICODE] function.c:23:        iTemp2 [k11 lr9:9 so:0]{ ia0 a2p0 re0 rm0 nos0 ru0 dp0}{void fixed} = ca
                            ll _ControlLevel [k6 lr0:0 so:0]{ ia0 a2p0 re0 rm0 nos0 ru0 dp0}{void function ( unsigned-char fixed, un
                            signed-char fixed, unsigned-char fixed) fixed}
                      00246 ;       .line   23; "function.c"        ControlLevel(MaxLight,MaxLight,MaxLight);               
0001   11??           00247         MOVF    _MaxLight,W
0002   19??           00248         MOVWF   STK01
0003   11??           00249         MOVF    _MaxLight,W
0004   19??           00250         MOVWF   STK00
0005   11??           00251         MOVF    _MaxLight,W
0006   2???           00252         CALL    _ControlLevel
                      00253 ;;[ICODE] function.c:23:  _return($1) :
                      00254 ;;[ICODE] function.c:23:        eproc _ControlLevelHigh [k1 lr0:0 so:0]{ ia0 a2p0 re0 rm0 nos0 ru0 dp0}{
                            void function ( ) fixed}
0007   0002           00255         RETURN  
                      00256 ; exit point of _ControlLevelHigh
                      00257 
                      00258 ;***
                      00259 ;  pBlock Stats: dbName = C
                      00260 ;***
                      00261 ;has an exit
                      00262 ;; Starting pCode block
                      00263 ;;[ICODE] function.c:5:  _entry($2) :
                      00264 ;;[ICODE] function.c:5:         proc _ControlLevelLow [k1 lr0:0 so:0]{ ia0 a2p0 re0 rm0 nos0 ru0 dp0}{vo
                            id function ( ) fixed}
                      00265 S_function__ControlLevelLow     code
0000                  00266 _ControlLevelLow:
gpasm-1.5.0 #1284 (Oct 14 2022)  function.asm   05/05/25  10:34:45          PAGE  7


LOC    OBJECT CODE    LINE  SOURCE TEXT
  VALUE

                      00267 ; 2 exit points
                      00268 ;;[ICODE] function.c:7:         iTemp1 [k5 lr3:5 so:0]{ ia0 a2p0 re0 rm1 nos0 ru0 dp0}{unsigned-bitfield
                             {2,1} near* fixed}[remat] = &[_BITS_DATA0 [k2 lr0:0 so:0]{ ia0 a2p0 re0 rm0 nos0 ru0 dp0}{struct __bits
                            8_t fixed} , 0x0 {const-unsigned-char literal}]
                      00269 ;;[ICODE] function.c:7:         *(iTemp1 [k5 lr3:5 so:0]{ ia1 a2p0 re0 rm1 nos0 ru0 dp0}{unsigned-bitfie
                            ld {2,1} near* fixed}[remat]) := 0x0 {const-unsigned-char literal}
                      00270 ;       .line   7; "function.c" g_ucPWM_KeyChange = 0;
0000   3D??           00271         BCF     _BITS_DATA0,2
                      00272 ;;[ICODE] function.c:8:         _PWM0P [k8 lr0:0 so:0]{ ia1 a2p0 re0 rm0 nos0 ru0 dp0}{volatile-unsigned
                            -char sfr} := 0x0 {const-unsigned-char literal}
                      00273 ;       .line   8; "function.c" PWM_LED0 =  PWM_LED1 = PWM_LED2 = 0;    //用于设置 PWM0 的高电平时间
0001   18??           00274         CLRF    _PWM0P
                      00275 ;;[ICODE] function.c:8:         _PWM1P [k7 lr0:0 so:0]{ ia1 a2p0 re0 rm0 nos0 ru0 dp0}{volatile-unsigned
                            -char sfr} := 0x0 {const-unsigned-char literal}
0002   18??           00276         CLRF    _PWM1P
                      00277 ;;[ICODE] function.c:8:         _PWM2P [k6 lr0:0 so:0]{ ia1 a2p0 re0 rm0 nos0 ru0 dp0}{volatile-unsigned
                            -char sfr} := 0x0 {const-unsigned-char literal}
0003   18??           00278         CLRF    _PWM2P
                      00279 ;;[ICODE] function.c:10:        _PWMCON [k9 lr0:0 so:0]{ ia1 a2p0 re0 rm0 nos0 ru0 dp0}{volatile-unsigne
                            d-char sfr} := 0x80 {const-unsigned-char literal}
                      00280 ;       .line   10; "function.c"        PWMCON = 0x80;     //禁止 PWM0/BUZ 输出，PORTB5 端口作为 I/O 口
0004   0480           00281         MOVLW   0x80
0005   19??           00282         MOVWF   _PWMCON
                      00283 ;;[ICODE] function.c:11:        iTemp3 [k13 lr10:12 so:0]{ ia0 a2p0 re0 rm1 nos0 ru0 dp0}{volatile-unsig
                            ned-bitfield {6,1} near* fixed}[remat] = &[_T1CONbits [k10 lr0:0 so:0]{ ia0 a2p0 re0 rm0 nos0 ru0 dp0}{v
                            olatile-struct __00000043 fixed} , 0x0 {const-unsigned-char literal}]
                      00284 ;;[ICODE] function.c:11:        *(iTemp3 [k13 lr10:12 so:0]{ ia1 a2p0 re0 rm1 nos0 ru0 dp0}{volatile-uns
                            igned-bitfield {6,1} near* fixed}[remat]) := 0x0 {const-unsigned-char literal}
                      00285 ;       .line   11; "function.c"        PWM0E = 0;         //禁止 PWM0 输出，PORTB5 端口作为 I/O 口    T
                            1CON
0006   3F??           00286         BCF     _T1CONbits,6
                      00287 ;;[ICODE] function.c:12:        iTemp5 [k16 lr13:15 so:0]{ ia0 a2p0 re0 rm1 nos0 ru0 dp0}{volatile-unsig
                            ned-bitfield {7,1} near* fixed}[remat] = &[_T1CONbits [k10 lr0:0 so:0]{ ia0 a2p0 re0 rm0 nos0 ru0 dp0}{v
                            olatile-struct __00000043 fixed} , 0x0 {const-unsigned-char literal}]
                      00288 ;;[ICODE] function.c:12:        *(iTemp5 [k16 lr13:15 so:0]{ ia1 a2p0 re0 rm1 nos0 ru0 dp0}{volatile-uns
                            igned-bitfield {7,1} near* fixed}[remat]) := 0x0 {const-unsigned-char literal}
                      00289 ;       .line   12; "function.c"        T1EN = 0;
0007   3F??           00290         BCF     _T1CONbits,7
                      00291 ;;[ICODE] function.c:13:        iTemp7 [k20 lr16:18 so:0]{ ia0 a2p0 re0 rm1 nos0 ru0 dp0}{volatile-unsig
                            ned-bitfield {7,1} near* fixed}[remat] = &[_RAMPbits [k17 lr0:0 so:0]{ ia0 a2p0 re0 rm0 nos0 ru0 dp0}{vo
                            latile-struct __00000070 fixed} , 0x0 {const-unsigned-char literal}]
                      00292 ;;[ICODE] function.c:13:        *(iTemp7 [k20 lr16:18 so:0]{ ia1 a2p0 re0 rm1 nos0 ru0 dp0}{volatile-uns
                            igned-bitfield {7,1} near* fixed}[remat]) := 0x1 {const-unsigned-char literal}
                      00293 ;       .line   13; "function.c"        MODSEL = 1;                     //使能内置限流电阻
0008   3B??           00294         BSF     _RAMPbits,7
                      00295 ;;[ICODE] function.c:15:        iTemp9 [k24 lr19:21 so:0]{ ia0 a2p0 re0 rm1 nos0 ru0 dp0}{volatile-unsig
                            ned-bitfield {1,1} near* fixed}[remat] = &[_PORTBbits [k21 lr0:0 so:0]{ ia0 a2p0 re0 rm0 nos0 ru0 dp0}{v
                            olatile-struct __00000005 fixed} , 0x0 {const-unsigned-char literal}]
                      00296 ;;[ICODE] function.c:15:        *(iTemp9 [k24 lr19:21 so:0]{ ia1 a2p0 re0 rm1 nos0 ru0 dp0}{volatile-uns
                            igned-bitfield {1,1} near* fixed}[remat]) := 0x1 {const-unsigned-char literal}
                      00297 ;       .line   15; "function.c"        PORT_LED1 = 1;
0009   38??           00298         BSF     _PORTBbits,1
                      00299 ;;[ICODE] function.c:16:        iTemp11 [k27 lr22:24 so:0]{ ia0 a2p0 re0 rm1 nos0 ru0 dp0}{volatile-unsi
gpasm-1.5.0 #1284 (Oct 14 2022)  function.asm   05/05/25  10:34:45          PAGE  8


LOC    OBJECT CODE    LINE  SOURCE TEXT
  VALUE

                            gned-bitfield {0,1} near* fixed}[remat] = &[_PORTBbits [k21 lr0:0 so:0]{ ia0 a2p0 re0 rm0 nos0 ru0 dp0}{
                            volatile-struct __00000005 fixed} , 0x0 {const-unsigned-char literal}]
                      00300 ;;[ICODE] function.c:16:        *(iTemp11 [k27 lr22:24 so:0]{ ia1 a2p0 re0 rm1 nos0 ru0 dp0}{volatile-un
                            signed-bitfield {0,1} near* fixed}[remat]) := 0x1 {const-unsigned-char literal}
                      00301 ;       .line   16; "function.c"        PORT_LED2 = 1;
000A   38??           00302         BSF     _PORTBbits,0
                      00303 ;;[ICODE] function.c:17:        iTemp13 [k30 lr25:27 so:0]{ ia0 a2p0 re0 rm1 nos0 ru0 dp0}{volatile-unsi
                            gned-bitfield {3,1} near* fixed}[remat] = &[_PORTBbits [k21 lr0:0 so:0]{ ia0 a2p0 re0 rm0 nos0 ru0 dp0}{
                            volatile-struct __00000005 fixed} , 0x0 {const-unsigned-char literal}]
                      00304 ;;[ICODE] function.c:17:        *(iTemp13 [k30 lr25:27 so:0]{ ia1 a2p0 re0 rm1 nos0 ru0 dp0}{volatile-un
                            signed-bitfield {3,1} near* fixed}[remat]) := 0x1 {const-unsigned-char literal}
                      00305 ;       .line   17; "function.c"        PORT_LED3 = 1;          
000B   39??           00306         BSF     _PORTBbits,3
                      00307 ;;[ICODE] function.c:17:  _return($1) :
                      00308 ;;[ICODE] function.c:17:        eproc _ControlLevelLow [k1 lr0:0 so:0]{ ia0 a2p0 re0 rm0 nos0 ru0 dp0}{v
                            oid function ( ) fixed}
000C   0002           00309         RETURN  
                      00310 ; exit point of _ControlLevelLow
                      00311 
                      00312 
                      00313 ;       code size estimation:
                      00314 ;          42+    0 =    42 instructions (   84 byte)
                      00315 
                      00316         end
gpasm-1.5.0 #1284 (Oct 14 2022)  function.asm   05/05/25  10:34:45          PAGE  9


SYMBOL TABLE
  LABEL                              TYPE        VALUE         VALUE          VALUE
                                                 (hex)         (dec)          (text)

AUXR                              CONSTANT      00000059             89
BOR                               CONSTANT      00000006              6
BUZ                               CONSTANT      00000005              5
C                                 CONSTANT      00000000              0
CHARE                             CONSTANT      00000005              5
CHARF                             CONSTANT      00000005              5
CHARGE0                           CONSTANT      00000053             83
CHARGE1                           CONSTANT      00000054             84
CHARGEN                           CONSTANT      00000007              7
CMPCR                             CONSTANT      00000051             81
CMPEN                             CONSTANT      00000000              0
CMPF                              CONSTANT      00000003              3
CMPIE                             CONSTANT      00000002              2
CMPIES                            CONSTANT      00000001              1
CMPOF                             CONSTANT      00000005              5
CMPWK                             CONSTANT      00000003              3
CPNIS0                            CONSTANT      00000001              1
CPNIS1                            CONSTANT      00000002              2
CPNIS2                            CONSTANT      00000003              3
CPNIS3                            CONSTANT      00000004              4
CPPIS                             CONSTANT      00000000              0
DC                                CONSTANT      00000001              1
EIS                               CONSTANT      00000006              6
F                                 CONSTANT      00000001              1
FSR                               CONSTANT      00000004              4
GIE                               CONSTANT      00000007              7
GP0                               CONSTANT      00000005              5
GP1                               CONSTANT      00000006              6
GPR                               CONSTANT      00000007              7
HIRCTRM                           CONSTANT      0000005B             91
HXEN                              CONSTANT      00000001              1
INDF                              CONSTANT      00000000              0
INTE                              CONSTANT      00000002              2
INTECON                           CONSTANT      0000000E             14
INTEDG                            CONSTANT      00000006              6
INTF                              CONSTANT      00000002              2
INTFLAG                           CONSTANT      0000000F             15
IOCB                              CONSTANT      00000009              9
IOCB0                             CONSTANT      00000000              0
IOCB1                             CONSTANT      00000001              1
IOCB2                             CONSTANT      00000002              2
IOCB3                             CONSTANT      00000003              3
IOCB4                             CONSTANT      00000004              4
IOCB5                             CONSTANT      00000005              5
IOCB6                             CONSTANT      00000006              6
IOCB7                             CONSTANT      00000007              7
LVDM                              CONSTANT      00000004              4
MODSEL                            CONSTANT      00000007              7
ODB0                              CONSTANT      00000000              0
ODB1                              CONSTANT      00000001              1
ODB2                              CONSTANT      00000002              2
ODB3                              CONSTANT      00000003              3
gpasm-1.5.0 #1284 (Oct 14 2022)  function.asm   05/05/25  10:34:45          PAGE 10


SYMBOL TABLE
  LABEL                              TYPE        VALUE         VALUE          VALUE
                                                 (hex)         (dec)          (text)

ODB4                              CONSTANT      00000004              4
ODB5                              CONSTANT      00000005              5
ODB6                              CONSTANT      00000006              6
ODB7                              CONSTANT      00000007              7
ODCON                             CONSTANT      0000000C             12
OPTION                            CONSTANT      00000041             65
OSCCON                            CONSTANT      00000050             80
PBIE                              CONSTANT      00000001              1
PBIF                              CONSTANT      00000001              1
PCL                               CONSTANT      00000002              2
PCLATH                            CONSTANT      0000000A             10
PCON                              CONSTANT      00000008              8
PD                                CONSTANT      00000003              3
PDB0                              CONSTANT      00000004              4
PDB1                              CONSTANT      00000005              5
PDB2                              CONSTANT      00000006              6
PDB3                              CONSTANT      00000003              3
PDB4                              CONSTANT      00000004              4
PDB5                              CONSTANT      00000005              5
PDB6                              CONSTANT      00000006              6
PDB7                              CONSTANT      00000007              7
PDCON                             CONSTANT      0000000B             11
PDCON1                            CONSTANT      00000052             82
PHB0                              CONSTANT      00000000              0
PHB1                              CONSTANT      00000001              1
PHB2                              CONSTANT      00000002              2
PHB3                              CONSTANT      00000003              3
PHB4                              CONSTANT      00000004              4
PHB5                              CONSTANT      00000005              5
PHB6                              CONSTANT      00000006              6
PHB7                              CONSTANT      00000007              7
PHCON                             CONSTANT      0000000D             13
POR                               CONSTANT      00000007              7
PORTB                             CONSTANT      00000006              6
PORTB0                            CONSTANT      00000000              0
PORTB1                            CONSTANT      00000001              1
PORTB2                            CONSTANT      00000002              2
PORTB3                            CONSTANT      00000003              3
PORTB4                            CONSTANT      00000004              4
PORTB5                            CONSTANT      00000005              5
PORTB6                            CONSTANT      00000006              6
PORTB7                            CONSTANT      00000007              7
PS0                               CONSTANT      00000000              0
PS1                               CONSTANT      00000001              1
PS2                               CONSTANT      00000002              2
PSA                               CONSTANT      00000003              3
PSAVE                             EXTERNAL      00000000              0
PWM0E                             CONSTANT      00000006              6
PWM0OE                            CONSTANT      00000007              7
PWM0P                             CONSTANT      0000004F             79
PWM1E                             CONSTANT      00000001              1
PWM1OE                            CONSTANT      00000006              6
gpasm-1.5.0 #1284 (Oct 14 2022)  function.asm   05/05/25  10:34:45          PAGE 11


SYMBOL TABLE
  LABEL                              TYPE        VALUE         VALUE          VALUE
                                                 (hex)         (dec)          (text)

PWM1P                             CONSTANT      00000049             73
PWM2E                             CONSTANT      00000000              0
PWM2OE                            CONSTANT      00000005              5
PWM2P                             CONSTANT      0000004A             74
PWM3CT                            CONSTANT      00000001              1
PWMCK                             CONSTANT      00000004              4
PWMCON                            CONSTANT      00000048             72
PWMCT                             CONSTANT      00000000              0
PWMINV                            CONSTANT      00000002              2
PWMMD                             CONSTANT      00000003              3
RAMP                              CONSTANT      00000055             85
RCTRMEN                           CONSTANT      00000002              2
RST                               CONSTANT      00000007              7
S0                                CONSTANT      00000000              0
S1                                CONSTANT      00000001              1
S2                                CONSTANT      00000002              2
S3                                CONSTANT      00000003              3
S4                                CONSTANT      00000004              4
S5                                CONSTANT      00000005              5
S6                                CONSTANT      00000006              6
S7                                CONSTANT      00000007              7
S8                                CONSTANT      00000000              0
S9                                CONSTANT      00000001              1
SCS                               CONSTANT      00000000              0
SINK_SEL                          CONSTANT      00000006              6
SLOP0                             CONSTANT      00000000              0
SLOP1                             CONSTANT      00000001              1
SLOP2                             CONSTANT      00000002              2
SSAVE                             EXTERNAL      00000000              0
STATUS                            CONSTANT      00000003              3
STK00                             EXTERNAL      00000000              0
STK01                             EXTERNAL      00000000              0
STK02                             EXTERNAL      00000000              0
STK03                             EXTERNAL      00000000              0
STK04                             EXTERNAL      00000000              0
STK05                             EXTERNAL      00000000              0
STK06                             EXTERNAL      00000000              0
STK07                             EXTERNAL      00000000              0
STK08                             EXTERNAL      00000000              0
STK09                             EXTERNAL      00000000              0
STK10                             EXTERNAL      00000000              0
STK11                             EXTERNAL      00000000              0
STK12                             EXTERNAL      00000000              0
T0                                CONSTANT      00000001              1
T0CK                              CONSTANT      00000007              7
T0CR                              CONSTANT      0000004B             75
T0CS                              CONSTANT      00000005              5
T0IE                              CONSTANT      00000000              0
T0IF                              CONSTANT      00000000              0
T0OSCEN                           CONSTANT      00000007              7
T0SE                              CONSTANT      00000004              4
T1                                CONSTANT      0000004D             77
gpasm-1.5.0 #1284 (Oct 14 2022)  function.asm   05/05/25  10:34:45          PAGE 12


SYMBOL TABLE
  LABEL                              TYPE        VALUE         VALUE          VALUE
                                                 (hex)         (dec)          (text)

T1CK0                             CONSTANT      00000003              3
T1CK1                             CONSTANT      00000004              4
T1CON                             CONSTANT      0000004C             76
T1EN                              CONSTANT      00000007              7
T1IE                              CONSTANT      00000001              1
T1IF                              CONSTANT      00000000              0
T1LOAD                            CONSTANT      0000004E             78
T1PR0                             CONSTANT      00000000              0
T1PR1                             CONSTANT      00000001              1
T1PR2                             CONSTANT      00000002              2
TEMPEN                            CONSTANT      00000006              6
TMPE                              CONSTANT      00000004              4
TMPF                              CONSTANT      00000004              4
TO                                CONSTANT      00000004              4
TRISB                             CONSTANT      00000046             70
TRISB0                            CONSTANT      00000000              0
TRISB1                            CONSTANT      00000001              1
TRISB2                            CONSTANT      00000002              2
TRISB3                            CONSTANT      00000003              3
TRISB4                            CONSTANT      00000004              4
TRISB5                            CONSTANT      00000005              5
TRISB6                            CONSTANT      00000006              6
TRISB7                            CONSTANT      00000007              7
W                                 CONSTANT      00000000              0
WDTEN                             CONSTANT      00000007              7
WSAVE                             EXTERNAL      00000000              0
Z                                 CONSTANT      00000002              2
_AUXR                             EXTERNAL      00000000              0
_AUXRbits                         EXTERNAL      00000000              0
_BITS_DATA0                       EXTERNAL      00000000              0
_BITS_DATA1                       EXTERNAL      00000000              0
_CHARGE0                          EXTERNAL      00000000              0
_CHARGE0bits                      EXTERNAL      00000000              0
_CHARGE1                          EXTERNAL      00000000              0
_CHARGE1bits                      EXTERNAL      00000000              0
_CMPCR                            EXTERNAL      00000000              0
_CMPCRbits                        EXTERNAL      00000000              0
_CONFIG                           CONSTANT      00002000           8192
_CP_OFF                           CONSTANT      00003FFF          16383
_CP_ON                            CONSTANT      00003FEF          16367
_ControlFlash                     GLOBAL        00000000              0
_ControlLevel                     GLOBAL        00000000              0
_ControlLevelHigh                 GLOBAL        00000000              0
_ControlLevelLow                  GLOBAL        00000000              0
_ControlSos                       GLOBAL        00000000              0
_FOSC_HS                          CONSTANT      00003FFD          16381
_FOSC_INTRCIO                     CONSTANT      00003FFC          16380
_FOSC_LP                          CONSTANT      00003CFF          15615
_FOSC_XT                          CONSTANT      00003DFF          15871
_FSR                              EXTERNAL      00000000              0
_GPR                              EXTERNAL      00000000              0
_HIRCTRM                          EXTERNAL      00000000              0
gpasm-1.5.0 #1284 (Oct 14 2022)  function.asm   05/05/25  10:34:45          PAGE 13


SYMBOL TABLE
  LABEL                              TYPE        VALUE         VALUE          VALUE
                                                 (hex)         (dec)          (text)

_HS_OSC                           CONSTANT      00003FFD          16381
_INDF                             EXTERNAL      00000000              0
_INTECON                          EXTERNAL      00000000              0
_INTECONbits                      EXTERNAL      00000000              0
_INTFLAG                          EXTERNAL      00000000              0
_INTFLAGbits                      EXTERNAL      00000000              0
_INTOSCIO                         CONSTANT      00003FFC          16380
_INTRC_OSC_NOCLKOUT               CONSTANT      00003FFC          16380
_IOCB                             EXTERNAL      00000000              0
_IOCBbits                         EXTERNAL      00000000              0
_LP_OSC                           CONSTANT      00003CFF          15615
_MaxLight                         EXTERNAL      00000000              0
_ODCON                            EXTERNAL      00000000              0
_ODCONbits                        EXTERNAL      00000000              0
_OPTION                           EXTERNAL      00000000              0
_OPTIONbits                       EXTERNAL      00000000              0
_OSCCON                           EXTERNAL      00000000              0
_OSCCONbits                       EXTERNAL      00000000              0
_PCL                              EXTERNAL      00000000              0
_PCLATH                           EXTERNAL      00000000              0
_PCON                             EXTERNAL      00000000              0
_PCONbits                         EXTERNAL      00000000              0
_PDCON                            EXTERNAL      00000000              0
_PDCON1                           EXTERNAL      00000000              0
_PDCON1bits                       EXTERNAL      00000000              0
_PDCONbits                        EXTERNAL      00000000              0
_PHCON                            EXTERNAL      00000000              0
_PHCONbits                        EXTERNAL      00000000              0
_PORTB                            EXTERNAL      00000000              0
_PORTBbits                        EXTERNAL      00000000              0
_PWM0P                            EXTERNAL      00000000              0
_PWM1P                            EXTERNAL      00000000              0
_PWM2P                            EXTERNAL      00000000              0
_PWMCON                           EXTERNAL      00000000              0
_PWMCONbits                       EXTERNAL      00000000              0
_RAMP                             EXTERNAL      00000000              0
_RAMPbits                         EXTERNAL      00000000              0
_STATUS                           EXTERNAL      00000000              0
_STATUSbits                       EXTERNAL      00000000              0
_ScanKey                          EXTERNAL      00000000              0
_SleepCount                       EXTERNAL      00000000              0
_SleepFlag                        EXTERNAL      00000000              0
_T0                               EXTERNAL      00000000              0
_T0CR                             EXTERNAL      00000000              0
_T0CRbits                         EXTERNAL      00000000              0
_T1                               EXTERNAL      00000000              0
_T1CON                            EXTERNAL      00000000              0
_T1CONbits                        EXTERNAL      00000000              0
_T1LOAD                           EXTERNAL      00000000              0
_TRISB                            EXTERNAL      00000000              0
_TRISBbits                        EXTERNAL      00000000              0
_TempCount                        EXTERNAL      00000000              0
gpasm-1.5.0 #1284 (Oct 14 2022)  function.asm   05/05/25  10:34:45          PAGE 14


SYMBOL TABLE
  LABEL                              TYPE        VALUE         VALUE          VALUE
                                                 (hex)         (dec)          (text)

_TempFlag                         EXTERNAL      00000000              0
_WDTE_OFF                         CONSTANT      00003FFB          16379
_WDTE_ON                          CONSTANT      00003FFF          16383
_WDT_OFF                          CONSTANT      00003FFB          16379
_WDT_ON                           CONSTANT      00003FFF          16383
_XT_OSC                           CONSTANT      00003DFF          15871
__14_BIT                          CONSTANT      00000001              1
__18P018A0                        CONSTANT      00000001              1
__ACTIVE_BANK_ADDR                VARIABLE      FFFFFFFF             -1
__ACTIVE_PAGE_ADDR                VARIABLE      FFFFFFFF             -1
__ASSUMED_BANK_ADDR               VARIABLE      00000000              0
__BANK_0                          CONSTANT      00000000              0
__BANK_BITS                       CONSTANT      00000080            128
__BANK_FIRST                      CONSTANT      00000000              0
__BANK_INV                        CONSTANT      FFFFFFFF             -1
__BANK_LAST                       CONSTANT      00000000              0
__BANK_MASK                       CONSTANT      0000007F            127
__BANK_SHIFT                      CONSTANT      00000007              7
__BANK_SIZE                       CONSTANT      00000080            128
__CODE_END                        CONSTANT      000003FF           1023
__CODE_START                      CONSTANT      00000000              0
__CONFIG_END                      CONSTANT      00002003           8195
__CONFIG_START                    CONSTANT      00002000           8192
__GPUTILS_SVN_VERSION             CONSTANT      00000504           1284
__GPUTILS_VERSION_MAJOR           CONSTANT      00000001              1
__GPUTILS_VERSION_MICRO           CONSTANT      00000000              0
__GPUTILS_VERSION_MINOR           CONSTANT      00000005              5
__IDLOCS_END                      CONSTANT      00002005           8197
__IDLOCS_START                    CONSTANT      00002004           8196
__NUM_BANKS                       CONSTANT      00000001              1
__PAGE_BITS                       CONSTANT      00001800           6144
__PAGE_INV                        CONSTANT      FFFFFFFF             -1
__PAGE_MASK                       CONSTANT      00000000              0
__PAGE_SHIFT                      CONSTANT      0000000B             11
__PAGE_SIZE                       CONSTANT      00000000              0
__VECTOR_INT                      CONSTANT      00000008              8
__VECTOR_RESET                    CONSTANT      00000000              0
__WHILE_LOOP_COUNT_MAX            CONSTANT      000000FF            255
_g_ucTimer10msCount               EXTERNAL      00000000              0
_g_ucTimerWorkCount               EXTERNAL      00000000              0
r0x1002                           STATIC        00000000              0
r0x1003                           STATIC        00000001              1
r0x1004                           STATIC        00000002              2

Errors   :     0
Warnings :     0 reported,     0 suppressed
Messages :     1 reported,     0 suppressed

