gpasm-1.5.0 #1284 (Oct 14 2022)       key.asm   04/30/25  13:40:46          PAGE  1


LOC    OBJECT CODE    LINE  SOURCE TEXT
  VALUE

                      00001 ;--------------------------------------------------------
                      00002 ; File Created by SDCC : free open source ANSI-C Compiler
                      00003 ; Version 3.6.0 #9615 (CYGWIN)
                      00004 ;--------------------------------------------------------
                      00005 ; PIC port for the 14-bit core
                      00006 ;--------------------------------------------------------
                      00007 ;       .file   "key.c"
                      00008         list    p=18p018a0
                      00009         radix dec
                      00010         include "p18p018a0.inc"
                      00001        LIST
                      00002 
                      00003 ;==========================================================================
                      00004 ; Build date : Jun 02 2017
                      00005 ;  HCIDE HC18P018A0 processor include
                      00006 ; 
                      00007 ;  (c) Copyright 2012-2021 Holychip Technology, All rights reserved
                      00008 ;==========================================================================
                      00009 
Message[301]: MESSAGE: "Processor-header file mismatch.  Verify selected processor."
                      00378         LIST
                      00011 ;--------------------------------------------------------
                      00012 ; external declarations
                      00013 ;--------------------------------------------------------
  0000                00014         extern  _ControlLevelLow
  0000                00015         extern  _ControlLevelHigh
  0000                00016         extern  _ControlLevel
  0000                00017         extern  _ControlFlash
  0000                00018         extern  _ControlSos
  0000                00019         extern  _LedDisplay
  0000                00020         extern  _LedOn
  0000                00021         extern  _LedOff
  0000                00022         extern  _MotoDisplay
  0000                00023         extern  _LedSwitch
  0000                00024         extern  _MotoSwitch
  0000                00025         extern  _PowOn
  0000                00026         extern  _PowOff
  0000                00027         extern  _CountdownDisplay
  0000                00028         extern  _STATUSbits
  0000                00029         extern  _PORTBbits
  0000                00030         extern  _PCONbits
  0000                00031         extern  _IOCBbits
  0000                00032         extern  _PDCONbits
  0000                00033         extern  _ODCONbits
  0000                00034         extern  _PHCONbits
  0000                00035         extern  _INTECONbits
  0000                00036         extern  _INTFLAGbits
  0000                00037         extern  _OPTIONbits
  0000                00038         extern  _TRISBbits
  0000                00039         extern  _PWMCONbits
  0000                00040         extern  _T0CRbits
  0000                00041         extern  _T1CONbits
  0000                00042         extern  _OSCCONbits
gpasm-1.5.0 #1284 (Oct 14 2022)       key.asm   04/30/25  13:40:46          PAGE  2


LOC    OBJECT CODE    LINE  SOURCE TEXT
  VALUE

  0000                00043         extern  _CMPCRbits
  0000                00044         extern  _PDCON1bits
  0000                00045         extern  _CHARGE0bits
  0000                00046         extern  _CHARGE1bits
  0000                00047         extern  _RAMPbits
  0000                00048         extern  _AUXRbits
  0000                00049         extern  _BITS_DATA0
  0000                00050         extern  _BITS_DATA1
  0000                00051         extern  _g_ucTimer10msCount
  0000                00052         extern  _g_ucTimerWorkCount
  0000                00053         extern  _TempCount
  0000                00054         extern  _TempFlag
  0000                00055         extern  _SleepCount
  0000                00056         extern  _SleepFlag
  0000                00057         extern  _MaxLight
  0000                00058         extern  _INDF
  0000                00059         extern  _T0
  0000                00060         extern  _PCL
  0000                00061         extern  _STATUS
  0000                00062         extern  _FSR
  0000                00063         extern  _PORTB
  0000                00064         extern  _GPR
  0000                00065         extern  _PCON
  0000                00066         extern  _IOCB
  0000                00067         extern  _PCLATH
  0000                00068         extern  _PDCON
  0000                00069         extern  _ODCON
  0000                00070         extern  _PHCON
  0000                00071         extern  _INTECON
  0000                00072         extern  _INTFLAG
  0000                00073         extern  _OPTION
  0000                00074         extern  _TRISB
  0000                00075         extern  _PWMCON
  0000                00076         extern  _PWM1P
  0000                00077         extern  _PWM2P
  0000                00078         extern  _T0CR
  0000                00079         extern  _T1CON
  0000                00080         extern  _T1
  0000                00081         extern  _T1LOAD
  0000                00082         extern  _PWM0P
  0000                00083         extern  _OSCCON
  0000                00084         extern  _CMPCR
  0000                00085         extern  _PDCON1
  0000                00086         extern  _CHARGE0
  0000                00087         extern  _CHARGE1
  0000                00088         extern  _RAMP
  0000                00089         extern  _AUXR
  0000                00090         extern  _HIRCTRM
                      00091 
  0000                00092         extern PSAVE
  0000                00093         extern SSAVE
  0000                00094         extern WSAVE
  0000                00095         extern STK12
gpasm-1.5.0 #1284 (Oct 14 2022)       key.asm   04/30/25  13:40:46          PAGE  3


LOC    OBJECT CODE    LINE  SOURCE TEXT
  VALUE

  0000                00096         extern STK11
  0000                00097         extern STK10
  0000                00098         extern STK09
  0000                00099         extern STK08
  0000                00100         extern STK07
  0000                00101         extern STK06
  0000                00102         extern STK05
  0000                00103         extern STK04
  0000                00104         extern STK03
  0000                00105         extern STK02
  0000                00106         extern STK01
  0000                00107         extern STK00
                      00108 ;--------------------------------------------------------
                      00109 ; global declarations
                      00110 ;--------------------------------------------------------
  0000                00111         global  _ScanKey
  0000                00112         global  _longpress_cnt
  0000                00113         global  _clink_event
  0000                00114         global  _long_f
  0000                00115         global  _holdOn_f
                      00116 
                      00117 ;--------------------------------------------------------
                      00118 ; global definitions
                      00119 ;--------------------------------------------------------
                      00120 ;--------------------------------------------------------
                      00121 ; absolute symbol definitions
                      00122 ;--------------------------------------------------------
                      00123 ;--------------------------------------------------------
                      00124 ; compiler-defined variables
                      00125 ;--------------------------------------------------------
                      00126 UDL_key_0       udata
0000                  00127 r0x1006 res     1
0001                  00128 r0x1007 res     1
                      00129 ;--------------------------------------------------------
                      00130 ; initialized data
                      00131 ;--------------------------------------------------------
                      00132 
                      00133 ID_key_0        idata
0000                  00134 _longpress_cnt
0000   00 00          00135         db      0x00, 0x00
                      00136 
                      00137 
                      00138 ID_key_1        idata
0000                  00139 _clink_event
0000   00             00140         db      0x00
                      00141 
                      00142 
                      00143 ID_key_2        idata
0000                  00144 _long_f
0000   00             00145         db      0x00
                      00146 
                      00147 
                      00148 ID_key_3        idata
gpasm-1.5.0 #1284 (Oct 14 2022)       key.asm   04/30/25  13:40:46          PAGE  4


LOC    OBJECT CODE    LINE  SOURCE TEXT
  VALUE

0000                  00149 _holdOn_f
0000   00             00150         db      0x00
                      00151 
                      00152 ;--------------------------------------------------------
                      00153 ; overlayable items in internal ram 
                      00154 ;--------------------------------------------------------
                      00155 ;       udata_ovr
                      00156 ;--------------------------------------------------------
                      00157 ; code
                      00158 ;--------------------------------------------------------
                      00159 code_key        code
                      00160 ;***
                      00161 ;  pBlock Stats: dbName = C
                      00162 ;***
                      00163 ;has an exit
                      00164 ;functions called:
                      00165 ;   _PowOn
                      00166 ;   _LedSwitch
                      00167 ;   _MotoSwitch
                      00168 ;   _PowOn
                      00169 ;   _PowOff
                      00170 ;   _PowOff
                      00171 ;   _PowOn
                      00172 ;   _LedSwitch
                      00173 ;   _MotoSwitch
                      00174 ;   _PowOn
                      00175 ;   _PowOff
                      00176 ;   _PowOff
                      00177 ;2 compiler assigned registers:
                      00178 ;   r0x1006
                      00179 ;   r0x1007
                      00180 ;; Starting pCode block
                      00181 ;;[ICODE] key.c:11:  _entry($41) :
                      00182 ;;[ICODE] key.c:11:     proc _ScanKey [k1 lr0:0 so:0]{ ia0 a2p0 re0 rm0 nos0 ru0 dp0}{void function ( ) 
                            fixed}
                      00183 S_key__ScanKey  code
0000                  00184 _ScanKey:
                      00185 ; 2 exit points
                      00186 ;;[ICODE] key.c:14:     iTemp1 [k5 lr3:5 so:0]{ ia0 a2p0 re0 rm1 nos0 ru0 dp0}{volatile-unsigned-bitfiel
                            d {2,1} near* fixed}[remat] = &[_PORTBbits [k2 lr0:0 so:0]{ ia0 a2p0 re0 rm0 nos0 ru0 dp0}{volatile-stru
                            ct __00000005 fixed} , 0x0 {const-unsigned-char literal}]
                      00187 ;;[ICODE] key.c:14:     iTemp2 [k6 lr5:6 so:0]{ ia0 a2p0 re0 rm0 nos0 ru0 dp0}{volatile-unsigned-bitfiel
                            d {2,1} fixed}[r0x104A ] = @[iTemp1 [k5 lr3:5 so:0]{ ia1 a2p0 re0 rm1 nos0 ru0 dp0}{volatile-unsigned-bi
                            tfield {2,1} near* fixed}[remat] + 0x0 {const-unsigned-char literal}]
                      00188 ;       .line   14; "key.c"     if(PORT_KEY_1 == 0 || PORT_KEY_2 == 0 || PORT_KEY_3 == 1 )
0000   31??           00189         BTFSS   _PORTBbits,2
0001   2???           00190         GOTO    _00139_DS_
                      00191 ;;[ICODE] key.c:14:     if iTemp2 [k6 lr5:6 so:0]{ ia0 a2p0 re0 rm0 nos0 ru0 dp0}{volatile-unsigned-bitf
                            ield {2,1} fixed}[r0x104A ] == 0 goto __iftrue_14($35)
                      00192 ;;[ICODE] key.c:14:     iTemp4 [k9 lr7:9 so:0]{ ia0 a2p0 re0 rm1 nos0 ru0 dp0}{volatile-unsigned-bitfiel
                            d {4,1} near* fixed}[remat] = &[_PORTBbits [k2 lr0:0 so:0]{ ia0 a2p0 re0 rm0 nos0 ru0 dp0}{volatile-stru
                            ct __00000005 fixed} , 0x0 {const-unsigned-char literal}]
                      00193 ;;[ICODE] key.c:14:     iTemp5 [k10 lr9:10 so:0]{ ia0 a2p0 re0 rm0 nos0 ru0 dp0}{volatile-unsigned-bitfi
gpasm-1.5.0 #1284 (Oct 14 2022)       key.asm   04/30/25  13:40:46          PAGE  5


LOC    OBJECT CODE    LINE  SOURCE TEXT
  VALUE

                            eld {4,1} fixed}[r0x104A ] = @[iTemp4 [k9 lr7:9 so:0]{ ia1 a2p0 re0 rm1 nos0 ru0 dp0}{volatile-unsigned-
                            bitfield {4,1} near* fixed}[remat] + 0x0 {const-unsigned-char literal}]
0002   32??           00194         BTFSS   _PORTBbits,4
0003   2???           00195         GOTO    _00139_DS_
                      00196 ;;[ICODE] key.c:14:     if iTemp5 [k10 lr9:10 so:0]{ ia0 a2p0 re0 rm0 nos0 ru0 dp0}{volatile-unsigned-bi
                            tfield {4,1} fixed}[r0x104A ] == 0 goto __iftrue_14($35)
                      00197 ;;[ICODE] key.c:14:     iTemp7 [k13 lr11:13 so:0]{ ia0 a2p0 re0 rm1 nos0 ru0 dp0}{volatile-unsigned-bitf
                            ield {5,1} near* fixed}[remat] = &[_PORTBbits [k2 lr0:0 so:0]{ ia0 a2p0 re0 rm0 nos0 ru0 dp0}{volatile-s
                            truct __00000005 fixed} , 0x0 {const-unsigned-char literal}]
                      00198 ;;[ICODE] key.c:14:     iTemp8 [k14 lr13:14 so:0]{ ia0 a2p0 re0 rm0 nos0 ru0 dp0}{volatile-unsigned-bitf
                            ield {5,1} fixed}[r0x104A ] = @[iTemp7 [k13 lr11:13 so:0]{ ia1 a2p0 re0 rm1 nos0 ru0 dp0}{volatile-unsig
                            ned-bitfield {5,1} near* fixed}[remat] + 0x0 {const-unsigned-char literal}]
0004   18??           00199         CLRF    r0x1006
0005   36??           00200         BTFSC   _PORTBbits,5
0006   13??           00201         INCF    r0x1006,F
                      00202 ;;[ICODE] key.c:14:     iTemp9 [k15 lr14:15 so:0]{ ia0 a2p0 re0 rm0 nos0 ru0 dp0}{char fixed}[r0x104B ] 
                            = (char register)iTemp8 [k14 lr13:14 so:0]{ ia0 a2p0 re0 rm0 nos0 ru0 dp0}{volatile-unsigned-bitfield {5
                            ,1} fixed}[r0x104A ]
0007   11??           00203         MOVF    r0x1006,W
0008   19??           00204         MOVWF   r0x1007
0009   0D01           00205         XORLW   0x01
000A   3103           00206         BTFSS   STATUS,2
000B   2???           00207         GOTO    _00140_DS_
                      00208 ;;[ICODE] key.c:14:     if iTemp10 [k16 lr15:16 so:0]{ ia0 a2p0 re0 rm0 nos0 ru0 dp0}{char fixed} == 0 g
                            oto __iffalse_14($36)
                      00209 ;;[ICODE] key.c:14:  __iftrue_14($35) :
                      00210 ;;[ICODE] key.c:17:     iTemp11 [k18 lr18:19 so:0]{ ia0 a2p0 re0 rm0 nos0 ru0 dp0}{char fixed} = _longpr
                            ess_cnt [k17 lr0:0 so:0]{ ia0 a2p0 re0 rm0 nos0 ru0 dp0}{unsigned-int fixed} < 0xffff {const-unsigned-in
                            t literal}
                      00211 ;;unsigned compare: left < lit(0xFFFF=65535), size=2
000C                  00212 _00139_DS_:
                      00213 ;       .line   17; "key.c"     if(longpress_cnt < 0xffff) {
000C   04FF           00214         MOVLW   0xff
000D   1B??           00215         SUBWF   (_longpress_cnt + 1),W
000E   3103           00216         BTFSS   STATUS,2
000F   2???           00217         GOTO    _00194_DS_
0010   04FF           00218         MOVLW   0xff
0011   1B??           00219         SUBWF   _longpress_cnt,W
0012                  00220 _00194_DS_:
0012   3403           00221         BTFSC   STATUS,0
0013   2???           00222         GOTO    _00106_DS_
                      00223 ;;genSkipc:3257: created from rifx:0x782c44
                      00224 ;;[ICODE] key.c:17:     if iTemp11 [k18 lr18:19 so:0]{ ia0 a2p0 re0 rm0 nos0 ru0 dp0}{char fixed} == 0 g
                            oto __iffalse_0($2)
                      00225 ;;[ICODE] key.c:18:     _longpress_cnt [k17 lr0:0 so:0]{ ia1 a2p0 re0 rm0 nos0 ru0 dp0}{unsigned-int fix
                            ed} = _longpress_cnt [k17 lr0:0 so:0]{ ia1 a2p0 re0 rm0 nos0 ru0 dp0}{unsigned-int fixed} + 0x1 {const-u
                            nsigned-char literal}
                      00226 ;       .line   18; "key.c"     longpress_cnt++;
0014   13??           00227         INCF    _longpress_cnt,F
0015   3503           00228         BTFSC   STATUS,2
0016   13??           00229         INCF    (_longpress_cnt + 1),F
                      00230 ;;[ICODE] key.c:18:  __iffalse_0($2) :
                      00231 ;;[ICODE] key.c:21:     iTemp15 [k22 lr23:24 so:0]{ ia0 a2p0 re0 rm0 nos0 ru0 dp0}{char fixed} = _longpr
gpasm-1.5.0 #1284 (Oct 14 2022)       key.asm   04/30/25  13:40:46          PAGE  6


LOC    OBJECT CODE    LINE  SOURCE TEXT
  VALUE

                            ess_cnt [k17 lr0:0 so:0]{ ia0 a2p0 re0 rm0 nos0 ru0 dp0}{unsigned-int fixed} < 0x50 {unsigned-int litera
                            l}
                      00232 ;;unsigned compare: left < lit(0x50=80), size=2
0017                  00233 _00106_DS_:
                      00234 ;       .line   21; "key.c"     if(longpress_cnt < 80){
0017   0400           00235         MOVLW   0x00
0018   1B??           00236         SUBWF   (_longpress_cnt + 1),W
0019   3103           00237         BTFSS   STATUS,2
001A   2???           00238         GOTO    _00195_DS_
001B   0450           00239         MOVLW   0x50
001C   1B??           00240         SUBWF   _longpress_cnt,W
001D                  00241 _00195_DS_:
001D   3403           00242         BTFSC   STATUS,0
001E   2???           00243         GOTO    _00116_DS_
                      00244 ;;genSkipc:3257: created from rifx:0x782c44
                      00245 ;;[ICODE] key.c:21:     if iTemp15 [k22 lr23:24 so:0]{ ia0 a2p0 re0 rm0 nos0 ru0 dp0}{char fixed} == 0 g
                            oto __iffalse_4($12)
                      00246 ;;[ICODE] key.c:24:     iTemp17 [k25 lr25:27 so:0]{ ia0 a2p0 re0 rm1 nos0 ru0 dp0}{volatile-unsigned-bit
                            field {2,1} near* fixed}[remat] = &[_PORTBbits [k2 lr0:0 so:0]{ ia0 a2p0 re0 rm0 nos0 ru0 dp0}{volatile-
                            struct __00000005 fixed} , 0x0 {const-unsigned-char literal}]
                      00247 ;;[ICODE] key.c:24:     iTemp18 [k26 lr27:28 so:0]{ ia0 a2p0 re0 rm0 nos0 ru0 dp0}{volatile-unsigned-bit
                            field {2,1} fixed}[r0x104A ] = @[iTemp17 [k25 lr25:27 so:0]{ ia1 a2p0 re0 rm1 nos0 ru0 dp0}{volatile-uns
                            igned-bitfield {2,1} near* fixed}[remat] + 0x0 {const-unsigned-char literal}]
                      00248 ;       .line   24; "key.c"     if(PORT_KEY_1 == 0) {
001F   35??           00249         BTFSC   _PORTBbits,2
0020   2???           00250         GOTO    _00113_DS_
                      00251 ;;[ICODE] key.c:24:     if iTemp18 [k26 lr27:28 so:0]{ ia0 a2p0 re0 rm0 nos0 ru0 dp0}{volatile-unsigned-
                            bitfield {2,1} fixed}[r0x104A ] != 0 goto __iffalse_3($9)
                      00252 ;;[ICODE] key.c:26:     _clink_event [k27 lr0:0 so:0]{ ia1 a2p0 re0 rm0 nos0 ru0 dp0}{unsigned-char fixe
                            d} := 0x1 {const-unsigned-char literal}
                      00253 ;       .line   26; "key.c"     clink_event = 1;  //??
0021   0401           00254         MOVLW   0x01
0022   19??           00255         MOVWF   _clink_event
                      00256 ;;[ICODE] key.c:26:      goto __iffalse_4($12)
0023   2???           00257         GOTO    _00116_DS_
                      00258 ;;[ICODE] key.c:26:  __iffalse_3($9) :
                      00259 ;;[ICODE] key.c:28:     iTemp21 [k31 lr32:34 so:0]{ ia0 a2p0 re0 rm1 nos0 ru0 dp0}{volatile-unsigned-bit
                            field {4,1} near* fixed}[remat] = &[_PORTBbits [k2 lr0:0 so:0]{ ia0 a2p0 re0 rm0 nos0 ru0 dp0}{volatile-
                            struct __00000005 fixed} , 0x0 {const-unsigned-char literal}]
                      00260 ;;[ICODE] key.c:28:     iTemp22 [k32 lr34:35 so:0]{ ia0 a2p0 re0 rm0 nos0 ru0 dp0}{volatile-unsigned-bit
                            field {4,1} fixed}[r0x104A ] = @[iTemp21 [k31 lr32:34 so:0]{ ia1 a2p0 re0 rm1 nos0 ru0 dp0}{volatile-uns
                            igned-bitfield {4,1} near* fixed}[remat] + 0x0 {const-unsigned-char literal}]
0024                  00261 _00113_DS_:
                      00262 ;       .line   28; "key.c"     } else if(PORT_KEY_2 == 0) {
0024   36??           00263         BTFSC   _PORTBbits,4
0025   2???           00264         GOTO    _00110_DS_
                      00265 ;;[ICODE] key.c:28:     if iTemp22 [k32 lr34:35 so:0]{ ia0 a2p0 re0 rm0 nos0 ru0 dp0}{volatile-unsigned-
                            bitfield {4,1} fixed}[r0x104A ] != 0 goto __iffalse_2($6)
                      00266 ;;[ICODE] key.c:30:     _clink_event [k27 lr0:0 so:0]{ ia1 a2p0 re0 rm0 nos0 ru0 dp0}{unsigned-char fixe
                            d} := 0x2 {const-unsigned-char literal}
                      00267 ;       .line   30; "key.c"     clink_event = 2; //???
0026   0402           00268         MOVLW   0x02
0027   19??           00269         MOVWF   _clink_event
gpasm-1.5.0 #1284 (Oct 14 2022)       key.asm   04/30/25  13:40:46          PAGE  7


LOC    OBJECT CODE    LINE  SOURCE TEXT
  VALUE

                      00270 ;;[ICODE] key.c:30:      goto __iffalse_4($12)
0028   2???           00271         GOTO    _00116_DS_
                      00272 ;;[ICODE] key.c:30:  __iffalse_2($6) :
                      00273 ;;[ICODE] key.c:32:     iTemp25 [k36 lr39:41 so:0]{ ia0 a2p0 re0 rm1 nos0 ru0 dp0}{volatile-unsigned-bit
                            field {5,1} near* fixed}[remat] = &[_PORTBbits [k2 lr0:0 so:0]{ ia0 a2p0 re0 rm0 nos0 ru0 dp0}{volatile-
                            struct __00000005 fixed} , 0x0 {const-unsigned-char literal}]
                      00274 ;;[ICODE] key.c:32:     iTemp26 [k37 lr41:42 so:0]{ ia0 a2p0 re0 rm0 nos0 ru0 dp0}{volatile-unsigned-bit
                            field {5,1} fixed}[r0x104A ] = @[iTemp25 [k36 lr39:41 so:0]{ ia1 a2p0 re0 rm1 nos0 ru0 dp0}{volatile-uns
                            igned-bitfield {5,1} near* fixed}[remat] + 0x0 {const-unsigned-char literal}]
0029                  00275 _00110_DS_:
                      00276 ;       .line   32; "key.c"     } else if(PORT_KEY_3 == 1) {
0029   18??           00277         CLRF    r0x1006
002A   36??           00278         BTFSC   _PORTBbits,5
002B   13??           00279         INCF    r0x1006,F
                      00280 ;;[ICODE] key.c:32:     iTemp27 [k38 lr42:43 so:0]{ ia0 a2p0 re0 rm0 nos0 ru0 dp0}{char fixed}[r0x104B ]
                             = (char register)iTemp26 [k37 lr41:42 so:0]{ ia0 a2p0 re0 rm0 nos0 ru0 dp0}{volatile-unsigned-bitfield 
                            {5,1} fixed}[r0x104A ]
002C   11??           00281         MOVF    r0x1006,W
002D   19??           00282         MOVWF   r0x1007
002E   0D01           00283         XORLW   0x01
002F   3103           00284         BTFSS   STATUS,2
0030   2???           00285         GOTO    _00116_DS_
                      00286 ;;[ICODE] key.c:32:     if iTemp28 [k39 lr43:44 so:0]{ ia0 a2p0 re0 rm0 nos0 ru0 dp0}{char fixed} == 0 g
                            oto __iffalse_4($12)
                      00287 ;;[ICODE] key.c:34:     _clink_event [k27 lr0:0 so:0]{ ia1 a2p0 re0 rm0 nos0 ru0 dp0}{unsigned-char fixe
                            d} := 0x3 {const-unsigned-char literal}
                      00288 ;       .line   34; "key.c"     clink_event = 3; //???
0031   0403           00289         MOVLW   0x03
0032   19??           00290         MOVWF   _clink_event
                      00291 ;;[ICODE] key.c:34:  __iffalse_4($12) :
                      00292 ;;[ICODE] key.c:41:     iTemp30 [k41 lr47:48 so:0]{ ia0 a2p0 re0 rm0 nos0 ru0 dp0}{bit fixed} = _longpre
                            ss_cnt [k17 lr0:0 so:0]{ ia0 a2p0 re0 rm0 nos0 ru0 dp0}{unsigned-int fixed} < 0x64 {unsigned-int literal
                            }
                      00293 ;;unsigned compare: left < lit(0x64=100), size=2
0033                  00294 _00116_DS_:
                      00295 ;       .line   41; "key.c"     if(longpress_cnt >= 100){
0033   0400           00296         MOVLW   0x00
0034   1B??           00297         SUBWF   (_longpress_cnt + 1),W
0035   3103           00298         BTFSS   STATUS,2
0036   2???           00299         GOTO    _00196_DS_
0037   0464           00300         MOVLW   0x64
0038   1B??           00301         SUBWF   _longpress_cnt,W
0039                  00302 _00196_DS_:
0039   3003           00303         BTFSS   STATUS,0
003A   2???           00304         GOTO    _00144_DS_
                      00305 ;;genSkipc:3257: created from rifx:0x782c44
                      00306 ;;[ICODE] key.c:41:     if iTemp30 [k41 lr47:48 so:0]{ ia0 a2p0 re0 rm0 nos0 ru0 dp0}{bit fixed} != 0 go
                            to _return($40)
                      00307 ;;[ICODE] key.c:43:     _clink_event [k27 lr0:0 so:0]{ ia1 a2p0 re0 rm0 nos0 ru0 dp0}{unsigned-char fixe
                            d} := 0x0 {const-unsigned-char literal}
                      00308 ;       .line   43; "key.c"     clink_event = 0;
003B   18??           00309         CLRF    _clink_event
                      00310 ;;[ICODE] key.c:45:     iTemp33 [k45 lr50:52 so:0]{ ia0 a2p0 re0 rm1 nos0 ru0 dp0}{volatile-unsigned-bit
gpasm-1.5.0 #1284 (Oct 14 2022)       key.asm   04/30/25  13:40:46          PAGE  8


LOC    OBJECT CODE    LINE  SOURCE TEXT
  VALUE

                            field {5,1} near* fixed}[remat] = &[_PORTBbits [k2 lr0:0 so:0]{ ia0 a2p0 re0 rm0 nos0 ru0 dp0}{volatile-
                            struct __00000005 fixed} , 0x0 {const-unsigned-char literal}]
                      00311 ;;[ICODE] key.c:45:     iTemp34 [k46 lr52:53 so:0]{ ia0 a2p0 re0 rm0 nos0 ru0 dp0}{volatile-unsigned-bit
                            field {5,1} fixed}[r0x104A ] = @[iTemp33 [k45 lr50:52 so:0]{ ia1 a2p0 re0 rm1 nos0 ru0 dp0}{volatile-uns
                            igned-bitfield {5,1} near* fixed}[remat] + 0x0 {const-unsigned-char literal}]
                      00312 ;       .line   45; "key.c"     if(PORT_KEY_3 == 1){
003C   18??           00313         CLRF    r0x1006
003D   36??           00314         BTFSC   _PORTBbits,5
003E   13??           00315         INCF    r0x1006,F
                      00316 ;;[ICODE] key.c:45:     iTemp35 [k47 lr53:54 so:0]{ ia0 a2p0 re0 rm0 nos0 ru0 dp0}{char fixed}[r0x104B ]
                             = (char register)iTemp34 [k46 lr52:53 so:0]{ ia0 a2p0 re0 rm0 nos0 ru0 dp0}{volatile-unsigned-bitfield 
                            {5,1} fixed}[r0x104A ]
003F   11??           00317         MOVF    r0x1006,W
0040   19??           00318         MOVWF   r0x1007
0041   0D01           00319         XORLW   0x01
0042   3103           00320         BTFSS   STATUS,2
0043   2???           00321         GOTO    _00144_DS_
                      00322 ;;[ICODE] key.c:45:     if iTemp36 [k48 lr54:55 so:0]{ ia0 a2p0 re0 rm0 nos0 ru0 dp0}{char fixed} == 0 g
                            oto _return($40)
                      00323 ;;[ICODE] key.c:46:     _long_f [k49 lr0:0 so:0]{ ia1 a2p0 re0 rm0 nos0 ru0 dp0}{unsigned-char fixed} :=
                             0x1 {const-unsigned-char literal}
                      00324 ;       .line   46; "key.c"     long_f = 1;
0044   0401           00325         MOVLW   0x01
0045   19??           00326         MOVWF   _long_f
                      00327 ;;[ICODE] key.c:47:     iTemp38 [k52 lr57:57 so:0]{ ia0 a2p0 re0 rm0 nos0 ru0 dp0}{void fixed} = call _P
                            owOn [k51 lr0:0 so:0]{ ia0 a2p0 re0 rm0 nos0 ru0 dp0}{void function ( ) fixed}
                      00328 ;       .line   47; "key.c"     PowOn();
0046   2???           00329         CALL    _PowOn
                      00330 ;;[ICODE] key.c:48:     _g_ucTimerWorkCount [k53 lr0:0 so:0]{ ia1 a2p0 re0 rm0 nos0 ru0 dp0}{unsigned-ch
                            ar fixed} = _g_ucTimerWorkCount [k53 lr0:0 so:0]{ ia1 a2p0 re0 rm0 nos0 ru0 dp0}{unsigned-char fixed} + 
                            0x1 {const-unsigned-char literal}
                      00331 ;       .line   48; "key.c"     g_ucTimerWorkCount++;  //10ms
0047   13??           00332         INCF    _g_ucTimerWorkCount,F
                      00333 ;;[ICODE] key.c:48:      goto _return($40)
0048   2???           00334         GOTO    _00144_DS_
                      00335 ;;[ICODE] key.c:48:  __iffalse_14($36) :
                      00336 ;;[ICODE] key.c:56:     _longpress_cnt [k17 lr0:0 so:0]{ ia1 a2p0 re0 rm0 nos0 ru0 dp0}{unsigned-int fix
                            ed} := 0x0 {unsigned-int literal}
0049                  00337 _00140_DS_:
                      00338 ;       .line   56; "key.c"     longpress_cnt = 0;
0049   18??           00339         CLRF    _longpress_cnt
004A   18??           00340         CLRF    (_longpress_cnt + 1)
                      00341 ;;[ICODE] key.c:58:     iTemp43 [k58 lr63:64 so:0]{ ia0 a2p0 re0 rm0 nos0 ru0 dp0}{char fixed} = _clink_
                            event [k27 lr0:0 so:0]{ ia0 a2p0 re0 rm0 nos0 ru0 dp0}{unsigned-char fixed} == 0x1 {const-unsigned-char 
                            literal}
                      00342 ;       .line   58; "key.c"     if(clink_event == 1){
004B   11??           00343         MOVF    _clink_event,W
004C   0D01           00344         XORLW   0x01
004D   3103           00345         BTFSS   STATUS,2
004E   2???           00346         GOTO    _00127_DS_
                      00347 ;;[ICODE] key.c:58:     if iTemp43 [k58 lr63:64 so:0]{ ia0 a2p0 re0 rm0 nos0 ru0 dp0}{char fixed} == 0 g
                            oto __iffalse_9($23)
                      00348 ;;[ICODE] key.c:60:     _clink_event [k27 lr0:0 so:0]{ ia1 a2p0 re0 rm0 nos0 ru0 dp0}{unsigned-char fixe
gpasm-1.5.0 #1284 (Oct 14 2022)       key.asm   04/30/25  13:40:46          PAGE  9


LOC    OBJECT CODE    LINE  SOURCE TEXT
  VALUE

                            d} := 0x0 {const-unsigned-char literal}
                      00349 ;       .line   60; "key.c"     clink_event = 0;
004F   18??           00350         CLRF    _clink_event
                      00351 ;;[ICODE] key.c:61:     iTemp45 [k61 lr66:66 so:0]{ ia0 a2p0 re0 rm0 nos0 ru0 dp0}{void fixed} = call _L
                            edSwitch [k60 lr0:0 so:0]{ ia0 a2p0 re0 rm0 nos0 ru0 dp0}{void function ( ) fixed}
                      00352 ;       .line   61; "key.c"     LedSwitch();
0050   2???           00353         CALL    _LedSwitch
                      00354 ;;[ICODE] key.c:61:      goto __ifend_9($24)
0051   2???           00355         GOTO    _00128_DS_
                      00356 ;;[ICODE] key.c:61:  __iffalse_9($23) :
                      00357 ;;[ICODE] key.c:62:     iTemp46 [k62 lr69:70 so:0]{ ia0 a2p0 re0 rm0 nos0 ru0 dp0}{char fixed} = _clink_
                            event [k27 lr0:0 so:0]{ ia0 a2p0 re0 rm0 nos0 ru0 dp0}{unsigned-char fixed} == 0x2 {const-unsigned-char 
                            literal}
0052                  00358 _00127_DS_:
                      00359 ;       .line   62; "key.c"     } else if(clink_event == 2){
0052   11??           00360         MOVF    _clink_event,W
0053   0D02           00361         XORLW   0x02
0054   3103           00362         BTFSS   STATUS,2
0055   2???           00363         GOTO    _00124_DS_
                      00364 ;;[ICODE] key.c:62:     if iTemp46 [k62 lr69:70 so:0]{ ia0 a2p0 re0 rm0 nos0 ru0 dp0}{char fixed} == 0 g
                            oto __iffalse_8($20)
                      00365 ;;[ICODE] key.c:63:     _clink_event [k27 lr0:0 so:0]{ ia1 a2p0 re0 rm0 nos0 ru0 dp0}{unsigned-char fixe
                            d} := 0x0 {const-unsigned-char literal}
                      00366 ;       .line   63; "key.c"     clink_event = 0;
0056   18??           00367         CLRF    _clink_event
                      00368 ;;[ICODE] key.c:65:     iTemp48 [k65 lr72:72 so:0]{ ia0 a2p0 re0 rm0 nos0 ru0 dp0}{void fixed} = call _M
                            otoSwitch [k64 lr0:0 so:0]{ ia0 a2p0 re0 rm0 nos0 ru0 dp0}{void function ( ) fixed}
                      00369 ;       .line   65; "key.c"     MotoSwitch();
0057   2???           00370         CALL    _MotoSwitch
                      00371 ;;[ICODE] key.c:65:      goto __ifend_9($24)
0058   2???           00372         GOTO    _00128_DS_
                      00373 ;;[ICODE] key.c:65:  __iffalse_8($20) :
                      00374 ;;[ICODE] key.c:66:     iTemp49 [k66 lr75:76 so:0]{ ia0 a2p0 re0 rm0 nos0 ru0 dp0}{char fixed} = _clink_
                            event [k27 lr0:0 so:0]{ ia0 a2p0 re0 rm0 nos0 ru0 dp0}{unsigned-char fixed} == 0x3 {const-unsigned-char 
                            literal}
0059                  00375 _00124_DS_:
                      00376 ;       .line   66; "key.c"     } else if(clink_event == 3){
0059   11??           00377         MOVF    _clink_event,W
005A   0D03           00378         XORLW   0x03
005B   3103           00379         BTFSS   STATUS,2
005C   2???           00380         GOTO    _00128_DS_
                      00381 ;;[ICODE] key.c:66:     if iTemp49 [k66 lr75:76 so:0]{ ia0 a2p0 re0 rm0 nos0 ru0 dp0}{char fixed} == 0 g
                            oto __ifend_9($24)
                      00382 ;;[ICODE] key.c:68:     _clink_event [k27 lr0:0 so:0]{ ia1 a2p0 re0 rm0 nos0 ru0 dp0}{unsigned-char fixe
                            d} := 0x0 {const-unsigned-char literal}
                      00383 ;       .line   68; "key.c"     clink_event = 0;
005D   18??           00384         CLRF    _clink_event
                      00385 ;;[ICODE] key.c:70:     iTemp51 [k68 lr78:78 so:0]{ ia0 a2p0 re0 rm0 nos0 ru0 dp0}{void fixed} = call _P
                            owOn [k51 lr0:0 so:0]{ ia0 a2p0 re0 rm0 nos0 ru0 dp0}{void function ( ) fixed}
                      00386 ;       .line   70; "key.c"     PowOn();
005E   2???           00387         CALL    _PowOn
                      00388 ;;[ICODE] key.c:71:     _g_ucTimerWorkCount [k53 lr0:0 so:0]{ ia1 a2p0 re0 rm0 nos0 ru0 dp0}{unsigned-ch
                            ar fixed} = _g_ucTimerWorkCount [k53 lr0:0 so:0]{ ia1 a2p0 re0 rm0 nos0 ru0 dp0}{unsigned-char fixed} + 
gpasm-1.5.0 #1284 (Oct 14 2022)       key.asm   04/30/25  13:40:46          PAGE 10


LOC    OBJECT CODE    LINE  SOURCE TEXT
  VALUE

                            0x1 {const-unsigned-char literal}
                      00389 ;       .line   71; "key.c"     g_ucTimerWorkCount++;  //10ms
005F   13??           00390         INCF    _g_ucTimerWorkCount,F
                      00391 ;;[ICODE] key.c:72:     _holdOn_f [k72 lr0:0 so:0]{ ia1 a2p0 re0 rm0 nos0 ru0 dp0}{unsigned-char fixed} 
                            := 0x1 {const-unsigned-char literal}
                      00392 ;       .line   72; "key.c"     holdOn_f = 1;
0060   0401           00393         MOVLW   0x01
0061   19??           00394         MOVWF   _holdOn_f
                      00395 ;;[ICODE] key.c:72:  __ifend_9($24) :
                      00396 ;;[ICODE] key.c:76:     if _holdOn_f [k72 lr0:0 so:0]{ ia0 a2p0 re0 rm0 nos0 ru0 dp0}{unsigned-char fixe
                            d} == 0 goto __iffalse_11($29)
0062                  00397 _00128_DS_:
                      00398 ;       .line   76; "key.c"     if(holdOn_f) {
0062   0400           00399         MOVLW   0x00
0063   1D??           00400         IORWF   _holdOn_f,W
0064   3503           00401         BTFSC   STATUS,2
0065   2???           00402         GOTO    _00133_DS_
                      00403 ;;[ICODE] key.c:78:     iTemp56 [k74 lr84:85 so:0]{ ia0 a2p0 re0 rm0 nos0 ru0 dp0}{char fixed} = _g_ucTi
                            merWorkCount [k53 lr0:0 so:0]{ ia0 a2p0 re0 rm0 nos0 ru0 dp0}{unsigned-char fixed} < 0x3c {const-unsigne
                            d-char literal}
                      00404 ;;unsigned compare: left < lit(0x3C=60), size=1
                      00405 ;       .line   78; "key.c"     if(g_ucTimerWorkCount <  60) {
0066   043C           00406         MOVLW   0x3c
0067   1B??           00407         SUBWF   _g_ucTimerWorkCount,W
0068   3403           00408         BTFSC   STATUS,0
0069   2???           00409         GOTO    _00130_DS_
                      00410 ;;genSkipc:3257: created from rifx:0x782c44
                      00411 ;;[ICODE] key.c:78:     if iTemp56 [k74 lr84:85 so:0]{ ia0 a2p0 re0 rm0 nos0 ru0 dp0}{char fixed} == 0 g
                            oto __iffalse_10($26)
                      00412 ;;[ICODE] key.c:79:     _g_ucTimerWorkCount [k53 lr0:0 so:0]{ ia1 a2p0 re0 rm0 nos0 ru0 dp0}{unsigned-ch
                            ar fixed} = _g_ucTimerWorkCount [k53 lr0:0 so:0]{ ia1 a2p0 re0 rm0 nos0 ru0 dp0}{unsigned-char fixed} + 
                            0x1 {const-unsigned-char literal}
                      00413 ;       .line   79; "key.c"     g_ucTimerWorkCount++;
006A   13??           00414         INCF    _g_ucTimerWorkCount,F
                      00415 ;;[ICODE] key.c:79:      goto __iffalse_11($29)
006B   2???           00416         GOTO    _00133_DS_
                      00417 ;;[ICODE] key.c:79:  __iffalse_10($26) :
                      00418 ;;[ICODE] key.c:81:     _holdOn_f [k72 lr0:0 so:0]{ ia1 a2p0 re0 rm0 nos0 ru0 dp0}{unsigned-char fixed} 
                            := 0x0 {const-unsigned-char literal}
006C                  00419 _00130_DS_:
                      00420 ;       .line   81; "key.c"     holdOn_f = 0;
006C   18??           00421         CLRF    _holdOn_f
                      00422 ;;[ICODE] key.c:82:     _g_ucTimerWorkCount [k53 lr0:0 so:0]{ ia1 a2p0 re0 rm0 nos0 ru0 dp0}{unsigned-ch
                            ar fixed} := 0x0 {const-unsigned-char literal}
                      00423 ;       .line   82; "key.c"     g_ucTimerWorkCount = 0;
006D   18??           00424         CLRF    _g_ucTimerWorkCount
                      00425 ;;[ICODE] key.c:83:     iTemp62 [k81 lr92:92 so:0]{ ia0 a2p0 re0 rm0 nos0 ru0 dp0}{void fixed} = call _P
                            owOff [k80 lr0:0 so:0]{ ia0 a2p0 re0 rm0 nos0 ru0 dp0}{void function ( ) fixed}
                      00426 ;       .line   83; "key.c"     PowOff();
006E   2???           00427         CALL    _PowOff
                      00428 ;;[ICODE] key.c:83:  __iffalse_11($29) :
                      00429 ;;[ICODE] key.c:91:     if _long_f [k49 lr0:0 so:0]{ ia0 a2p0 re0 rm0 nos0 ru0 dp0}{unsigned-char fixed}
                             == 0 goto _return($40)
gpasm-1.5.0 #1284 (Oct 14 2022)       key.asm   04/30/25  13:40:46          PAGE 11


LOC    OBJECT CODE    LINE  SOURCE TEXT
  VALUE

006F                  00430 _00133_DS_:
                      00431 ;       .line   91; "key.c"     if(long_f){
006F   0400           00432         MOVLW   0x00
0070   1D??           00433         IORWF   _long_f,W
0071   3503           00434         BTFSC   STATUS,2
0072   2???           00435         GOTO    _00144_DS_
                      00436 ;;[ICODE] key.c:93:     iTemp63 [k82 lr95:96 so:0]{ ia0 a2p0 re0 rm0 nos0 ru0 dp0}{char fixed} = _g_ucTi
                            merWorkCount [k53 lr0:0 so:0]{ ia0 a2p0 re0 rm0 nos0 ru0 dp0}{unsigned-char fixed} < 0x3c {const-unsigne
                            d-char literal}
                      00437 ;;unsigned compare: left < lit(0x3C=60), size=1
                      00438 ;       .line   93; "key.c"     if(g_ucTimerWorkCount <  60) {
0073   043C           00439         MOVLW   0x3c
0074   1B??           00440         SUBWF   _g_ucTimerWorkCount,W
0075   3403           00441         BTFSC   STATUS,0
0076   2???           00442         GOTO    _00135_DS_
                      00443 ;;genSkipc:3257: created from rifx:0x782c44
                      00444 ;;[ICODE] key.c:93:     if iTemp63 [k82 lr95:96 so:0]{ ia0 a2p0 re0 rm0 nos0 ru0 dp0}{char fixed} == 0 g
                            oto __iffalse_12($31)
                      00445 ;;[ICODE] key.c:94:     _g_ucTimerWorkCount [k53 lr0:0 so:0]{ ia1 a2p0 re0 rm0 nos0 ru0 dp0}{unsigned-ch
                            ar fixed} = _g_ucTimerWorkCount [k53 lr0:0 so:0]{ ia1 a2p0 re0 rm0 nos0 ru0 dp0}{unsigned-char fixed} + 
                            0x1 {const-unsigned-char literal}
                      00446 ;       .line   94; "key.c"     g_ucTimerWorkCount++;
0077   13??           00447         INCF    _g_ucTimerWorkCount,F
                      00448 ;;[ICODE] key.c:94:      goto _return($40)
0078   2???           00449         GOTO    _00144_DS_
                      00450 ;;[ICODE] key.c:94:  __iffalse_12($31) :
                      00451 ;;[ICODE] key.c:96:     _long_f [k49 lr0:0 so:0]{ ia1 a2p0 re0 rm0 nos0 ru0 dp0}{unsigned-char fixed} :=
                             0x0 {const-unsigned-char literal}
0079                  00452 _00135_DS_:
                      00453 ;       .line   96; "key.c"     long_f = 0;
0079   18??           00454         CLRF    _long_f
                      00455 ;;[ICODE] key.c:97:     _g_ucTimerWorkCount [k53 lr0:0 so:0]{ ia1 a2p0 re0 rm0 nos0 ru0 dp0}{unsigned-ch
                            ar fixed} := 0x0 {const-unsigned-char literal}
                      00456 ;       .line   97; "key.c"     g_ucTimerWorkCount = 0;
007A   18??           00457         CLRF    _g_ucTimerWorkCount
                      00458 ;;[ICODE] key.c:98:     iTemp69 [k88 lr103:103 so:0]{ ia0 a2p0 re0 rm0 nos0 ru0 dp0}{void fixed} = call 
                            _PowOff [k80 lr0:0 so:0]{ ia0 a2p0 re0 rm0 nos0 ru0 dp0}{void function ( ) fixed}
                      00459 ;       .line   98; "key.c"     PowOff();
007B   2???           00460         CALL    _PowOff
                      00461 ;;[ICODE] key.c:98:  _return($40) :
                      00462 ;;[ICODE] key.c:98:     eproc _ScanKey [k1 lr0:0 so:0]{ ia0 a2p0 re0 rm0 nos0 ru0 dp0}{void function ( )
                             fixed}
007C                  00463 _00144_DS_:
007C   0002           00464         RETURN  
                      00465 ; exit point of _ScanKey
                      00466 
                      00467 
                      00468 ;       code size estimation:
                      00469 ;         125+    0 =   125 instructions (  250 byte)
                      00470 
                      00471         end
gpasm-1.5.0 #1284 (Oct 14 2022)       key.asm   04/30/25  13:40:46          PAGE 12


SYMBOL TABLE
  LABEL                              TYPE        VALUE         VALUE          VALUE
                                                 (hex)         (dec)          (text)

AUXR                              CONSTANT      00000059             89
BOR                               CONSTANT      00000006              6
BUZ                               CONSTANT      00000005              5
C                                 CONSTANT      00000000              0
CHARE                             CONSTANT      00000005              5
CHARF                             CONSTANT      00000005              5
CHARGE0                           CONSTANT      00000053             83
CHARGE1                           CONSTANT      00000054             84
CHARGEN                           CONSTANT      00000007              7
CMPCR                             CONSTANT      00000051             81
CMPEN                             CONSTANT      00000000              0
CMPF                              CONSTANT      00000003              3
CMPIE                             CONSTANT      00000002              2
CMPIES                            CONSTANT      00000001              1
CMPOF                             CONSTANT      00000005              5
CMPWK                             CONSTANT      00000003              3
CPNIS0                            CONSTANT      00000001              1
CPNIS1                            CONSTANT      00000002              2
CPNIS2                            CONSTANT      00000003              3
CPNIS3                            CONSTANT      00000004              4
CPPIS                             CONSTANT      00000000              0
DC                                CONSTANT      00000001              1
EIS                               CONSTANT      00000006              6
F                                 CONSTANT      00000001              1
FSR                               CONSTANT      00000004              4
GIE                               CONSTANT      00000007              7
GP0                               CONSTANT      00000005              5
GP1                               CONSTANT      00000006              6
GPR                               CONSTANT      00000007              7
HIRCTRM                           CONSTANT      0000005B             91
HXEN                              CONSTANT      00000001              1
INDF                              CONSTANT      00000000              0
INTE                              CONSTANT      00000002              2
INTECON                           CONSTANT      0000000E             14
INTEDG                            CONSTANT      00000006              6
INTF                              CONSTANT      00000002              2
INTFLAG                           CONSTANT      0000000F             15
IOCB                              CONSTANT      00000009              9
IOCB0                             CONSTANT      00000000              0
IOCB1                             CONSTANT      00000001              1
IOCB2                             CONSTANT      00000002              2
IOCB3                             CONSTANT      00000003              3
IOCB4                             CONSTANT      00000004              4
IOCB5                             CONSTANT      00000005              5
IOCB6                             CONSTANT      00000006              6
IOCB7                             CONSTANT      00000007              7
LVDM                              CONSTANT      00000004              4
MODSEL                            CONSTANT      00000007              7
ODB0                              CONSTANT      00000000              0
ODB1                              CONSTANT      00000001              1
ODB2                              CONSTANT      00000002              2
ODB3                              CONSTANT      00000003              3
gpasm-1.5.0 #1284 (Oct 14 2022)       key.asm   04/30/25  13:40:46          PAGE 13


SYMBOL TABLE
  LABEL                              TYPE        VALUE         VALUE          VALUE
                                                 (hex)         (dec)          (text)

ODB4                              CONSTANT      00000004              4
ODB5                              CONSTANT      00000005              5
ODB6                              CONSTANT      00000006              6
ODB7                              CONSTANT      00000007              7
ODCON                             CONSTANT      0000000C             12
OPTION                            CONSTANT      00000041             65
OSCCON                            CONSTANT      00000050             80
PBIE                              CONSTANT      00000001              1
PBIF                              CONSTANT      00000001              1
PCL                               CONSTANT      00000002              2
PCLATH                            CONSTANT      0000000A             10
PCON                              CONSTANT      00000008              8
PD                                CONSTANT      00000003              3
PDB0                              CONSTANT      00000004              4
PDB1                              CONSTANT      00000005              5
PDB2                              CONSTANT      00000006              6
PDB3                              CONSTANT      00000003              3
PDB4                              CONSTANT      00000004              4
PDB5                              CONSTANT      00000005              5
PDB6                              CONSTANT      00000006              6
PDB7                              CONSTANT      00000007              7
PDCON                             CONSTANT      0000000B             11
PDCON1                            CONSTANT      00000052             82
PHB0                              CONSTANT      00000000              0
PHB1                              CONSTANT      00000001              1
PHB2                              CONSTANT      00000002              2
PHB3                              CONSTANT      00000003              3
PHB4                              CONSTANT      00000004              4
PHB5                              CONSTANT      00000005              5
PHB6                              CONSTANT      00000006              6
PHB7                              CONSTANT      00000007              7
PHCON                             CONSTANT      0000000D             13
POR                               CONSTANT      00000007              7
PORTB                             CONSTANT      00000006              6
PORTB0                            CONSTANT      00000000              0
PORTB1                            CONSTANT      00000001              1
PORTB2                            CONSTANT      00000002              2
PORTB3                            CONSTANT      00000003              3
PORTB4                            CONSTANT      00000004              4
PORTB5                            CONSTANT      00000005              5
PORTB6                            CONSTANT      00000006              6
PORTB7                            CONSTANT      00000007              7
PS0                               CONSTANT      00000000              0
PS1                               CONSTANT      00000001              1
PS2                               CONSTANT      00000002              2
PSA                               CONSTANT      00000003              3
PSAVE                             EXTERNAL      00000000              0
PWM0E                             CONSTANT      00000006              6
PWM0OE                            CONSTANT      00000007              7
PWM0P                             CONSTANT      0000004F             79
PWM1E                             CONSTANT      00000001              1
PWM1OE                            CONSTANT      00000006              6
gpasm-1.5.0 #1284 (Oct 14 2022)       key.asm   04/30/25  13:40:46          PAGE 14


SYMBOL TABLE
  LABEL                              TYPE        VALUE         VALUE          VALUE
                                                 (hex)         (dec)          (text)

PWM1P                             CONSTANT      00000049             73
PWM2E                             CONSTANT      00000000              0
PWM2OE                            CONSTANT      00000005              5
PWM2P                             CONSTANT      0000004A             74
PWM3CT                            CONSTANT      00000001              1
PWMCK                             CONSTANT      00000004              4
PWMCON                            CONSTANT      00000048             72
PWMCT                             CONSTANT      00000000              0
PWMINV                            CONSTANT      00000002              2
PWMMD                             CONSTANT      00000003              3
RAMP                              CONSTANT      00000055             85
RCTRMEN                           CONSTANT      00000002              2
RST                               CONSTANT      00000007              7
S0                                CONSTANT      00000000              0
S1                                CONSTANT      00000001              1
S2                                CONSTANT      00000002              2
S3                                CONSTANT      00000003              3
S4                                CONSTANT      00000004              4
S5                                CONSTANT      00000005              5
S6                                CONSTANT      00000006              6
S7                                CONSTANT      00000007              7
S8                                CONSTANT      00000000              0
S9                                CONSTANT      00000001              1
SCS                               CONSTANT      00000000              0
SINK_SEL                          CONSTANT      00000006              6
SLOP0                             CONSTANT      00000000              0
SLOP1                             CONSTANT      00000001              1
SLOP2                             CONSTANT      00000002              2
SSAVE                             EXTERNAL      00000000              0
STATUS                            CONSTANT      00000003              3
STK00                             EXTERNAL      00000000              0
STK01                             EXTERNAL      00000000              0
STK02                             EXTERNAL      00000000              0
STK03                             EXTERNAL      00000000              0
STK04                             EXTERNAL      00000000              0
STK05                             EXTERNAL      00000000              0
STK06                             EXTERNAL      00000000              0
STK07                             EXTERNAL      00000000              0
STK08                             EXTERNAL      00000000              0
STK09                             EXTERNAL      00000000              0
STK10                             EXTERNAL      00000000              0
STK11                             EXTERNAL      00000000              0
STK12                             EXTERNAL      00000000              0
T0                                CONSTANT      00000001              1
T0CK                              CONSTANT      00000007              7
T0CR                              CONSTANT      0000004B             75
T0CS                              CONSTANT      00000005              5
T0IE                              CONSTANT      00000000              0
T0IF                              CONSTANT      00000000              0
T0OSCEN                           CONSTANT      00000007              7
T0SE                              CONSTANT      00000004              4
T1                                CONSTANT      0000004D             77
gpasm-1.5.0 #1284 (Oct 14 2022)       key.asm   04/30/25  13:40:46          PAGE 15


SYMBOL TABLE
  LABEL                              TYPE        VALUE         VALUE          VALUE
                                                 (hex)         (dec)          (text)

T1CK0                             CONSTANT      00000003              3
T1CK1                             CONSTANT      00000004              4
T1CON                             CONSTANT      0000004C             76
T1EN                              CONSTANT      00000007              7
T1IE                              CONSTANT      00000001              1
T1IF                              CONSTANT      00000000              0
T1LOAD                            CONSTANT      0000004E             78
T1PR0                             CONSTANT      00000000              0
T1PR1                             CONSTANT      00000001              1
T1PR2                             CONSTANT      00000002              2
TEMPEN                            CONSTANT      00000006              6
TMPE                              CONSTANT      00000004              4
TMPF                              CONSTANT      00000004              4
TO                                CONSTANT      00000004              4
TRISB                             CONSTANT      00000046             70
TRISB0                            CONSTANT      00000000              0
TRISB1                            CONSTANT      00000001              1
TRISB2                            CONSTANT      00000002              2
TRISB3                            CONSTANT      00000003              3
TRISB4                            CONSTANT      00000004              4
TRISB5                            CONSTANT      00000005              5
TRISB6                            CONSTANT      00000006              6
TRISB7                            CONSTANT      00000007              7
W                                 CONSTANT      00000000              0
WDTEN                             CONSTANT      00000007              7
WSAVE                             EXTERNAL      00000000              0
Z                                 CONSTANT      00000002              2
_00106_DS_                        ADDRESS       00000017             23
_00110_DS_                        ADDRESS       00000029             41
_00113_DS_                        ADDRESS       00000024             36
_00116_DS_                        ADDRESS       00000033             51
_00124_DS_                        ADDRESS       00000059             89
_00127_DS_                        ADDRESS       00000052             82
_00128_DS_                        ADDRESS       00000062             98
_00130_DS_                        ADDRESS       0000006C            108
_00133_DS_                        ADDRESS       0000006F            111
_00135_DS_                        ADDRESS       00000079            121
_00139_DS_                        ADDRESS       0000000C             12
_00140_DS_                        ADDRESS       00000049             73
_00144_DS_                        ADDRESS       0000007C            124
_00194_DS_                        ADDRESS       00000012             18
_00195_DS_                        ADDRESS       0000001D             29
_00196_DS_                        ADDRESS       00000039             57
_AUXR                             EXTERNAL      00000000              0
_AUXRbits                         EXTERNAL      00000000              0
_BITS_DATA0                       EXTERNAL      00000000              0
_BITS_DATA1                       EXTERNAL      00000000              0
_CHARGE0                          EXTERNAL      00000000              0
_CHARGE0bits                      EXTERNAL      00000000              0
_CHARGE1                          EXTERNAL      00000000              0
_CHARGE1bits                      EXTERNAL      00000000              0
_CMPCR                            EXTERNAL      00000000              0
gpasm-1.5.0 #1284 (Oct 14 2022)       key.asm   04/30/25  13:40:46          PAGE 16


SYMBOL TABLE
  LABEL                              TYPE        VALUE         VALUE          VALUE
                                                 (hex)         (dec)          (text)

_CMPCRbits                        EXTERNAL      00000000              0
_CONFIG                           CONSTANT      00002000           8192
_CP_OFF                           CONSTANT      00003FFF          16383
_CP_ON                            CONSTANT      00003FEF          16367
_ControlFlash                     EXTERNAL      00000000              0
_ControlLevel                     EXTERNAL      00000000              0
_ControlLevelHigh                 EXTERNAL      00000000              0
_ControlLevelLow                  EXTERNAL      00000000              0
_ControlSos                       EXTERNAL      00000000              0
_CountdownDisplay                 EXTERNAL      00000000              0
_FOSC_HS                          CONSTANT      00003FFD          16381
_FOSC_INTRCIO                     CONSTANT      00003FFC          16380
_FOSC_LP                          CONSTANT      00003CFF          15615
_FOSC_XT                          CONSTANT      00003DFF          15871
_FSR                              EXTERNAL      00000000              0
_GPR                              EXTERNAL      00000000              0
_HIRCTRM                          EXTERNAL      00000000              0
_HS_OSC                           CONSTANT      00003FFD          16381
_INDF                             EXTERNAL      00000000              0
_INTECON                          EXTERNAL      00000000              0
_INTECONbits                      EXTERNAL      00000000              0
_INTFLAG                          EXTERNAL      00000000              0
_INTFLAGbits                      EXTERNAL      00000000              0
_INTOSCIO                         CONSTANT      00003FFC          16380
_INTRC_OSC_NOCLKOUT               CONSTANT      00003FFC          16380
_IOCB                             EXTERNAL      00000000              0
_IOCBbits                         EXTERNAL      00000000              0
_LP_OSC                           CONSTANT      00003CFF          15615
_LedDisplay                       EXTERNAL      00000000              0
_LedOff                           EXTERNAL      00000000              0
_LedOn                            EXTERNAL      00000000              0
_LedSwitch                        EXTERNAL      00000000              0
_MaxLight                         EXTERNAL      00000000              0
_MotoDisplay                      EXTERNAL      00000000              0
_MotoSwitch                       EXTERNAL      00000000              0
_ODCON                            EXTERNAL      00000000              0
_ODCONbits                        EXTERNAL      00000000              0
_OPTION                           EXTERNAL      00000000              0
_OPTIONbits                       EXTERNAL      00000000              0
_OSCCON                           EXTERNAL      00000000              0
_OSCCONbits                       EXTERNAL      00000000              0
_PCL                              EXTERNAL      00000000              0
_PCLATH                           EXTERNAL      00000000              0
_PCON                             EXTERNAL      00000000              0
_PCONbits                         EXTERNAL      00000000              0
_PDCON                            EXTERNAL      00000000              0
_PDCON1                           EXTERNAL      00000000              0
_PDCON1bits                       EXTERNAL      00000000              0
_PDCONbits                        EXTERNAL      00000000              0
_PHCON                            EXTERNAL      00000000              0
_PHCONbits                        EXTERNAL      00000000              0
_PORTB                            EXTERNAL      00000000              0
gpasm-1.5.0 #1284 (Oct 14 2022)       key.asm   04/30/25  13:40:46          PAGE 17


SYMBOL TABLE
  LABEL                              TYPE        VALUE         VALUE          VALUE
                                                 (hex)         (dec)          (text)

_PORTBbits                        EXTERNAL      00000000              0
_PWM0P                            EXTERNAL      00000000              0
_PWM1P                            EXTERNAL      00000000              0
_PWM2P                            EXTERNAL      00000000              0
_PWMCON                           EXTERNAL      00000000              0
_PWMCONbits                       EXTERNAL      00000000              0
_PowOff                           EXTERNAL      00000000              0
_PowOn                            EXTERNAL      00000000              0
_RAMP                             EXTERNAL      00000000              0
_RAMPbits                         EXTERNAL      00000000              0
_STATUS                           EXTERNAL      00000000              0
_STATUSbits                       EXTERNAL      00000000              0
_ScanKey                          GLOBAL        00000000              0
_SleepCount                       EXTERNAL      00000000              0
_SleepFlag                        EXTERNAL      00000000              0
_T0                               EXTERNAL      00000000              0
_T0CR                             EXTERNAL      00000000              0
_T0CRbits                         EXTERNAL      00000000              0
_T1                               EXTERNAL      00000000              0
_T1CON                            EXTERNAL      00000000              0
_T1CONbits                        EXTERNAL      00000000              0
_T1LOAD                           EXTERNAL      00000000              0
_TRISB                            EXTERNAL      00000000              0
_TRISBbits                        EXTERNAL      00000000              0
_TempCount                        EXTERNAL      00000000              0
_TempFlag                         EXTERNAL      00000000              0
_WDTE_OFF                         CONSTANT      00003FFB          16379
_WDTE_ON                          CONSTANT      00003FFF          16383
_WDT_OFF                          CONSTANT      00003FFB          16379
_WDT_ON                           CONSTANT      00003FFF          16383
_XT_OSC                           CONSTANT      00003DFF          15871
__14_BIT                          CONSTANT      00000001              1
__18P018A0                        CONSTANT      00000001              1
__ACTIVE_BANK_ADDR                VARIABLE      FFFFFFFF             -1
__ACTIVE_PAGE_ADDR                VARIABLE      FFFFFFFF             -1
__ASSUMED_BANK_ADDR               VARIABLE      00000000              0
__BANK_0                          CONSTANT      00000000              0
__BANK_BITS                       CONSTANT      00000080            128
__BANK_FIRST                      CONSTANT      00000000              0
__BANK_INV                        CONSTANT      FFFFFFFF             -1
__BANK_LAST                       CONSTANT      00000000              0
__BANK_MASK                       CONSTANT      0000007F            127
__BANK_SHIFT                      CONSTANT      00000007              7
__BANK_SIZE                       CONSTANT      00000080            128
__CODE_END                        CONSTANT      000003FF           1023
__CODE_START                      CONSTANT      00000000              0
__CONFIG_END                      CONSTANT      00002003           8195
__CONFIG_START                    CONSTANT      00002000           8192
__GPUTILS_SVN_VERSION             CONSTANT      00000504           1284
__GPUTILS_VERSION_MAJOR           CONSTANT      00000001              1
__GPUTILS_VERSION_MICRO           CONSTANT      00000000              0
__GPUTILS_VERSION_MINOR           CONSTANT      00000005              5
gpasm-1.5.0 #1284 (Oct 14 2022)       key.asm   04/30/25  13:40:46          PAGE 18


SYMBOL TABLE
  LABEL                              TYPE        VALUE         VALUE          VALUE
                                                 (hex)         (dec)          (text)

__IDLOCS_END                      CONSTANT      00002005           8197
__IDLOCS_START                    CONSTANT      00002004           8196
__NUM_BANKS                       CONSTANT      00000001              1
__PAGE_BITS                       CONSTANT      00001800           6144
__PAGE_INV                        CONSTANT      FFFFFFFF             -1
__PAGE_MASK                       CONSTANT      00000000              0
__PAGE_SHIFT                      CONSTANT      0000000B             11
__PAGE_SIZE                       CONSTANT      00000000              0
__VECTOR_INT                      CONSTANT      00000008              8
__VECTOR_RESET                    CONSTANT      00000000              0
__WHILE_LOOP_COUNT_MAX            CONSTANT      000000FF            255
_clink_event                      GLOBAL        00000000              0
_g_ucTimer10msCount               EXTERNAL      00000000              0
_g_ucTimerWorkCount               EXTERNAL      00000000              0
_holdOn_f                         GLOBAL        00000000              0
_long_f                           GLOBAL        00000000              0
_longpress_cnt                    GLOBAL        00000000              0
r0x1006                           STATIC        00000000              0
r0x1007                           STATIC        00000001              1

Errors   :     0
Warnings :     0 reported,     0 suppressed
Messages :     1 reported,     0 suppressed

