gpasm-1.5.0 #1284 (Oct 14 2022)      main.asm   04/30/25  16:46:01          PAGE  1


LOC    OBJECT CODE    LINE  SOURCE TEXT
  VALUE

                      00001 ;--------------------------------------------------------
                      00002 ; File Created by SDCC : free open source ANSI-C Compiler
                      00003 ; Version 3.6.0 #9615 (CYGWIN)
                      00004 ;--------------------------------------------------------
                      00005 ; PIC port for the 14-bit core
                      00006 ;--------------------------------------------------------
                      00007 ;       .file   "main.c"
                      00008         list    p=18p018a0
                      00009         radix dec
                      00010         include "p18p018a0.inc"
                      00001        LIST
                      00002 
                      00003 ;==========================================================================
                      00004 ; Build date : Jun 02 2017
                      00005 ;  HCIDE HC18P018A0 processor include
                      00006 ; 
                      00007 ;  (c) Copyright 2012-2021 Holychip Technology, All rights reserved
                      00008 ;==========================================================================
                      00009 
Message[301]: MESSAGE: "Processor-header file mismatch.  Verify selected processor."
                      00378         LIST
                      00011 ;--------------------------------------------------------
                      00012 ; external declarations
                      00013 ;--------------------------------------------------------
  0000                00014         extern  _InitPort
  0000                00015         extern  _InitSystem
  0000                00016         extern  _InitPwm
  0000                00017         extern  _InitRam
  0000                00018         extern  _CheckLvd
  0000                00019         extern  _ConfigureLvd
  0000                00020         extern  _Work
  0000                00021         extern  _ScanKey
  0000                00022         extern  _CheckTemp
  0000                00023         extern  _CheckSleep
  0000                00024         extern  _ControlLevelLow
  0000                00025         extern  _ControlLevelHigh
  0000                00026         extern  _ControlLevel
  0000                00027         extern  _ControlFlash
  0000                00028         extern  _ControlSos
  0000                00029         extern  _LedDisplay
  0000                00030         extern  _LedOn
  0000                00031         extern  _LedOff
  0000                00032         extern  _MotoDisplay
  0000                00033         extern  _LedSwitch
  0000                00034         extern  _MotoSwitch
  0000                00035         extern  _PowOn
  0000                00036         extern  _PowOff
  0000                00037         extern  _CountdownDisplay
  0000                00038         extern  _STATUSbits
  0000                00039         extern  _PORTBbits
  0000                00040         extern  _PCONbits
  0000                00041         extern  _IOCBbits
  0000                00042         extern  _PDCONbits
gpasm-1.5.0 #1284 (Oct 14 2022)      main.asm   04/30/25  16:46:01          PAGE  2


LOC    OBJECT CODE    LINE  SOURCE TEXT
  VALUE

  0000                00043         extern  _ODCONbits
  0000                00044         extern  _PHCONbits
  0000                00045         extern  _INTECONbits
  0000                00046         extern  _INTFLAGbits
  0000                00047         extern  _OPTIONbits
  0000                00048         extern  _TRISBbits
  0000                00049         extern  _PWMCONbits
  0000                00050         extern  _T0CRbits
  0000                00051         extern  _T1CONbits
  0000                00052         extern  _OSCCONbits
  0000                00053         extern  _CMPCRbits
  0000                00054         extern  _PDCON1bits
  0000                00055         extern  _CHARGE0bits
  0000                00056         extern  _CHARGE1bits
  0000                00057         extern  _RAMPbits
  0000                00058         extern  _AUXRbits
  0000                00059         extern  _BITS_DATA0
  0000                00060         extern  _BITS_DATA1
  0000                00061         extern  _g_ucTimer10msCount
  0000                00062         extern  _g_ucTimerWorkCount
  0000                00063         extern  _TempCount
  0000                00064         extern  _TempFlag
  0000                00065         extern  _SleepCount
  0000                00066         extern  _SleepFlag
  0000                00067         extern  _MaxLight
  0000                00068         extern  _INDF
  0000                00069         extern  _T0
  0000                00070         extern  _PCL
  0000                00071         extern  _STATUS
  0000                00072         extern  _FSR
  0000                00073         extern  _PORTB
  0000                00074         extern  _GPR
  0000                00075         extern  _PCON
  0000                00076         extern  _IOCB
  0000                00077         extern  _PCLATH
  0000                00078         extern  _PDCON
  0000                00079         extern  _ODCON
  0000                00080         extern  _PHCON
  0000                00081         extern  _INTECON
  0000                00082         extern  _INTFLAG
  0000                00083         extern  _OPTION
  0000                00084         extern  _TRISB
  0000                00085         extern  _PWMCON
  0000                00086         extern  _PWM1P
  0000                00087         extern  _PWM2P
  0000                00088         extern  _T0CR
  0000                00089         extern  _T1CON
  0000                00090         extern  _T1
  0000                00091         extern  _T1LOAD
  0000                00092         extern  _PWM0P
  0000                00093         extern  _OSCCON
  0000                00094         extern  _CMPCR
  0000                00095         extern  _PDCON1
gpasm-1.5.0 #1284 (Oct 14 2022)      main.asm   04/30/25  16:46:01          PAGE  3


LOC    OBJECT CODE    LINE  SOURCE TEXT
  VALUE

  0000                00096         extern  _CHARGE0
  0000                00097         extern  _CHARGE1
  0000                00098         extern  _RAMP
  0000                00099         extern  _AUXR
  0000                00100         extern  _HIRCTRM
                      00101 ;--------------------------------------------------------
                      00102 ; global declarations
                      00103 ;--------------------------------------------------------
  0000                00104         global  __sdcc_gsinit_startup
  0000                00105         global  _delay_ms
  0000                00106         global  _main
  0000                00107         global  _VERSION
                      00108 
  0000                00109         global PSAVE
  0000                00110         global SSAVE
  0000                00111         global WSAVE
  0000                00112         global STK12
  0000                00113         global STK11
  0000                00114         global STK10
  0000                00115         global STK09
  0000                00116         global STK08
  0000                00117         global STK07
  0000                00118         global STK06
  0000                00119         global STK05
  0000                00120         global STK04
  0000                00121         global STK03
  0000                00122         global STK02
  0000                00123         global STK01
  0000                00124         global STK00
                      00125 
                      00126 sharebank udata_ovr 0x0010
0010                  00127 PSAVE   res 1
0011                  00128 SSAVE   res 1
0012                  00129 WSAVE   res 1
0013                  00130 STK12   res 1
0014                  00131 STK11   res 1
0015                  00132 STK10   res 1
0016                  00133 STK09   res 1
0017                  00134 STK08   res 1
0018                  00135 STK07   res 1
0019                  00136 STK06   res 1
001A                  00137 STK05   res 1
001B                  00138 STK04   res 1
001C                  00139 STK03   res 1
001D                  00140 STK02   res 1
001E                  00141 STK01   res 1
001F                  00142 STK00   res 1
                      00143 
                      00144 ;--------------------------------------------------------
                      00145 ; global definitions
                      00146 ;--------------------------------------------------------
                      00147 ;--------------------------------------------------------
                      00148 ; absolute symbol definitions
gpasm-1.5.0 #1284 (Oct 14 2022)      main.asm   04/30/25  16:46:01          PAGE  4


LOC    OBJECT CODE    LINE  SOURCE TEXT
  VALUE

                      00149 ;--------------------------------------------------------
                      00150 ;--------------------------------------------------------
                      00151 ; compiler-defined variables
                      00152 ;--------------------------------------------------------
                      00153 UDL_main_0      udata
0000                  00154 r0x1002 res     1
0001                  00155 r0x1001 res     1
0002                  00156 r0x1003 res     1
0003                  00157 r0x1004 res     1
                      00158 ;--------------------------------------------------------
                      00159 ; initialized data
                      00160 ;--------------------------------------------------------
                      00161 
                      00162 ID_main_0       code
0000                  00163 _VERSION
0000   0100           00164         retlw 0x00
0001   0100           00165         retlw 0x00
0002   0100           00166         retlw 0x00
0003   0100           00167         retlw 0x00
0004   0100           00168         retlw 0x00
0005   0100           00169         retlw 0x00
0006   0100           00170         retlw 0x00
0007   0100           00171         retlw 0x00
0008   0100           00172         retlw 0x00
0009   0100           00173         retlw 0x00
                      00174 
                      00175 
                      00176 ID_main_1       code
0000                  00177 ___str_0
0000   0148           00178         retlw 0x48 ; 'H'
0001   0143           00179         retlw 0x43 ; 'C'
0002   012D           00180         retlw 0x2d ; '-'
0003   0156           00181         retlw 0x56 ; 'V'
0004   0153           00182         retlw 0x53 ; 'S'
0005   0120           00183         retlw 0x20 ; ' '
0006   0156           00184         retlw 0x56 ; 'V'
0007   0130           00185         retlw 0x30 ; '0'
0008   0131           00186         retlw 0x31 ; '1'
0009   0100           00187         retlw 0x00 ; '.'
                      00188 ;--------------------------------------------------------
                      00189 ; overlayable items in internal ram 
                      00190 ;--------------------------------------------------------
                      00191 ;       udata_ovr
                      00192 ;--------------------------------------------------------
                      00193 ; reset vector 
                      00194 ;--------------------------------------------------------
                      00195 STARTUP code 0x0000
0000   0000           00196         nop
0001   2???           00197         goto    __sdcc_gsinit_startup
                      00198 ;--------------------------------------------------------
                      00199 ; code
                      00200 ;--------------------------------------------------------
                      00201 code_main       code
gpasm-1.5.0 #1284 (Oct 14 2022)      main.asm   04/30/25  16:46:01          PAGE  5


LOC    OBJECT CODE    LINE  SOURCE TEXT
  VALUE

                      00202 ;***
                      00203 ;  pBlock Stats: dbName = M
                      00204 ;***
                      00205 ;has an exit
                      00206 ;functions called:
                      00207 ;   _InitPort
                      00208 ;   _InitSystem
                      00209 ;   _InitRam
                      00210 ;   _delay_ms
                      00211 ;   _ScanKey
                      00212 ;   _CountdownDisplay
                      00213 ;   _LedDisplay
                      00214 ;   _MotoDisplay
                      00215 ;   _InitPort
                      00216 ;   _InitSystem
                      00217 ;   _InitRam
                      00218 ;   _delay_ms
                      00219 ;   _ScanKey
                      00220 ;   _CountdownDisplay
                      00221 ;   _LedDisplay
                      00222 ;   _MotoDisplay
                      00223 ;1 compiler assigned register :
                      00224 ;   STK00
                      00225 ;; Starting pCode block
                      00226 ;;[ICODE] main.c:35:  _entry($7) :
                      00227 ;;[ICODE] main.c:35:    proc _main [k1 lr0:0 so:0]{ ia0 a2p0 re0 rm0 nos0 ru0 dp0}{void function ( ) fix
                            ed}
                      00228 S_main__main    code
0000                  00229 _main:
                      00230 ; 2 exit points
                      00231 ;;[ICODE] main.c:37:    iTemp0 [k3 lr3:3 so:0]{ ia0 a2p0 re0 rm0 nos0 ru0 dp0}{void fixed} = call _InitP
                            ort [k2 lr0:0 so:0]{ ia0 a2p0 re0 rm0 nos0 ru0 dp0}{void function ( ) fixed}
                      00232 ;       .line   37; "main.c"    InitPort();
0000   2???           00233         CALL    _InitPort
                      00234 ;;[ICODE] main.c:38:    iTemp1 [k5 lr4:4 so:0]{ ia0 a2p0 re0 rm0 nos0 ru0 dp0}{void fixed} = call _InitS
                            ystem [k4 lr0:0 so:0]{ ia0 a2p0 re0 rm0 nos0 ru0 dp0}{void function ( ) fixed}
                      00235 ;       .line   38; "main.c"    InitSystem();
0001   2???           00236         CALL    _InitSystem
                      00237 ;;[ICODE] main.c:39:    iTemp2 [k7 lr5:5 so:0]{ ia0 a2p0 re0 rm0 nos0 ru0 dp0}{void fixed} = call _InitR
                            am [k6 lr0:0 so:0]{ ia0 a2p0 re0 rm0 nos0 ru0 dp0}{void function ( ) fixed}
                      00238 ;       .line   39; "main.c"    InitRam();
0002   2???           00239         CALL    _InitRam
                      00240 ;;[ICODE] main.c:40:    iTemp4 [k11 lr6:8 so:0]{ ia0 a2p0 re0 rm1 nos0 ru0 dp0}{volatile-unsigned-bitfie
                            ld {0,1} near* fixed}[remat] = &[_INTECONbits [k8 lr0:0 so:0]{ ia0 a2p0 re0 rm0 nos0 ru0 dp0}{volatile-s
                            truct __00000024 fixed} , 0x0 {const-unsigned-char literal}]
                      00241 ;;[ICODE] main.c:40:    *(iTemp4 [k11 lr6:8 so:0]{ ia1 a2p0 re0 rm1 nos0 ru0 dp0}{volatile-unsigned-bitf
                            ield {0,1} near* fixed}[remat]) := 0x1 {const-unsigned-char literal}
                      00242 ;       .line   40; "main.c"    T0IE = 1;               //使能TMR0溢出中断
0003   38??           00243         BSF     _INTECONbits,0
                      00244 ;;[ICODE] main.c:41:    iTemp6 [k14 lr9:11 so:0]{ ia0 a2p0 re0 rm1 nos0 ru0 dp0}{volatile-unsigned-bitfi
                            eld {7,1} near* fixed}[remat] = &[_INTECONbits [k8 lr0:0 so:0]{ ia0 a2p0 re0 rm0 nos0 ru0 dp0}{volatile-
                            struct __00000024 fixed} , 0x0 {const-unsigned-char literal}]
                      00245 ;;[ICODE] main.c:41:    *(iTemp6 [k14 lr9:11 so:0]{ ia1 a2p0 re0 rm1 nos0 ru0 dp0}{volatile-unsigned-bit
gpasm-1.5.0 #1284 (Oct 14 2022)      main.asm   04/30/25  16:46:01          PAGE  6


LOC    OBJECT CODE    LINE  SOURCE TEXT
  VALUE

                            field {7,1} near* fixed}[remat]) := 0x1 {const-unsigned-char literal}
                      00246 ;       .line   41; "main.c"    GIE = 1;                //使能所有中断   
0004   3B??           00247         BSF     _INTECONbits,7
                      00248 ;;[ICODE] main.c:42: inline
0005   0004           00249         clrwdt
                      00250 ;;[ICODE] main.c:43:    send 0x1f4 {const-int literal}{argreg = 1}
                      00251 ;;[ICODE] main.c:43:    iTemp7 [k17 lr14:14 so:0]{ ia0 a2p0 re0 rm0 nos0 ru0 dp0}{void fixed} = call _de
                            lay_ms [k15 lr0:0 so:0]{ ia0 a2p0 re0 rm0 nos0 ru0 dp0}{void function ( unsigned-int fixed) fixed}
                      00252 ;       .line   43; "main.c"    delay_ms(500);
0006   04F4           00253         MOVLW   0xf4
0007   19??           00254         MOVWF   STK00
0008   0401           00255         MOVLW   0x01
0009   2???           00256         CALL    _delay_ms
                      00257 ;;[ICODE] main.c:44:  _whilebody_2($4) :
                      00258 ;;[ICODE] main.c:46: inline
000A                  00259 _00123_DS_:
000A   0004           00260         clrwdt
                      00261 ;;[ICODE] main.c:48:    iTemp8 [k19 lr18:22 so:0]{ ia0 a2p0 re0 rm1 nos0 ru0 dp0}{unsigned-bitfield {0,1
                            } near* fixed}[remat] = &[_BITS_DATA0 [k18 lr0:0 so:0]{ ia0 a2p0 re0 rm0 nos0 ru0 dp0}{struct __bits8_t 
                            fixed} , 0x0 {const-unsigned-char literal}]
                      00262 ;;[ICODE] main.c:48:    iTemp9 [k21 lr19:20 so:0]{ ia0 a2p0 re0 rm1 nos0 ru0 dp0}{unsigned-bitfield {0,1
                            } near* fixed}[remat] := iTemp8 [k19 lr18:22 so:0]{ ia0 a2p0 re0 rm1 nos0 ru0 dp0}{unsigned-bitfield {0,
                            1} near* fixed}[remat]
                      00263 ;;[ICODE] main.c:48:    iTemp10 [k22 lr20:21 so:0]{ ia0 a2p0 re0 rm0 nos0 ru0 dp0}{unsigned-bitfield {0,
                            1} fixed}[r0x1049 ] = @[iTemp9 [k21 lr19:20 so:0]{ ia1 a2p0 re0 rm1 nos0 ru0 dp0}{unsigned-bitfield {0,1
                            } near* fixed}[remat] + 0x0 {const-unsigned-char literal}]
                      00264 ;       .line   48; "main.c"    if (BIT_TIMER_10MS)
000B   30??           00265         BTFSS   _BITS_DATA0,0
000C   2???           00266         GOTO    _00121_DS_
                      00267 ;;[ICODE] main.c:48:    if iTemp10 [k22 lr20:21 so:0]{ ia0 a2p0 re0 rm0 nos0 ru0 dp0}{unsigned-bitfield 
                            {0,1} fixed}[r0x1049 ] == 0 goto __iffalse_0($2)
                      00268 ;;[ICODE] main.c:50:    iTemp12 [k25 lr22:23 so:0]{ ia0 a2p0 re0 rm1 nos0 ru0 dp0}{unsigned-bitfield {0,
                            1} near* fixed}[remat] := iTemp8 [k19 lr18:22 so:0]{ ia0 a2p0 re0 rm1 nos0 ru0 dp0}{unsigned-bitfield {0
                            ,1} near* fixed}[remat]
                      00269 ;;[ICODE] main.c:50:    *(iTemp12 [k25 lr22:23 so:0]{ ia1 a2p0 re0 rm1 nos0 ru0 dp0}{unsigned-bitfield {
                            0,1} near* fixed}[remat]) := 0x0 {const-unsigned-char literal}
                      00270 ;       .line   50; "main.c"    BIT_TIMER_10MS = 0;
000D   3C??           00271         BCF     _BITS_DATA0,0
                      00272 ;;[ICODE] main.c:52:    iTemp13 [k27 lr24:24 so:0]{ ia0 a2p0 re0 rm0 nos0 ru0 dp0}{void fixed} = call _S
                            canKey [k26 lr0:0 so:0]{ ia0 a2p0 re0 rm0 nos0 ru0 dp0}{void function ( ) fixed}
                      00273 ;       .line   52; "main.c"    ScanKey();                       //按键检测     
000E   2???           00274         CALL    _ScanKey
                      00275 ;;[ICODE] main.c:53:    iTemp14 [k29 lr25:25 so:0]{ ia0 a2p0 re0 rm0 nos0 ru0 dp0}{void fixed} = call _C
                            ountdownDisplay [k28 lr0:0 so:0]{ ia0 a2p0 re0 rm0 nos0 ru0 dp0}{void function ( ) fixed}
                      00276 ;       .line   53; "main.c"    CountdownDisplay();                      //倒计时
000F   2???           00277         CALL    _CountdownDisplay
                      00278 ;;[ICODE] main.c:53:  __iffalse_0($2) :
                      00279 ;;[ICODE] main.c:57:    iTemp15 [k31 lr27:27 so:0]{ ia0 a2p0 re0 rm0 nos0 ru0 dp0}{void fixed} = call _L
                            edDisplay [k30 lr0:0 so:0]{ ia0 a2p0 re0 rm0 nos0 ru0 dp0}{void function ( ) fixed}
0010                  00280 _00121_DS_:
                      00281 ;       .line   57; "main.c"    LedDisplay();                                    //LED指示灯
0010   2???           00282         CALL    _LedDisplay
                      00283 ;;[ICODE] main.c:58:    iTemp16 [k33 lr28:28 so:0]{ ia0 a2p0 re0 rm0 nos0 ru0 dp0}{void fixed} = call _M
gpasm-1.5.0 #1284 (Oct 14 2022)      main.asm   04/30/25  16:46:01          PAGE  7


LOC    OBJECT CODE    LINE  SOURCE TEXT
  VALUE

                            otoDisplay [k32 lr0:0 so:0]{ ia0 a2p0 re0 rm0 nos0 ru0 dp0}{void function ( ) fixed}
                      00284 ;       .line   58; "main.c"    MotoDisplay();                                   //电机控制
0011   2???           00285         CALL    _MotoDisplay
                      00286 ;;[ICODE] main.c:58:     goto _whilebody_2($4)
0012   2???           00287         GOTO    _00123_DS_
                      00288 ;;[ICODE] main.c:58:  _return($6) :
                      00289 ;;[ICODE] main.c:58:    eproc _main [k1 lr0:0 so:0]{ ia0 a2p0 re0 rm0 nos0 ru0 dp0}{void function ( ) fi
                            xed}
0013   0002           00290         RETURN  
                      00291 ; exit point of _main
                      00292 
                      00293 ;***
                      00294 ;  pBlock Stats: dbName = C
                      00295 ;***
                      00296 ;has an exit
                      00297 ;5 compiler assigned registers:
                      00298 ;   r0x1001
                      00299 ;   STK00
                      00300 ;   r0x1002
                      00301 ;   r0x1003
                      00302 ;   r0x1004
                      00303 ;; Starting pCode block
                      00304 ;;[ICODE] main.c:17:  _entry($8) :
                      00305 ;;[ICODE] main.c:17:    proc _delay_ms [k1 lr0:0 so:0]{ ia0 a2p0 re0 rm0 nos0 ru0 dp0}{void function ( u
                            nsigned-int fixed) fixed}
                      00306 S_main__delay_ms        code
0000                  00307 _delay_ms:
                      00308 ; 2 exit points
                      00309 ;;[ICODE] main.c:17: iTemp5 [k9 lr3:18 so:0]{ ia0 a2p0 re0 rm0 nos0 ru0 dp0}{unsigned-int fixed}[r0x1045
                             r0x1046 ] = recv _delay_ms [k1 lr0:0 so:0]{ ia0 a2p0 re0 rm0 nos0 ru0 dp0}{void function ( unsigned-int
                             fixed) fixed}
                      00310 ;       .line   17; "main.c"    void delay_ms(WORD xms)
0000   19??           00311         MOVWF   r0x1001
0001   11??           00312         MOVF    STK00,W
0002   19??           00313         MOVWF   r0x1002
                      00314 ;;[ICODE] main.c:19:  _whilecontinue_0($4) :
                      00315 ;;[ICODE] main.c:19:    if iTemp5 [k9 lr3:18 so:0]{ ia0 a2p0 re0 rm0 nos0 ru0 dp0}{unsigned-int fixed}[r
                            0x1045 r0x1046 ] == 0 goto _return($7)
0003                  00316 _00112_DS_:
                      00317 ;       .line   19; "main.c"    while (xms)
0003   11??           00318         MOVF    r0x1002,W
0004   1D??           00319         IORWF   r0x1001,W
0005   3503           00320         BTFSC   STATUS,2
0006   2???           00321         GOTO    _00115_DS_
                      00322 ;;[ICODE] main.c:23:    iTemp3 [k7 lr8:14 so:0]{ ia0 a2p0 re0 rm0 nos0 ru0 dp0}{unsigned-int fixed}{ sir
                            @ _delay_ms_i_2_29}[r0x1047 r0x1048 ] := 0x149 {const-unsigned-int literal}
                      00323 ;       .line   23; "main.c"    while (i)
0007   0449           00324         MOVLW   0x49
0008   19??           00325         MOVWF   r0x1003
0009   0401           00326         MOVLW   0x01
000A   19??           00327         MOVWF   r0x1004
                      00328 ;;[ICODE] main.c:23:  _whilecontinue_1($1) :
                      00329 ;;[ICODE] main.c:23:    if iTemp3 [k7 lr8:14 so:0]{ ia0 a2p0 re0 rm0 nos0 ru0 dp0}{unsigned-int fixed}{ 
gpasm-1.5.0 #1284 (Oct 14 2022)      main.asm   04/30/25  16:46:01          PAGE  8


LOC    OBJECT CODE    LINE  SOURCE TEXT
  VALUE

                            sir@ _delay_ms_i_2_29}[r0x1047 r0x1048 ] == 0 goto _whilebreak_1($3)
000B                  00330 _00109_DS_:
000B   11??           00331         MOVF    r0x1003,W
000C   1D??           00332         IORWF   r0x1004,W
000D   3503           00333         BTFSC   STATUS,2
000E   2???           00334         GOTO    _00111_DS_
                      00335 ;;[ICODE] main.c:26: inline
000F   0000           00336         nop
                      00337 ;;[ICODE] main.c:27:    iTemp3 [k7 lr8:14 so:0]{ ia0 a2p0 re0 rm0 nos0 ru0 dp0}{unsigned-int fixed}{ sir
                            @ _delay_ms_i_2_29}[r0x1047 r0x1048 ] = iTemp3 [k7 lr8:14 so:0]{ ia0 a2p0 re0 rm0 nos0 ru0 dp0}{unsigned
                            -int fixed}{ sir@ _delay_ms_i_2_29}[r0x1047 r0x1048 ] - 0x1 {const-unsigned-char literal}
                      00338 ;       .line   27; "main.c"    i--;
0010   04FF           00339         MOVLW   0xff
0011   1E??           00340         ADDWF   r0x1003,F
0012   3003           00341         BTFSS   STATUS,0
0013   1A??           00342         DECF    r0x1004,F
                      00343 ;;[ICODE] main.c:27:     goto _whilecontinue_1($1)
0014   2???           00344         GOTO    _00109_DS_
                      00345 ;;[ICODE] main.c:27:  _whilebreak_1($3) :
                      00346 ;;[ICODE] main.c:30: inline
0015                  00347 _00111_DS_:
0015   0004           00348         clrwdt
                      00349 ;;[ICODE] main.c:31:    iTemp5 [k9 lr3:18 so:0]{ ia0 a2p0 re0 rm0 nos0 ru0 dp0}{unsigned-int fixed}[r0x1
                            045 r0x1046 ] = iTemp5 [k9 lr3:18 so:0]{ ia0 a2p0 re0 rm0 nos0 ru0 dp0}{unsigned-int fixed}[r0x1045 r0x1
                            046 ] - 0x1 {const-unsigned-char literal}
                      00350 ;       .line   31; "main.c"    xms--;
0016   04FF           00351         MOVLW   0xff
0017   1E??           00352         ADDWF   r0x1002,F
0018   3003           00353         BTFSS   STATUS,0
0019   1A??           00354         DECF    r0x1001,F
                      00355 ;;[ICODE] main.c:31:     goto _whilecontinue_0($4)
001A   2???           00356         GOTO    _00112_DS_
                      00357 ;;[ICODE] main.c:31:  _return($7) :
                      00358 ;;[ICODE] main.c:31:    eproc _delay_ms [k1 lr0:0 so:0]{ ia0 a2p0 re0 rm0 nos0 ru0 dp0}{void function ( 
                            unsigned-int fixed) fixed}
001B                  00359 _00115_DS_:
001B   0002           00360         RETURN  
                      00361 ; exit point of _delay_ms
                      00362 
                      00363 ;***
                      00364 ;  pBlock Stats: dbName = C
                      00365 ;***
                      00366 ;has an exit
                      00367 ;; Starting pCode block
                      00368 ;;[ICODE] main.c:14:  _entry($2) :
                      00369 ;;[ICODE] main.c:14:    proc __sdcc_gsinit_startup [k1 lr0:0 so:0]{ ia0 a2p0 re0 rm0 nos0 ru0 dp0}{void 
                            function ( ) fixed}
                      00370 S_main___sdcc_gsinit_startup    code
0000                  00371 __sdcc_gsinit_startup:
                      00372 ; 2 exit points
                      00373 ;;[ICODE] main.c:14: inline
0000                  00374         pagesel _main 
                      00375 ;;[ICODE] main.c:14: inline
gpasm-1.5.0 #1284 (Oct 14 2022)      main.asm   04/30/25  16:46:01          PAGE  9


LOC    OBJECT CODE    LINE  SOURCE TEXT
  VALUE

0000   2???           00376         goto    _main 
                      00377 ;;[ICODE] main.c:14:  _return($1) :
                      00378 ;;[ICODE] main.c:14:    eproc __sdcc_gsinit_startup [k1 lr0:0 so:0]{ ia0 a2p0 re0 rm0 nos0 ru0 dp0}{void
                             function ( ) fixed}
0001   0002           00379         RETURN  
                      00380 ; exit point of __sdcc_gsinit_startup
                      00381 
                      00382 
                      00383 ;       code size estimation:
                      00384 ;          45+    0 =    45 instructions (   90 byte)
                      00385 
                      00386         end
gpasm-1.5.0 #1284 (Oct 14 2022)      main.asm   04/30/25  16:46:01          PAGE 10


SYMBOL TABLE
  LABEL                              TYPE        VALUE         VALUE          VALUE
                                                 (hex)         (dec)          (text)

AUXR                              CONSTANT      00000059             89
BOR                               CONSTANT      00000006              6
BUZ                               CONSTANT      00000005              5
C                                 CONSTANT      00000000              0
CHARE                             CONSTANT      00000005              5
CHARF                             CONSTANT      00000005              5
CHARGE0                           CONSTANT      00000053             83
CHARGE1                           CONSTANT      00000054             84
CHARGEN                           CONSTANT      00000007              7
CMPCR                             CONSTANT      00000051             81
CMPEN                             CONSTANT      00000000              0
CMPF                              CONSTANT      00000003              3
CMPIE                             CONSTANT      00000002              2
CMPIES                            CONSTANT      00000001              1
CMPOF                             CONSTANT      00000005              5
CMPWK                             CONSTANT      00000003              3
CPNIS0                            CONSTANT      00000001              1
CPNIS1                            CONSTANT      00000002              2
CPNIS2                            CONSTANT      00000003              3
CPNIS3                            CONSTANT      00000004              4
CPPIS                             CONSTANT      00000000              0
DC                                CONSTANT      00000001              1
EIS                               CONSTANT      00000006              6
F                                 CONSTANT      00000001              1
FSR                               CONSTANT      00000004              4
GIE                               CONSTANT      00000007              7
GP0                               CONSTANT      00000005              5
GP1                               CONSTANT      00000006              6
GPR                               CONSTANT      00000007              7
HIRCTRM                           CONSTANT      0000005B             91
HXEN                              CONSTANT      00000001              1
INDF                              CONSTANT      00000000              0
INTE                              CONSTANT      00000002              2
INTECON                           CONSTANT      0000000E             14
INTEDG                            CONSTANT      00000006              6
INTF                              CONSTANT      00000002              2
INTFLAG                           CONSTANT      0000000F             15
IOCB                              CONSTANT      00000009              9
IOCB0                             CONSTANT      00000000              0
IOCB1                             CONSTANT      00000001              1
IOCB2                             CONSTANT      00000002              2
IOCB3                             CONSTANT      00000003              3
IOCB4                             CONSTANT      00000004              4
IOCB5                             CONSTANT      00000005              5
IOCB6                             CONSTANT      00000006              6
IOCB7                             CONSTANT      00000007              7
LVDM                              CONSTANT      00000004              4
MODSEL                            CONSTANT      00000007              7
ODB0                              CONSTANT      00000000              0
ODB1                              CONSTANT      00000001              1
ODB2                              CONSTANT      00000002              2
ODB3                              CONSTANT      00000003              3
gpasm-1.5.0 #1284 (Oct 14 2022)      main.asm   04/30/25  16:46:01          PAGE 11


SYMBOL TABLE
  LABEL                              TYPE        VALUE         VALUE          VALUE
                                                 (hex)         (dec)          (text)

ODB4                              CONSTANT      00000004              4
ODB5                              CONSTANT      00000005              5
ODB6                              CONSTANT      00000006              6
ODB7                              CONSTANT      00000007              7
ODCON                             CONSTANT      0000000C             12
OPTION                            CONSTANT      00000041             65
OSCCON                            CONSTANT      00000050             80
PBIE                              CONSTANT      00000001              1
PBIF                              CONSTANT      00000001              1
PCL                               CONSTANT      00000002              2
PCLATH                            CONSTANT      0000000A             10
PCON                              CONSTANT      00000008              8
PD                                CONSTANT      00000003              3
PDB0                              CONSTANT      00000004              4
PDB1                              CONSTANT      00000005              5
PDB2                              CONSTANT      00000006              6
PDB3                              CONSTANT      00000003              3
PDB4                              CONSTANT      00000004              4
PDB5                              CONSTANT      00000005              5
PDB6                              CONSTANT      00000006              6
PDB7                              CONSTANT      00000007              7
PDCON                             CONSTANT      0000000B             11
PDCON1                            CONSTANT      00000052             82
PHB0                              CONSTANT      00000000              0
PHB1                              CONSTANT      00000001              1
PHB2                              CONSTANT      00000002              2
PHB3                              CONSTANT      00000003              3
PHB4                              CONSTANT      00000004              4
PHB5                              CONSTANT      00000005              5
PHB6                              CONSTANT      00000006              6
PHB7                              CONSTANT      00000007              7
PHCON                             CONSTANT      0000000D             13
POR                               CONSTANT      00000007              7
PORTB                             CONSTANT      00000006              6
PORTB0                            CONSTANT      00000000              0
PORTB1                            CONSTANT      00000001              1
PORTB2                            CONSTANT      00000002              2
PORTB3                            CONSTANT      00000003              3
PORTB4                            CONSTANT      00000004              4
PORTB5                            CONSTANT      00000005              5
PORTB6                            CONSTANT      00000006              6
PORTB7                            CONSTANT      00000007              7
PS0                               CONSTANT      00000000              0
PS1                               CONSTANT      00000001              1
PS2                               CONSTANT      00000002              2
PSA                               CONSTANT      00000003              3
PSAVE                             GLOBAL        00000010             16
PWM0E                             CONSTANT      00000006              6
PWM0OE                            CONSTANT      00000007              7
PWM0P                             CONSTANT      0000004F             79
PWM1E                             CONSTANT      00000001              1
PWM1OE                            CONSTANT      00000006              6
gpasm-1.5.0 #1284 (Oct 14 2022)      main.asm   04/30/25  16:46:01          PAGE 12


SYMBOL TABLE
  LABEL                              TYPE        VALUE         VALUE          VALUE
                                                 (hex)         (dec)          (text)

PWM1P                             CONSTANT      00000049             73
PWM2E                             CONSTANT      00000000              0
PWM2OE                            CONSTANT      00000005              5
PWM2P                             CONSTANT      0000004A             74
PWM3CT                            CONSTANT      00000001              1
PWMCK                             CONSTANT      00000004              4
PWMCON                            CONSTANT      00000048             72
PWMCT                             CONSTANT      00000000              0
PWMINV                            CONSTANT      00000002              2
PWMMD                             CONSTANT      00000003              3
RAMP                              CONSTANT      00000055             85
RCTRMEN                           CONSTANT      00000002              2
RST                               CONSTANT      00000007              7
S0                                CONSTANT      00000000              0
S1                                CONSTANT      00000001              1
S2                                CONSTANT      00000002              2
S3                                CONSTANT      00000003              3
S4                                CONSTANT      00000004              4
S5                                CONSTANT      00000005              5
S6                                CONSTANT      00000006              6
S7                                CONSTANT      00000007              7
S8                                CONSTANT      00000000              0
S9                                CONSTANT      00000001              1
SCS                               CONSTANT      00000000              0
SINK_SEL                          CONSTANT      00000006              6
SLOP0                             CONSTANT      00000000              0
SLOP1                             CONSTANT      00000001              1
SLOP2                             CONSTANT      00000002              2
SSAVE                             GLOBAL        00000011             17
STATUS                            CONSTANT      00000003              3
STK00                             GLOBAL        0000001F             31
STK01                             GLOBAL        0000001E             30
STK02                             GLOBAL        0000001D             29
STK03                             GLOBAL        0000001C             28
STK04                             GLOBAL        0000001B             27
STK05                             GLOBAL        0000001A             26
STK06                             GLOBAL        00000019             25
STK07                             GLOBAL        00000018             24
STK08                             GLOBAL        00000017             23
STK09                             GLOBAL        00000016             22
STK10                             GLOBAL        00000015             21
STK11                             GLOBAL        00000014             20
STK12                             GLOBAL        00000013             19
T0                                CONSTANT      00000001              1
T0CK                              CONSTANT      00000007              7
T0CR                              CONSTANT      0000004B             75
T0CS                              CONSTANT      00000005              5
T0IE                              CONSTANT      00000000              0
T0IF                              CONSTANT      00000000              0
T0OSCEN                           CONSTANT      00000007              7
T0SE                              CONSTANT      00000004              4
T1                                CONSTANT      0000004D             77
gpasm-1.5.0 #1284 (Oct 14 2022)      main.asm   04/30/25  16:46:01          PAGE 13


SYMBOL TABLE
  LABEL                              TYPE        VALUE         VALUE          VALUE
                                                 (hex)         (dec)          (text)

T1CK0                             CONSTANT      00000003              3
T1CK1                             CONSTANT      00000004              4
T1CON                             CONSTANT      0000004C             76
T1EN                              CONSTANT      00000007              7
T1IE                              CONSTANT      00000001              1
T1IF                              CONSTANT      00000000              0
T1LOAD                            CONSTANT      0000004E             78
T1PR0                             CONSTANT      00000000              0
T1PR1                             CONSTANT      00000001              1
T1PR2                             CONSTANT      00000002              2
TEMPEN                            CONSTANT      00000006              6
TMPE                              CONSTANT      00000004              4
TMPF                              CONSTANT      00000004              4
TO                                CONSTANT      00000004              4
TRISB                             CONSTANT      00000046             70
TRISB0                            CONSTANT      00000000              0
TRISB1                            CONSTANT      00000001              1
TRISB2                            CONSTANT      00000002              2
TRISB3                            CONSTANT      00000003              3
TRISB4                            CONSTANT      00000004              4
TRISB5                            CONSTANT      00000005              5
TRISB6                            CONSTANT      00000006              6
TRISB7                            CONSTANT      00000007              7
W                                 CONSTANT      00000000              0
WDTEN                             CONSTANT      00000007              7
WSAVE                             GLOBAL        00000012             18
Z                                 CONSTANT      00000002              2
_00109_DS_                        ADDRESS       0000000B             11
_00111_DS_                        ADDRESS       00000015             21
_00112_DS_                        ADDRESS       00000003              3
_00115_DS_                        ADDRESS       0000001B             27
_00121_DS_                        ADDRESS       00000010             16
_00123_DS_                        ADDRESS       0000000A             10
_AUXR                             EXTERNAL      00000000              0
_AUXRbits                         EXTERNAL      00000000              0
_BITS_DATA0                       EXTERNAL      00000000              0
_BITS_DATA1                       EXTERNAL      00000000              0
_CHARGE0                          EXTERNAL      00000000              0
_CHARGE0bits                      EXTERNAL      00000000              0
_CHARGE1                          EXTERNAL      00000000              0
_CHARGE1bits                      EXTERNAL      00000000              0
_CMPCR                            EXTERNAL      00000000              0
_CMPCRbits                        EXTERNAL      00000000              0
_CONFIG                           CONSTANT      00002000           8192
_CP_OFF                           CONSTANT      00003FFF          16383
_CP_ON                            CONSTANT      00003FEF          16367
_CheckLvd                         EXTERNAL      00000000              0
_CheckSleep                       EXTERNAL      00000000              0
_CheckTemp                        EXTERNAL      00000000              0
_ConfigureLvd                     EXTERNAL      00000000              0
_ControlFlash                     EXTERNAL      00000000              0
_ControlLevel                     EXTERNAL      00000000              0
gpasm-1.5.0 #1284 (Oct 14 2022)      main.asm   04/30/25  16:46:01          PAGE 14


SYMBOL TABLE
  LABEL                              TYPE        VALUE         VALUE          VALUE
                                                 (hex)         (dec)          (text)

_ControlLevelHigh                 EXTERNAL      00000000              0
_ControlLevelLow                  EXTERNAL      00000000              0
_ControlSos                       EXTERNAL      00000000              0
_CountdownDisplay                 EXTERNAL      00000000              0
_FOSC_HS                          CONSTANT      00003FFD          16381
_FOSC_INTRCIO                     CONSTANT      00003FFC          16380
_FOSC_LP                          CONSTANT      00003CFF          15615
_FOSC_XT                          CONSTANT      00003DFF          15871
_FSR                              EXTERNAL      00000000              0
_GPR                              EXTERNAL      00000000              0
_HIRCTRM                          EXTERNAL      00000000              0
_HS_OSC                           CONSTANT      00003FFD          16381
_INDF                             EXTERNAL      00000000              0
_INTECON                          EXTERNAL      00000000              0
_INTECONbits                      EXTERNAL      00000000              0
_INTFLAG                          EXTERNAL      00000000              0
_INTFLAGbits                      EXTERNAL      00000000              0
_INTOSCIO                         CONSTANT      00003FFC          16380
_INTRC_OSC_NOCLKOUT               CONSTANT      00003FFC          16380
_IOCB                             EXTERNAL      00000000              0
_IOCBbits                         EXTERNAL      00000000              0
_InitPort                         EXTERNAL      00000000              0
_InitPwm                          EXTERNAL      00000000              0
_InitRam                          EXTERNAL      00000000              0
_InitSystem                       EXTERNAL      00000000              0
_LP_OSC                           CONSTANT      00003CFF          15615
_LedDisplay                       EXTERNAL      00000000              0
_LedOff                           EXTERNAL      00000000              0
_LedOn                            EXTERNAL      00000000              0
_LedSwitch                        EXTERNAL      00000000              0
_MaxLight                         EXTERNAL      00000000              0
_MotoDisplay                      EXTERNAL      00000000              0
_MotoSwitch                       EXTERNAL      00000000              0
_ODCON                            EXTERNAL      00000000              0
_ODCONbits                        EXTERNAL      00000000              0
_OPTION                           EXTERNAL      00000000              0
_OPTIONbits                       EXTERNAL      00000000              0
_OSCCON                           EXTERNAL      00000000              0
_OSCCONbits                       EXTERNAL      00000000              0
_PCL                              EXTERNAL      00000000              0
_PCLATH                           EXTERNAL      00000000              0
_PCON                             EXTERNAL      00000000              0
_PCONbits                         EXTERNAL      00000000              0
_PDCON                            EXTERNAL      00000000              0
_PDCON1                           EXTERNAL      00000000              0
_PDCON1bits                       EXTERNAL      00000000              0
_PDCONbits                        EXTERNAL      00000000              0
_PHCON                            EXTERNAL      00000000              0
_PHCONbits                        EXTERNAL      00000000              0
_PORTB                            EXTERNAL      00000000              0
_PORTBbits                        EXTERNAL      00000000              0
_PWM0P                            EXTERNAL      00000000              0
gpasm-1.5.0 #1284 (Oct 14 2022)      main.asm   04/30/25  16:46:01          PAGE 15


SYMBOL TABLE
  LABEL                              TYPE        VALUE         VALUE          VALUE
                                                 (hex)         (dec)          (text)

_PWM1P                            EXTERNAL      00000000              0
_PWM2P                            EXTERNAL      00000000              0
_PWMCON                           EXTERNAL      00000000              0
_PWMCONbits                       EXTERNAL      00000000              0
_PowOff                           EXTERNAL      00000000              0
_PowOn                            EXTERNAL      00000000              0
_RAMP                             EXTERNAL      00000000              0
_RAMPbits                         EXTERNAL      00000000              0
_STATUS                           EXTERNAL      00000000              0
_STATUSbits                       EXTERNAL      00000000              0
_ScanKey                          EXTERNAL      00000000              0
_SleepCount                       EXTERNAL      00000000              0
_SleepFlag                        EXTERNAL      00000000              0
_T0                               EXTERNAL      00000000              0
_T0CR                             EXTERNAL      00000000              0
_T0CRbits                         EXTERNAL      00000000              0
_T1                               EXTERNAL      00000000              0
_T1CON                            EXTERNAL      00000000              0
_T1CONbits                        EXTERNAL      00000000              0
_T1LOAD                           EXTERNAL      00000000              0
_TRISB                            EXTERNAL      00000000              0
_TRISBbits                        EXTERNAL      00000000              0
_TempCount                        EXTERNAL      00000000              0
_TempFlag                         EXTERNAL      00000000              0
_VERSION                          GLOBAL        00000000              0
_WDTE_OFF                         CONSTANT      00003FFB          16379
_WDTE_ON                          CONSTANT      00003FFF          16383
_WDT_OFF                          CONSTANT      00003FFB          16379
_WDT_ON                           CONSTANT      00003FFF          16383
_Work                             EXTERNAL      00000000              0
_XT_OSC                           CONSTANT      00003DFF          15871
__14_BIT                          CONSTANT      00000001              1
__18P018A0                        CONSTANT      00000001              1
__ACTIVE_BANK_ADDR                VARIABLE      FFFFFFFF             -1
__ACTIVE_PAGE_ADDR                VARIABLE      FFFFFFFF             -1
__ASSUMED_BANK_ADDR               VARIABLE      00000000              0
__BANK_0                          CONSTANT      00000000              0
__BANK_BITS                       CONSTANT      00000080            128
__BANK_FIRST                      CONSTANT      00000000              0
__BANK_INV                        CONSTANT      FFFFFFFF             -1
__BANK_LAST                       CONSTANT      00000000              0
__BANK_MASK                       CONSTANT      0000007F            127
__BANK_SHIFT                      CONSTANT      00000007              7
__BANK_SIZE                       CONSTANT      00000080            128
__CODE_END                        CONSTANT      000003FF           1023
__CODE_START                      CONSTANT      00000000              0
__CONFIG_END                      CONSTANT      00002003           8195
__CONFIG_START                    CONSTANT      00002000           8192
__GPUTILS_SVN_VERSION             CONSTANT      00000504           1284
__GPUTILS_VERSION_MAJOR           CONSTANT      00000001              1
__GPUTILS_VERSION_MICRO           CONSTANT      00000000              0
__GPUTILS_VERSION_MINOR           CONSTANT      00000005              5
gpasm-1.5.0 #1284 (Oct 14 2022)      main.asm   04/30/25  16:46:01          PAGE 16


SYMBOL TABLE
  LABEL                              TYPE        VALUE         VALUE          VALUE
                                                 (hex)         (dec)          (text)

__IDLOCS_END                      CONSTANT      00002005           8197
__IDLOCS_START                    CONSTANT      00002004           8196
__NUM_BANKS                       CONSTANT      00000001              1
__PAGE_BITS                       CONSTANT      00001800           6144
__PAGE_INV                        CONSTANT      FFFFFFFF             -1
__PAGE_MASK                       CONSTANT      00000000              0
__PAGE_SHIFT                      CONSTANT      0000000B             11
__PAGE_SIZE                       CONSTANT      00000000              0
__VECTOR_INT                      CONSTANT      00000008              8
__VECTOR_RESET                    CONSTANT      00000000              0
__WHILE_LOOP_COUNT_MAX            CONSTANT      000000FF            255
___str_0                          ADDRESS       00000000              0
__sdcc_gsinit_startup             GLOBAL        00000000              0
_delay_ms                         GLOBAL        00000000              0
_g_ucTimer10msCount               EXTERNAL      00000000              0
_g_ucTimerWorkCount               EXTERNAL      00000000              0
_main                             GLOBAL        00000000              0
r0x1001                           STATIC        00000001              1
r0x1002                           STATIC        00000000              0
r0x1003                           STATIC        00000002              2
r0x1004                           STATIC        00000003              3

Errors   :     0
Warnings :     0 reported,     0 suppressed
Messages :     1 reported,     0 suppressed

