gpasm-1.5.0 #1284 (Oct 14 2022)      temp.asm   05/05/25  10:34:47          PAGE  1


LOC    OBJECT CODE    LINE  SOURCE TEXT
  VALUE

                      00001 ;--------------------------------------------------------
                      00002 ; File Created by SDCC : free open source ANSI-C Compiler
                      00003 ; Version 3.6.0 #9615 (CYGWIN)
                      00004 ;--------------------------------------------------------
                      00005 ; PIC port for the 14-bit core
                      00006 ;--------------------------------------------------------
                      00007 ;       .file   "temp.c"
                      00008         list    p=18p018a0
                      00009         radix dec
                      00010         include "p18p018a0.inc"
                      00001        LIST
                      00002 
                      00003 ;==========================================================================
                      00004 ; Build date : Jun 02 2017
                      00005 ;  HCIDE HC18P018A0 processor include
                      00006 ; 
                      00007 ;  (c) Copyright 2012-2021 Holychip Technology, All rights reserved
                      00008 ;==========================================================================
                      00009 
Message[301]: MESSAGE: "Processor-header file mismatch.  Verify selected processor."
                      00378         LIST
                      00011 ;--------------------------------------------------------
                      00012 ; external declarations
                      00013 ;--------------------------------------------------------
  0000                00014         extern  _DelayMs
  0000                00015         extern  _ControlLevelLow
  0000                00016         extern  _ControlLevelHigh
  0000                00017         extern  _ControlLevel
  0000                00018         extern  _ControlFlash
  0000                00019         extern  _ControlSos
  0000                00020         extern  _InitPort
  0000                00021         extern  _InitSystem
  0000                00022         extern  _InitPwm
  0000                00023         extern  _InitRam
  0000                00024         extern  _STATUSbits
  0000                00025         extern  _PORTBbits
  0000                00026         extern  _PCONbits
  0000                00027         extern  _IOCBbits
  0000                00028         extern  _PDCONbits
  0000                00029         extern  _ODCONbits
  0000                00030         extern  _PHCONbits
  0000                00031         extern  _INTECONbits
  0000                00032         extern  _INTFLAGbits
  0000                00033         extern  _OPTIONbits
  0000                00034         extern  _TRISBbits
  0000                00035         extern  _PWMCONbits
  0000                00036         extern  _T0CRbits
  0000                00037         extern  _T1CONbits
  0000                00038         extern  _OSCCONbits
  0000                00039         extern  _CMPCRbits
  0000                00040         extern  _PDCON1bits
  0000                00041         extern  _CHARGE0bits
  0000                00042         extern  _CHARGE1bits
gpasm-1.5.0 #1284 (Oct 14 2022)      temp.asm   05/05/25  10:34:47          PAGE  2


LOC    OBJECT CODE    LINE  SOURCE TEXT
  VALUE

  0000                00043         extern  _RAMPbits
  0000                00044         extern  _AUXRbits
  0000                00045         extern  _BITS_DATA0
  0000                00046         extern  _BITS_DATA1
  0000                00047         extern  _g_ucTimer10msCount
  0000                00048         extern  _g_ucTimerWorkCount
  0000                00049         extern  _TempCount
  0000                00050         extern  _TempFlag
  0000                00051         extern  _SleepCount
  0000                00052         extern  _SleepFlag
  0000                00053         extern  _MaxLight
  0000                00054         extern  _INDF
  0000                00055         extern  _T0
  0000                00056         extern  _PCL
  0000                00057         extern  _STATUS
  0000                00058         extern  _FSR
  0000                00059         extern  _PORTB
  0000                00060         extern  _GPR
  0000                00061         extern  _PCON
  0000                00062         extern  _IOCB
  0000                00063         extern  _PCLATH
  0000                00064         extern  _PDCON
  0000                00065         extern  _ODCON
  0000                00066         extern  _PHCON
  0000                00067         extern  _INTECON
  0000                00068         extern  _INTFLAG
  0000                00069         extern  _OPTION
  0000                00070         extern  _TRISB
  0000                00071         extern  _PWMCON
  0000                00072         extern  _PWM1P
  0000                00073         extern  _PWM2P
  0000                00074         extern  _T0CR
  0000                00075         extern  _T1CON
  0000                00076         extern  _T1
  0000                00077         extern  _T1LOAD
  0000                00078         extern  _PWM0P
  0000                00079         extern  _OSCCON
  0000                00080         extern  _CMPCR
  0000                00081         extern  _PDCON1
  0000                00082         extern  _CHARGE0
  0000                00083         extern  _CHARGE1
  0000                00084         extern  _RAMP
  0000                00085         extern  _AUXR
  0000                00086         extern  _HIRCTRM
                      00087 
  0000                00088         extern PSAVE
  0000                00089         extern SSAVE
  0000                00090         extern WSAVE
  0000                00091         extern STK12
  0000                00092         extern STK11
  0000                00093         extern STK10
  0000                00094         extern STK09
  0000                00095         extern STK08
gpasm-1.5.0 #1284 (Oct 14 2022)      temp.asm   05/05/25  10:34:47          PAGE  3


LOC    OBJECT CODE    LINE  SOURCE TEXT
  VALUE

  0000                00096         extern STK07
  0000                00097         extern STK06
  0000                00098         extern STK05
  0000                00099         extern STK04
  0000                00100         extern STK03
  0000                00101         extern STK02
  0000                00102         extern STK01
  0000                00103         extern STK00
                      00104 ;--------------------------------------------------------
                      00105 ; global declarations
                      00106 ;--------------------------------------------------------
  0000                00107         global  _CheckSleep
  0000                00108         global  _CheckTemp
                      00109 
                      00110 ;--------------------------------------------------------
                      00111 ; global definitions
                      00112 ;--------------------------------------------------------
                      00113 ;--------------------------------------------------------
                      00114 ; absolute symbol definitions
                      00115 ;--------------------------------------------------------
                      00116 ;--------------------------------------------------------
                      00117 ; compiler-defined variables
                      00118 ;--------------------------------------------------------
                      00119 UDL_temp_0      udata
0000                  00120 r0x1005 res     1
0001                  00121 r0x1006 res     1
                      00122 ;--------------------------------------------------------
                      00123 ; initialized data
                      00124 ;--------------------------------------------------------
                      00125 ;--------------------------------------------------------
                      00126 ; overlayable items in internal ram 
                      00127 ;--------------------------------------------------------
                      00128 ;       udata_ovr
                      00129 ;--------------------------------------------------------
                      00130 ; code
                      00131 ;--------------------------------------------------------
                      00132 code_temp       code
                      00133 ;***
                      00134 ;  pBlock Stats: dbName = C
                      00135 ;***
                      00136 ;has an exit
                      00137 ;functions called:
                      00138 ;   _DelayMs
                      00139 ;   _InitPort
                      00140 ;   _InitPort
                      00141 ;   _DelayMs
                      00142 ;   _InitPort
                      00143 ;   _InitPort
                      00144 ;2 compiler assigned registers:
                      00145 ;   r0x1005
                      00146 ;   r0x1006
                      00147 ;; Starting pCode block
                      00148 ;;[ICODE] temp.c:30:  _entry($7) :
gpasm-1.5.0 #1284 (Oct 14 2022)      temp.asm   05/05/25  10:34:47          PAGE  4


LOC    OBJECT CODE    LINE  SOURCE TEXT
  VALUE

                      00149 ;;[ICODE] temp.c:30:    proc _CheckSleep [k1 lr0:0 so:0]{ ia0 a2p0 re0 rm0 nos0 ru0 dp0}{void function (
                             ) fixed}
                      00150 S_temp__CheckSleep      code
0000                  00151 _CheckSleep:
                      00152 ; 2 exit points
                      00153 ;;[ICODE] temp.c:32:    iTemp1 [k5 lr3:5 so:0]{ ia0 a2p0 re0 rm1 nos0 ru0 dp0}{unsigned-bitfield {5,1} n
                            ear* fixed}[remat] = &[_BITS_DATA0 [k2 lr0:0 so:0]{ ia0 a2p0 re0 rm0 nos0 ru0 dp0}{struct __bits8_t fixe
                            d} , 0x0 {const-unsigned-char literal}]
                      00154 ;;[ICODE] temp.c:32:    iTemp2 [k6 lr5:6 so:0]{ ia0 a2p0 re0 rm0 nos0 ru0 dp0}{unsigned-bitfield {5,1} f
                            ixed}[r0x1049 ] = @[iTemp1 [k5 lr3:5 so:0]{ ia1 a2p0 re0 rm1 nos0 ru0 dp0}{unsigned-bitfield {5,1} near*
                             fixed}[remat] + 0x0 {const-unsigned-char literal}]
                      00155 ;       .line   32; "temp.c"    if(1 == IsLight || 1 == IsMotor)
0000   18??           00156         CLRF    r0x1005
0001   36??           00157         BTFSC   _BITS_DATA0,5
0002   13??           00158         INCF    r0x1005,F
                      00159 ;;[ICODE] temp.c:32:    iTemp3 [k7 lr6:7 so:0]{ ia0 a2p0 re0 rm0 nos0 ru0 dp0}{char fixed}[r0x104A ] = (
                            char register)iTemp2 [k6 lr5:6 so:0]{ ia0 a2p0 re0 rm0 nos0 ru0 dp0}{unsigned-bitfield {5,1} fixed}[r0x1
                            049 ]
0003   11??           00160         MOVF    r0x1005,W
0004   19??           00161         MOVWF   r0x1006
0005   0D01           00162         XORLW   0x01
0006   3503           00163         BTFSC   STATUS,2
0007   2???           00164         GOTO    _00114_DS_
0008   18??           00165         CLRF    r0x1005
0009   37??           00166         BTFSC   _BITS_DATA0,6
000A   13??           00167         INCF    r0x1005,F
                      00168 ;;[ICODE] temp.c:32:    iTemp8 [k13 lr12:13 so:0]{ ia0 a2p0 re0 rm0 nos0 ru0 dp0}{char fixed}[r0x104A ] 
                            = (char register)iTemp7 [k12 lr11:12 so:0]{ ia0 a2p0 re0 rm0 nos0 ru0 dp0}{unsigned-bitfield {6,1} fixed
                            }[r0x1049 ]
000B   11??           00169         MOVF    r0x1005,W
000C   19??           00170         MOVWF   r0x1006
000D   0D01           00171         XORLW   0x01
000E   3103           00172         BTFSS   STATUS,2
000F   2???           00173         GOTO    _00115_DS_
                      00174 ;;[ICODE] temp.c:32:    if iTemp9 [k14 lr13:14 so:0]{ ia0 a2p0 re0 rm0 nos0 ru0 dp0}{char fixed} == 0 go
                            to __iffalse_2($2)
                      00175 ;;[ICODE] temp.c:32:  __iftrue_2($1) :
                      00176 ;;[ICODE] temp.c:34:    _SleepCount [k15 lr0:0 so:0]{ ia1 a2p0 re0 rm0 nos0 ru0 dp0}{unsigned-int fixed}
                             := 0x0 {unsigned-int literal}
0010                  00177 _00114_DS_:
                      00178 ;       .line   34; "temp.c"    SleepCount = 0;
0010   18??           00179         CLRF    _SleepCount
0011   18??           00180         CLRF    (_SleepCount + 1)
                      00181 ;;[ICODE] temp.c:34:  __iffalse_2($2) :
                      00182 ;;[ICODE] temp.c:40:    iTemp11 [k17 lr18:19 so:0]{ ia0 a2p0 re0 rm0 nos0 ru0 dp0}{char fixed} = _SleepC
                            ount [k15 lr0:0 so:0]{ ia0 a2p0 re0 rm0 nos0 ru0 dp0}{unsigned-int fixed} < 0x3e8 {unsigned-int literal}
                      00183 ;;unsigned compare: left < lit(0x3E8=1000), size=2
0012                  00184 _00115_DS_:
                      00185 ;       .line   40; "temp.c"    if(SleepCount < 1000)
0012   0403           00186         MOVLW   0x03
0013   1B??           00187         SUBWF   (_SleepCount + 1),W
0014   3103           00188         BTFSS   STATUS,2
0015   2???           00189         GOTO    _00128_DS_
gpasm-1.5.0 #1284 (Oct 14 2022)      temp.asm   05/05/25  10:34:47          PAGE  5


LOC    OBJECT CODE    LINE  SOURCE TEXT
  VALUE

0016   04E8           00190         MOVLW   0xe8
0017   1B??           00191         SUBWF   _SleepCount,W
0018                  00192 _00128_DS_:
0018   3403           00193         BTFSC   STATUS,0
0019   2???           00194         GOTO    _00118_DS_
                      00195 ;;genSkipc:3257: created from rifx:0x782c44
                      00196 ;;[ICODE] temp.c:40:    if iTemp11 [k17 lr18:19 so:0]{ ia0 a2p0 re0 rm0 nos0 ru0 dp0}{char fixed} == 0 g
                            oto __iffalse_3($5)
                      00197 ;;[ICODE] temp.c:42:    _SleepCount [k15 lr0:0 so:0]{ ia1 a2p0 re0 rm0 nos0 ru0 dp0}{unsigned-int fixed}
                             = _SleepCount [k15 lr0:0 so:0]{ ia1 a2p0 re0 rm0 nos0 ru0 dp0}{unsigned-int fixed} + 0x1 {const-unsigne
                            d-char literal}
                      00198 ;       .line   42; "temp.c"    SleepCount++;
001A   13??           00199         INCF    _SleepCount,F
001B   3503           00200         BTFSC   STATUS,2
001C   13??           00201         INCF    (_SleepCount + 1),F
                      00202 ;;[ICODE] temp.c:43:    ret
                      00203 ;       .line   43; "temp.c"    return;
001D   2???           00204         GOTO    _00119_DS_
                      00205 ;;[ICODE] temp.c:43:  __iffalse_3($5) :
                      00206 ;;[ICODE] temp.c:48:    iTemp16 [k24 lr24:26 so:0]{ ia0 a2p0 re0 rm1 nos0 ru0 dp0}{volatile-unsigned-bit
                            field {4,1} near* fixed}[remat] = &[_CMPCRbits [k21 lr0:0 so:0]{ ia0 a2p0 re0 rm0 nos0 ru0 dp0}{volatile
                            -struct __00000056 fixed} , 0x0 {const-unsigned-char literal}]
                      00207 ;;[ICODE] temp.c:48:    *(iTemp16 [k24 lr24:26 so:0]{ ia1 a2p0 re0 rm1 nos0 ru0 dp0}{volatile-unsigned-b
                            itfield {4,1} near* fixed}[remat]) := 0x0 {const-unsigned-char literal}
001E                  00208 _00118_DS_:
                      00209 ;       .line   48; "temp.c"    LVDM = 0;               
001E   3E??           00210         BCF     _CMPCRbits,4
                      00211 ;;[ICODE] temp.c:49:    iTemp18 [k28 lr27:29 so:0]{ ia0 a2p0 re0 rm1 nos0 ru0 dp0}{volatile-unsigned-bit
                            field {0,1} near* fixed}[remat] = &[_PCONbits [k25 lr0:0 so:0]{ ia0 a2p0 re0 rm0 nos0 ru0 dp0}{volatile-
                            struct __00000006 fixed} , 0x0 {const-unsigned-char literal}]
                      00212 ;;[ICODE] temp.c:49:    *(iTemp18 [k28 lr27:29 so:0]{ ia1 a2p0 re0 rm1 nos0 ru0 dp0}{volatile-unsigned-b
                            itfield {0,1} near* fixed}[remat]) := 0x0 {const-unsigned-char literal}
                      00213 ;       .line   49; "temp.c"    CMPEN = 0;
001F   3C??           00214         BCF     _PCONbits,0
                      00215 ;;[ICODE] temp.c:50:    iTemp20 [k31 lr30:32 so:0]{ ia0 a2p0 re0 rm1 nos0 ru0 dp0}{volatile-unsigned-bit
                            field {5,1} near* fixed}[remat] = &[_PCONbits [k25 lr0:0 so:0]{ ia0 a2p0 re0 rm0 nos0 ru0 dp0}{volatile-
                            struct __00000006 fixed} , 0x0 {const-unsigned-char literal}]
                      00216 ;;[ICODE] temp.c:50:    *(iTemp20 [k31 lr30:32 so:0]{ ia1 a2p0 re0 rm1 nos0 ru0 dp0}{volatile-unsigned-b
                            itfield {5,1} near* fixed}[remat]) := 0x0 {const-unsigned-char literal}
                      00217 ;       .line   50; "temp.c"    CMPOF = 0;
0020   3E??           00218         BCF     _PCONbits,5
                      00219 ;;[ICODE] temp.c:51:    iTemp22 [k35 lr33:35 so:0]{ ia0 a2p0 re0 rm1 nos0 ru0 dp0}{volatile-unsigned-bit
                            field {6,1} near* fixed}[remat] = &[_CHARGE1bits [k32 lr0:0 so:0]{ ia0 a2p0 re0 rm0 nos0 ru0 dp0}{volati
                            le-struct __00000065 fixed} , 0x0 {const-unsigned-char literal}]
                      00220 ;;[ICODE] temp.c:51:    *(iTemp22 [k35 lr33:35 so:0]{ ia1 a2p0 re0 rm1 nos0 ru0 dp0}{volatile-unsigned-b
                            itfield {6,1} near* fixed}[remat]) := 0x0 {const-unsigned-char literal}
                      00221 ;       .line   51; "temp.c"    TEMPEN = 0;
0021   3F??           00222         BCF     _CHARGE1bits,6
                      00223 ;;[ICODE] temp.c:52:    iTemp24 [k39 lr36:38 so:0]{ ia0 a2p0 re0 rm1 nos0 ru0 dp0}{volatile-unsigned-bit
                            field {4,1} near* fixed}[remat] = &[_INTFLAGbits [k36 lr0:0 so:0]{ ia0 a2p0 re0 rm0 nos0 ru0 dp0}{volati
                            le-struct __00000027 fixed} , 0x0 {const-unsigned-char literal}]
                      00224 ;;[ICODE] temp.c:52:    *(iTemp24 [k39 lr36:38 so:0]{ ia1 a2p0 re0 rm1 nos0 ru0 dp0}{volatile-unsigned-b
                            itfield {4,1} near* fixed}[remat]) := 0x0 {const-unsigned-char literal}
gpasm-1.5.0 #1284 (Oct 14 2022)      temp.asm   05/05/25  10:34:47          PAGE  6


LOC    OBJECT CODE    LINE  SOURCE TEXT
  VALUE

                      00225 ;       .line   52; "temp.c"    TMPF = 0;
0022   3E??           00226         BCF     _INTFLAGbits,4
                      00227 ;;[ICODE] temp.c:53:    iTemp26 [k43 lr39:41 so:0]{ ia0 a2p0 re0 rm1 nos0 ru0 dp0}{volatile-unsigned-bit
                            field {7,1} near* fixed}[remat] = &[_RAMPbits [k40 lr0:0 so:0]{ ia0 a2p0 re0 rm0 nos0 ru0 dp0}{volatile-
                            struct __00000070 fixed} , 0x0 {const-unsigned-char literal}]
                      00228 ;;[ICODE] temp.c:53:    *(iTemp26 [k43 lr39:41 so:0]{ ia1 a2p0 re0 rm1 nos0 ru0 dp0}{volatile-unsigned-b
                            itfield {7,1} near* fixed}[remat]) := 0x0 {const-unsigned-char literal}
                      00229 ;       .line   53; "temp.c"    MODSEL = 0;
0023   3F??           00230         BCF     _RAMPbits,7
                      00231 ;;[ICODE] temp.c:54:    iTemp27 [k45 lr42:42 so:0]{ ia0 a2p0 re0 rm0 nos0 ru0 dp0}{void fixed} = call _D
                            elayMs [k44 lr0:0 so:0]{ ia0 a2p0 re0 rm0 nos0 ru0 dp0}{void function ( ) fixed}
                      00232 ;       .line   54; "temp.c"    DelayMs();
0024   2???           00233         CALL    _DelayMs
                      00234 ;;[ICODE] temp.c:55:    iTemp29 [k48 lr43:45 so:0]{ ia0 a2p0 re0 rm1 nos0 ru0 dp0}{volatile-unsigned-bit
                            field {7,1} near* fixed}[remat] = &[_PCONbits [k25 lr0:0 so:0]{ ia0 a2p0 re0 rm0 nos0 ru0 dp0}{volatile-
                            struct __00000006 fixed} , 0x0 {const-unsigned-char literal}]
                      00235 ;;[ICODE] temp.c:55:    *(iTemp29 [k48 lr43:45 so:0]{ ia1 a2p0 re0 rm1 nos0 ru0 dp0}{volatile-unsigned-b
                            itfield {7,1} near* fixed}[remat]) := 0x0 {const-unsigned-char literal}
                      00236 ;       .line   55; "temp.c"    WDTEN = 0;
0025   3F??           00237         BCF     _PCONbits,7
                      00238 ;;[ICODE] temp.c:57:    iTemp30 [k50 lr46:46 so:0]{ ia0 a2p0 re0 rm0 nos0 ru0 dp0}{void fixed} = call _I
                            nitPort [k49 lr0:0 so:0]{ ia0 a2p0 re0 rm0 nos0 ru0 dp0}{void function ( ) fixed}
                      00239 ;       .line   57; "temp.c"    InitPort();
0026   2???           00240         CALL    _InitPort
                      00241 ;;[ICODE] temp.c:63: inline
0027   1106           00242         movf    PORTB,W
                      00243         
                      00244 ;;[ICODE] temp.c:65:    iTemp32 [k53 lr48:50 so:0]{ ia0 a2p0 re0 rm1 nos0 ru0 dp0}{volatile-unsigned-bit
                            field {1,1} near* fixed}[remat] = &[_INTFLAGbits [k36 lr0:0 so:0]{ ia0 a2p0 re0 rm0 nos0 ru0 dp0}{volati
                            le-struct __00000027 fixed} , 0x0 {const-unsigned-char literal}]
                      00245 ;;[ICODE] temp.c:65:    *(iTemp32 [k53 lr48:50 so:0]{ ia1 a2p0 re0 rm1 nos0 ru0 dp0}{volatile-unsigned-b
                            itfield {1,1} near* fixed}[remat]) := 0x0 {const-unsigned-char literal}
                      00246 ;       .line   65; "temp.c"    PBIF = 0;
0028   3C??           00247         BCF     _INTFLAGbits,1
                      00248 ;;[ICODE] temp.c:66:    iTemp34 [k57 lr51:53 so:0]{ ia0 a2p0 re0 rm1 nos0 ru0 dp0}{volatile-unsigned-bit
                            field {1,1} near* fixed}[remat] = &[_INTECONbits [k54 lr0:0 so:0]{ ia0 a2p0 re0 rm0 nos0 ru0 dp0}{volati
                            le-struct __00000024 fixed} , 0x0 {const-unsigned-char literal}]
                      00249 ;;[ICODE] temp.c:66:    *(iTemp34 [k57 lr51:53 so:0]{ ia1 a2p0 re0 rm1 nos0 ru0 dp0}{volatile-unsigned-b
                            itfield {1,1} near* fixed}[remat]) := 0x1 {const-unsigned-char literal}
                      00250 ;       .line   66; "temp.c"    PBIE = 1;
0029   38??           00251         BSF     _INTECONbits,1
                      00252 ;;[ICODE] temp.c:67:    iTemp36 [k60 lr54:56 so:0]{ ia0 a2p0 re0 rm1 nos0 ru0 dp0}{volatile-unsigned-bit
                            field {7,1} near* fixed}[remat] = &[_INTECONbits [k54 lr0:0 so:0]{ ia0 a2p0 re0 rm0 nos0 ru0 dp0}{volati
                            le-struct __00000024 fixed} , 0x0 {const-unsigned-char literal}]
                      00253 ;;[ICODE] temp.c:67:    *(iTemp36 [k60 lr54:56 so:0]{ ia1 a2p0 re0 rm1 nos0 ru0 dp0}{volatile-unsigned-b
                            itfield {7,1} near* fixed}[remat]) := 0x0 {const-unsigned-char literal}
                      00254 ;       .line   67; "temp.c"    GIE = 0;
002A   3F??           00255         BCF     _INTECONbits,7
                      00256 ;;[ICODE] temp.c:75: inline
002B   0003           00257         SLEEP
002C   0000           00258         nop
002D   0000           00259         nop
002E   0000           00260         nop
gpasm-1.5.0 #1284 (Oct 14 2022)      temp.asm   05/05/25  10:34:47          PAGE  7


LOC    OBJECT CODE    LINE  SOURCE TEXT
  VALUE

002F   0000           00261         nop
                      00262         
                      00263 ;;[ICODE] temp.c:79: inline
0030   1106           00264         movf    PORTB,W
                      00265         
                      00266 ;;[ICODE] temp.c:81:    iTemp38 [k63 lr59:61 so:0]{ ia0 a2p0 re0 rm1 nos0 ru0 dp0}{volatile-unsigned-bit
                            field {1,1} near* fixed}[remat] = &[_INTECONbits [k54 lr0:0 so:0]{ ia0 a2p0 re0 rm0 nos0 ru0 dp0}{volati
                            le-struct __00000024 fixed} , 0x0 {const-unsigned-char literal}]
                      00267 ;;[ICODE] temp.c:81:    *(iTemp38 [k63 lr59:61 so:0]{ ia1 a2p0 re0 rm1 nos0 ru0 dp0}{volatile-unsigned-b
                            itfield {1,1} near* fixed}[remat]) := 0x0 {const-unsigned-char literal}
                      00268 ;       .line   81; "temp.c"    PBIE = 0;
0031   3C??           00269         BCF     _INTECONbits,1
                      00270 ;;[ICODE] temp.c:82:    _IOCB [k64 lr0:0 so:0]{ ia1 a2p0 re0 rm0 nos0 ru0 dp0}{volatile-unsigned-char sf
                            r} := 0x0 {const-unsigned-char literal}
                      00271 ;       .line   82; "temp.c"    IOCB = 0;
0032   18??           00272         CLRF    _IOCB
                      00273 ;;[ICODE] temp.c:83:    iTemp40 [k67 lr63:65 so:0]{ ia0 a2p0 re0 rm1 nos0 ru0 dp0}{volatile-unsigned-bit
                            field {4,1} near* fixed}[remat] = &[_CMPCRbits [k21 lr0:0 so:0]{ ia0 a2p0 re0 rm0 nos0 ru0 dp0}{volatile
                            -struct __00000056 fixed} , 0x0 {const-unsigned-char literal}]
                      00274 ;;[ICODE] temp.c:83:    *(iTemp40 [k67 lr63:65 so:0]{ ia1 a2p0 re0 rm1 nos0 ru0 dp0}{volatile-unsigned-b
                            itfield {4,1} near* fixed}[remat]) := 0x1 {const-unsigned-char literal}
                      00275 ;       .line   83; "temp.c"    LVDM = 1;
0033   3A??           00276         BSF     _CMPCRbits,4
                      00277 ;;[ICODE] temp.c:84: inline
0034   0004           00278         clrwdt
                      00279 ;;[ICODE] temp.c:85:    iTemp42 [k70 lr67:69 so:0]{ ia0 a2p0 re0 rm1 nos0 ru0 dp0}{volatile-unsigned-bit
                            field {7,1} near* fixed}[remat] = &[_PCONbits [k25 lr0:0 so:0]{ ia0 a2p0 re0 rm0 nos0 ru0 dp0}{volatile-
                            struct __00000006 fixed} , 0x0 {const-unsigned-char literal}]
                      00280 ;;[ICODE] temp.c:85:    *(iTemp42 [k70 lr67:69 so:0]{ ia1 a2p0 re0 rm1 nos0 ru0 dp0}{volatile-unsigned-b
                            itfield {7,1} near* fixed}[remat]) := 0x1 {const-unsigned-char literal}
                      00281 ;       .line   85; "temp.c"    WDTEN = 1;
0035   3B??           00282         BSF     _PCONbits,7
                      00283 ;;[ICODE] temp.c:86:    iTemp44 [k73 lr70:72 so:0]{ ia0 a2p0 re0 rm1 nos0 ru0 dp0}{volatile-unsigned-bit
                            field {7,1} near* fixed}[remat] = &[_INTECONbits [k54 lr0:0 so:0]{ ia0 a2p0 re0 rm0 nos0 ru0 dp0}{volati
                            le-struct __00000024 fixed} , 0x0 {const-unsigned-char literal}]
                      00284 ;;[ICODE] temp.c:86:    *(iTemp44 [k73 lr70:72 so:0]{ ia1 a2p0 re0 rm1 nos0 ru0 dp0}{volatile-unsigned-b
                            itfield {7,1} near* fixed}[remat]) := 0x1 {const-unsigned-char literal}
                      00285 ;       .line   86; "temp.c"    GIE = 1;
0036   3B??           00286         BSF     _INTECONbits,7
                      00287 ;;[ICODE] temp.c:89:    iTemp45 [k74 lr73:73 so:0]{ ia0 a2p0 re0 rm0 nos0 ru0 dp0}{void fixed} = call _I
                            nitPort [k49 lr0:0 so:0]{ ia0 a2p0 re0 rm0 nos0 ru0 dp0}{void function ( ) fixed}
                      00288 ;       .line   89; "temp.c"    InitPort();
0037   2???           00289         CALL    _InitPort
                      00290 ;;[ICODE] temp.c:92:    iTemp47 [k77 lr74:76 so:0]{ ia0 a2p0 re0 rm1 nos0 ru0 dp0}{volatile-unsigned-bit
                            field {7,1} near* fixed}[remat] = &[_RAMPbits [k40 lr0:0 so:0]{ ia0 a2p0 re0 rm0 nos0 ru0 dp0}{volatile-
                            struct __00000070 fixed} , 0x0 {const-unsigned-char literal}]
                      00291 ;;[ICODE] temp.c:92:    *(iTemp47 [k77 lr74:76 so:0]{ ia1 a2p0 re0 rm1 nos0 ru0 dp0}{volatile-unsigned-b
                            itfield {7,1} near* fixed}[remat]) := 0x1 {const-unsigned-char literal}
                      00292 ;       .line   92; "temp.c"    MODSEL = 1;
0038   3B??           00293         BSF     _RAMPbits,7
                      00294 ;;[ICODE] temp.c:93:    _SleepCount [k15 lr0:0 so:0]{ ia1 a2p0 re0 rm0 nos0 ru0 dp0}{unsigned-int fixed}
                             := 0x0 {unsigned-int literal}
                      00295 ;       .line   93; "temp.c"    SleepCount = 0;
gpasm-1.5.0 #1284 (Oct 14 2022)      temp.asm   05/05/25  10:34:47          PAGE  8


LOC    OBJECT CODE    LINE  SOURCE TEXT
  VALUE

0039   18??           00296         CLRF    _SleepCount
003A   18??           00297         CLRF    (_SleepCount + 1)
                      00298 ;;[ICODE] temp.c:93:  _return($6) :
                      00299 ;;[ICODE] temp.c:93:    eproc _CheckSleep [k1 lr0:0 so:0]{ ia0 a2p0 re0 rm0 nos0 ru0 dp0}{void function 
                            ( ) fixed}
003B                  00300 _00119_DS_:
003B   0002           00301         RETURN  
                      00302 ; exit point of _CheckSleep
                      00303 
                      00304 ;***
                      00305 ;  pBlock Stats: dbName = C
                      00306 ;***
                      00307 ;has an exit
                      00308 ;functions called:
                      00309 ;   _DelayMs
                      00310 ;   _DelayMs
                      00311 ;; Starting pCode block
                      00312 ;;[ICODE] temp.c:7:  _entry($7) :
                      00313 ;;[ICODE] temp.c:7:     proc _CheckTemp [k1 lr0:0 so:0]{ ia0 a2p0 re0 rm0 nos0 ru0 dp0}{void function ( 
                            ) fixed}
                      00314 S_temp__CheckTemp       code
0000                  00315 _CheckTemp:
                      00316 ; 2 exit points
                      00317 ;;[ICODE] temp.c:9:     iTemp1 [k5 lr3:5 so:0]{ ia0 a2p0 re0 rm1 nos0 ru0 dp0}{volatile-unsigned-bitfiel
                            d {6,1} near* fixed}[remat] = &[_CHARGE1bits [k2 lr0:0 so:0]{ ia0 a2p0 re0 rm0 nos0 ru0 dp0}{volatile-st
                            ruct __00000065 fixed} , 0x0 {const-unsigned-char literal}]
                      00318 ;;[ICODE] temp.c:9:     *(iTemp1 [k5 lr3:5 so:0]{ ia1 a2p0 re0 rm1 nos0 ru0 dp0}{volatile-unsigned-bitfi
                            eld {6,1} near* fixed}[remat]) := 0x1 {const-unsigned-char literal}
                      00319 ;       .line   9; "temp.c"     TEMPEN = 1;
0000   3B??           00320         BSF     _CHARGE1bits,6
                      00321 ;;[ICODE] temp.c:10:    iTemp2 [k7 lr6:6 so:0]{ ia0 a2p0 re0 rm0 nos0 ru0 dp0}{void fixed} = call _Delay
                            Ms [k6 lr0:0 so:0]{ ia0 a2p0 re0 rm0 nos0 ru0 dp0}{void function ( ) fixed}
                      00322 ;       .line   10; "temp.c"    DelayMs();
0001   2???           00323         CALL    _DelayMs
                      00324 ;;[ICODE] temp.c:11:    iTemp4 [k11 lr7:9 so:0]{ ia0 a2p0 re0 rm1 nos0 ru0 dp0}{volatile-unsigned-bitfie
                            ld {4,1} near* fixed}[remat] = &[_INTFLAGbits [k8 lr0:0 so:0]{ ia0 a2p0 re0 rm0 nos0 ru0 dp0}{volatile-s
                            truct __00000027 fixed} , 0x0 {const-unsigned-char literal}]
                      00325 ;;[ICODE] temp.c:11:    iTemp5 [k12 lr9:10 so:0]{ ia0 a2p0 re0 rm0 nos0 ru0 dp0}{volatile-unsigned-bitfi
                            eld {4,1} fixed}[r0x1047 ] = @[iTemp4 [k11 lr7:9 so:0]{ ia1 a2p0 re0 rm1 nos0 ru0 dp0}{volatile-unsigned
                            -bitfield {4,1} near* fixed}[remat] + 0x0 {const-unsigned-char literal}]
                      00326 ;       .line   11; "temp.c"    if(TMPF == 0)
0002   36??           00327         BTFSC   _INTFLAGbits,4
0003   2???           00328         GOTO    _00106_DS_
                      00329 ;;[ICODE] temp.c:11:    if iTemp5 [k12 lr9:10 so:0]{ ia0 a2p0 re0 rm0 nos0 ru0 dp0}{volatile-unsigned-bi
                            tfield {4,1} fixed}[r0x1047 ] != 0 goto __iffalse_0($2)
                      00330 ;;[ICODE] temp.c:13:    _TempCount [k13 lr0:0 so:0]{ ia1 a2p0 re0 rm0 nos0 ru0 dp0}{unsigned-char fixed}
                             := 0x0 {const-unsigned-char literal}
                      00331 ;       .line   13; "temp.c"    TempCount = 0;
0004   18??           00332         CLRF    _TempCount
                      00333 ;;[ICODE] temp.c:14:    _TempFlag [k15 lr0:0 so:0]{ ia1 a2p0 re0 rm0 nos0 ru0 dp0}{unsigned-char fixed} 
                            := 0x0 {const-unsigned-char literal}
                      00334 ;       .line   14; "temp.c"    TempFlag = 0;
0005   18??           00335         CLRF    _TempFlag
gpasm-1.5.0 #1284 (Oct 14 2022)      temp.asm   05/05/25  10:34:47          PAGE  9


LOC    OBJECT CODE    LINE  SOURCE TEXT
  VALUE

                      00336 ;;[ICODE] temp.c:14:     goto __ifend_0($3)
0006   2???           00337         GOTO    _00107_DS_
                      00338 ;;[ICODE] temp.c:14:  __iffalse_0($2) :
                      00339 ;;[ICODE] temp.c:18:    _TempCount [k13 lr0:0 so:0]{ ia1 a2p0 re0 rm0 nos0 ru0 dp0}{unsigned-char fixed}
                             = _TempCount [k13 lr0:0 so:0]{ ia1 a2p0 re0 rm0 nos0 ru0 dp0}{unsigned-char fixed} + 0x1 {const-unsigne
                            d-char literal}
0007                  00340 _00106_DS_:
                      00341 ;       .line   18; "temp.c"    TempCount++;
0007   13??           00342         INCF    _TempCount,F
                      00343 ;;[ICODE] temp.c:18:  __ifend_0($3) :
                      00344 ;;[ICODE] temp.c:21:    iTemp11 [k20 lr18:19 so:0]{ ia0 a2p0 re0 rm0 nos0 ru0 dp0}{char fixed} = 0x5 {co
                            nst-unsigned-char literal} == _TempCount [k13 lr0:0 so:0]{ ia0 a2p0 re0 rm0 nos0 ru0 dp0}{unsigned-char 
                            fixed}
0008                  00345 _00107_DS_:
                      00346 ;       .line   21; "temp.c"    if(5 == TempCount)
0008   11??           00347         MOVF    _TempCount,W
0009   0D05           00348         XORLW   0x05
000A   3103           00349         BTFSS   STATUS,2
000B   2???           00350         GOTO    _00109_DS_
                      00351 ;;[ICODE] temp.c:21:    if iTemp11 [k20 lr18:19 so:0]{ ia0 a2p0 re0 rm0 nos0 ru0 dp0}{char fixed} == 0 g
                            oto __iffalse_1($5)
                      00352 ;;[ICODE] temp.c:23:    _TempFlag [k15 lr0:0 so:0]{ ia1 a2p0 re0 rm0 nos0 ru0 dp0}{unsigned-char fixed} 
                            := 0x1 {const-unsigned-char literal}
                      00353 ;       .line   23; "temp.c"    TempFlag = 1;
000C   0401           00354         MOVLW   0x01
000D   19??           00355         MOVWF   _TempFlag
                      00356 ;;[ICODE] temp.c:23:  __iffalse_1($5) :
                      00357 ;;[ICODE] temp.c:26:    iTemp14 [k24 lr22:24 so:0]{ ia0 a2p0 re0 rm1 nos0 ru0 dp0}{volatile-unsigned-bit
                            field {6,1} near* fixed}[remat] = &[_CHARGE1bits [k2 lr0:0 so:0]{ ia0 a2p0 re0 rm0 nos0 ru0 dp0}{volatil
                            e-struct __00000065 fixed} , 0x0 {const-unsigned-char literal}]
                      00358 ;;[ICODE] temp.c:26:    *(iTemp14 [k24 lr22:24 so:0]{ ia1 a2p0 re0 rm1 nos0 ru0 dp0}{volatile-unsigned-b
                            itfield {6,1} near* fixed}[remat]) := 0x0 {const-unsigned-char literal}
000E                  00359 _00109_DS_:
                      00360 ;       .line   26; "temp.c"    TEMPEN = 0;
000E   3F??           00361         BCF     _CHARGE1bits,6
                      00362 ;;[ICODE] temp.c:27:    iTemp16 [k27 lr25:27 so:0]{ ia0 a2p0 re0 rm1 nos0 ru0 dp0}{volatile-unsigned-bit
                            field {4,1} near* fixed}[remat] = &[_INTFLAGbits [k8 lr0:0 so:0]{ ia0 a2p0 re0 rm0 nos0 ru0 dp0}{volatil
                            e-struct __00000027 fixed} , 0x0 {const-unsigned-char literal}]
                      00363 ;;[ICODE] temp.c:27:    *(iTemp16 [k27 lr25:27 so:0]{ ia1 a2p0 re0 rm1 nos0 ru0 dp0}{volatile-unsigned-b
                            itfield {4,1} near* fixed}[remat]) := 0x0 {const-unsigned-char literal}
                      00364 ;       .line   27; "temp.c"    TMPF = 0;
000F   3E??           00365         BCF     _INTFLAGbits,4
                      00366 ;;[ICODE] temp.c:27:  _return($6) :
                      00367 ;;[ICODE] temp.c:27:    eproc _CheckTemp [k1 lr0:0 so:0]{ ia0 a2p0 re0 rm0 nos0 ru0 dp0}{void function (
                             ) fixed}
0010   0002           00368         RETURN  
                      00369 ; exit point of _CheckTemp
                      00370 
                      00371 
                      00372 ;       code size estimation:
                      00373 ;          69+    0 =    69 instructions (  138 byte)
                      00374 
                      00375         end
gpasm-1.5.0 #1284 (Oct 14 2022)      temp.asm   05/05/25  10:34:47          PAGE 10


SYMBOL TABLE
  LABEL                              TYPE        VALUE         VALUE          VALUE
                                                 (hex)         (dec)          (text)

AUXR                              CONSTANT      00000059             89
BOR                               CONSTANT      00000006              6
BUZ                               CONSTANT      00000005              5
C                                 CONSTANT      00000000              0
CHARE                             CONSTANT      00000005              5
CHARF                             CONSTANT      00000005              5
CHARGE0                           CONSTANT      00000053             83
CHARGE1                           CONSTANT      00000054             84
CHARGEN                           CONSTANT      00000007              7
CMPCR                             CONSTANT      00000051             81
CMPEN                             CONSTANT      00000000              0
CMPF                              CONSTANT      00000003              3
CMPIE                             CONSTANT      00000002              2
CMPIES                            CONSTANT      00000001              1
CMPOF                             CONSTANT      00000005              5
CMPWK                             CONSTANT      00000003              3
CPNIS0                            CONSTANT      00000001              1
CPNIS1                            CONSTANT      00000002              2
CPNIS2                            CONSTANT      00000003              3
CPNIS3                            CONSTANT      00000004              4
CPPIS                             CONSTANT      00000000              0
DC                                CONSTANT      00000001              1
EIS                               CONSTANT      00000006              6
F                                 CONSTANT      00000001              1
FSR                               CONSTANT      00000004              4
GIE                               CONSTANT      00000007              7
GP0                               CONSTANT      00000005              5
GP1                               CONSTANT      00000006              6
GPR                               CONSTANT      00000007              7
HIRCTRM                           CONSTANT      0000005B             91
HXEN                              CONSTANT      00000001              1
INDF                              CONSTANT      00000000              0
INTE                              CONSTANT      00000002              2
INTECON                           CONSTANT      0000000E             14
INTEDG                            CONSTANT      00000006              6
INTF                              CONSTANT      00000002              2
INTFLAG                           CONSTANT      0000000F             15
IOCB                              CONSTANT      00000009              9
IOCB0                             CONSTANT      00000000              0
IOCB1                             CONSTANT      00000001              1
IOCB2                             CONSTANT      00000002              2
IOCB3                             CONSTANT      00000003              3
IOCB4                             CONSTANT      00000004              4
IOCB5                             CONSTANT      00000005              5
IOCB6                             CONSTANT      00000006              6
IOCB7                             CONSTANT      00000007              7
LVDM                              CONSTANT      00000004              4
MODSEL                            CONSTANT      00000007              7
ODB0                              CONSTANT      00000000              0
ODB1                              CONSTANT      00000001              1
ODB2                              CONSTANT      00000002              2
ODB3                              CONSTANT      00000003              3
gpasm-1.5.0 #1284 (Oct 14 2022)      temp.asm   05/05/25  10:34:47          PAGE 11


SYMBOL TABLE
  LABEL                              TYPE        VALUE         VALUE          VALUE
                                                 (hex)         (dec)          (text)

ODB4                              CONSTANT      00000004              4
ODB5                              CONSTANT      00000005              5
ODB6                              CONSTANT      00000006              6
ODB7                              CONSTANT      00000007              7
ODCON                             CONSTANT      0000000C             12
OPTION                            CONSTANT      00000041             65
OSCCON                            CONSTANT      00000050             80
PBIE                              CONSTANT      00000001              1
PBIF                              CONSTANT      00000001              1
PCL                               CONSTANT      00000002              2
PCLATH                            CONSTANT      0000000A             10
PCON                              CONSTANT      00000008              8
PD                                CONSTANT      00000003              3
PDB0                              CONSTANT      00000004              4
PDB1                              CONSTANT      00000005              5
PDB2                              CONSTANT      00000006              6
PDB3                              CONSTANT      00000003              3
PDB4                              CONSTANT      00000004              4
PDB5                              CONSTANT      00000005              5
PDB6                              CONSTANT      00000006              6
PDB7                              CONSTANT      00000007              7
PDCON                             CONSTANT      0000000B             11
PDCON1                            CONSTANT      00000052             82
PHB0                              CONSTANT      00000000              0
PHB1                              CONSTANT      00000001              1
PHB2                              CONSTANT      00000002              2
PHB3                              CONSTANT      00000003              3
PHB4                              CONSTANT      00000004              4
PHB5                              CONSTANT      00000005              5
PHB6                              CONSTANT      00000006              6
PHB7                              CONSTANT      00000007              7
PHCON                             CONSTANT      0000000D             13
POR                               CONSTANT      00000007              7
PORTB                             CONSTANT      00000006              6
PORTB0                            CONSTANT      00000000              0
PORTB1                            CONSTANT      00000001              1
PORTB2                            CONSTANT      00000002              2
PORTB3                            CONSTANT      00000003              3
PORTB4                            CONSTANT      00000004              4
PORTB5                            CONSTANT      00000005              5
PORTB6                            CONSTANT      00000006              6
PORTB7                            CONSTANT      00000007              7
PS0                               CONSTANT      00000000              0
PS1                               CONSTANT      00000001              1
PS2                               CONSTANT      00000002              2
PSA                               CONSTANT      00000003              3
PSAVE                             EXTERNAL      00000000              0
PWM0E                             CONSTANT      00000006              6
PWM0OE                            CONSTANT      00000007              7
PWM0P                             CONSTANT      0000004F             79
PWM1E                             CONSTANT      00000001              1
PWM1OE                            CONSTANT      00000006              6
gpasm-1.5.0 #1284 (Oct 14 2022)      temp.asm   05/05/25  10:34:47          PAGE 12


SYMBOL TABLE
  LABEL                              TYPE        VALUE         VALUE          VALUE
                                                 (hex)         (dec)          (text)

PWM1P                             CONSTANT      00000049             73
PWM2E                             CONSTANT      00000000              0
PWM2OE                            CONSTANT      00000005              5
PWM2P                             CONSTANT      0000004A             74
PWM3CT                            CONSTANT      00000001              1
PWMCK                             CONSTANT      00000004              4
PWMCON                            CONSTANT      00000048             72
PWMCT                             CONSTANT      00000000              0
PWMINV                            CONSTANT      00000002              2
PWMMD                             CONSTANT      00000003              3
RAMP                              CONSTANT      00000055             85
RCTRMEN                           CONSTANT      00000002              2
RST                               CONSTANT      00000007              7
S0                                CONSTANT      00000000              0
S1                                CONSTANT      00000001              1
S2                                CONSTANT      00000002              2
S3                                CONSTANT      00000003              3
S4                                CONSTANT      00000004              4
S5                                CONSTANT      00000005              5
S6                                CONSTANT      00000006              6
S7                                CONSTANT      00000007              7
S8                                CONSTANT      00000000              0
S9                                CONSTANT      00000001              1
SCS                               CONSTANT      00000000              0
SINK_SEL                          CONSTANT      00000006              6
SLOP0                             CONSTANT      00000000              0
SLOP1                             CONSTANT      00000001              1
SLOP2                             CONSTANT      00000002              2
SSAVE                             EXTERNAL      00000000              0
STATUS                            CONSTANT      00000003              3
STK00                             EXTERNAL      00000000              0
STK01                             EXTERNAL      00000000              0
STK02                             EXTERNAL      00000000              0
STK03                             EXTERNAL      00000000              0
STK04                             EXTERNAL      00000000              0
STK05                             EXTERNAL      00000000              0
STK06                             EXTERNAL      00000000              0
STK07                             EXTERNAL      00000000              0
STK08                             EXTERNAL      00000000              0
STK09                             EXTERNAL      00000000              0
STK10                             EXTERNAL      00000000              0
STK11                             EXTERNAL      00000000              0
STK12                             EXTERNAL      00000000              0
T0                                CONSTANT      00000001              1
T0CK                              CONSTANT      00000007              7
T0CR                              CONSTANT      0000004B             75
T0CS                              CONSTANT      00000005              5
T0IE                              CONSTANT      00000000              0
T0IF                              CONSTANT      00000000              0
T0OSCEN                           CONSTANT      00000007              7
T0SE                              CONSTANT      00000004              4
T1                                CONSTANT      0000004D             77
gpasm-1.5.0 #1284 (Oct 14 2022)      temp.asm   05/05/25  10:34:47          PAGE 13


SYMBOL TABLE
  LABEL                              TYPE        VALUE         VALUE          VALUE
                                                 (hex)         (dec)          (text)

T1CK0                             CONSTANT      00000003              3
T1CK1                             CONSTANT      00000004              4
T1CON                             CONSTANT      0000004C             76
T1EN                              CONSTANT      00000007              7
T1IE                              CONSTANT      00000001              1
T1IF                              CONSTANT      00000000              0
T1LOAD                            CONSTANT      0000004E             78
T1PR0                             CONSTANT      00000000              0
T1PR1                             CONSTANT      00000001              1
T1PR2                             CONSTANT      00000002              2
TEMPEN                            CONSTANT      00000006              6
TMPE                              CONSTANT      00000004              4
TMPF                              CONSTANT      00000004              4
TO                                CONSTANT      00000004              4
TRISB                             CONSTANT      00000046             70
TRISB0                            CONSTANT      00000000              0
TRISB1                            CONSTANT      00000001              1
TRISB2                            CONSTANT      00000002              2
TRISB3                            CONSTANT      00000003              3
TRISB4                            CONSTANT      00000004              4
TRISB5                            CONSTANT      00000005              5
TRISB6                            CONSTANT      00000006              6
TRISB7                            CONSTANT      00000007              7
W                                 CONSTANT      00000000              0
WDTEN                             CONSTANT      00000007              7
WSAVE                             EXTERNAL      00000000              0
Z                                 CONSTANT      00000002              2
_00106_DS_                        ADDRESS       00000007              7
_00107_DS_                        ADDRESS       00000008              8
_00109_DS_                        ADDRESS       0000000E             14
_00114_DS_                        ADDRESS       00000010             16
_00115_DS_                        ADDRESS       00000012             18
_00118_DS_                        ADDRESS       0000001E             30
_00119_DS_                        ADDRESS       0000003B             59
_00128_DS_                        ADDRESS       00000018             24
_AUXR                             EXTERNAL      00000000              0
_AUXRbits                         EXTERNAL      00000000              0
_BITS_DATA0                       EXTERNAL      00000000              0
_BITS_DATA1                       EXTERNAL      00000000              0
_CHARGE0                          EXTERNAL      00000000              0
_CHARGE0bits                      EXTERNAL      00000000              0
_CHARGE1                          EXTERNAL      00000000              0
_CHARGE1bits                      EXTERNAL      00000000              0
_CMPCR                            EXTERNAL      00000000              0
_CMPCRbits                        EXTERNAL      00000000              0
_CONFIG                           CONSTANT      00002000           8192
_CP_OFF                           CONSTANT      00003FFF          16383
_CP_ON                            CONSTANT      00003FEF          16367
_CheckSleep                       GLOBAL        00000000              0
_CheckTemp                        GLOBAL        00000000              0
_ControlFlash                     EXTERNAL      00000000              0
_ControlLevel                     EXTERNAL      00000000              0
gpasm-1.5.0 #1284 (Oct 14 2022)      temp.asm   05/05/25  10:34:47          PAGE 14


SYMBOL TABLE
  LABEL                              TYPE        VALUE         VALUE          VALUE
                                                 (hex)         (dec)          (text)

_ControlLevelHigh                 EXTERNAL      00000000              0
_ControlLevelLow                  EXTERNAL      00000000              0
_ControlSos                       EXTERNAL      00000000              0
_DelayMs                          EXTERNAL      00000000              0
_FOSC_HS                          CONSTANT      00003FFD          16381
_FOSC_INTRCIO                     CONSTANT      00003FFC          16380
_FOSC_LP                          CONSTANT      00003CFF          15615
_FOSC_XT                          CONSTANT      00003DFF          15871
_FSR                              EXTERNAL      00000000              0
_GPR                              EXTERNAL      00000000              0
_HIRCTRM                          EXTERNAL      00000000              0
_HS_OSC                           CONSTANT      00003FFD          16381
_INDF                             EXTERNAL      00000000              0
_INTECON                          EXTERNAL      00000000              0
_INTECONbits                      EXTERNAL      00000000              0
_INTFLAG                          EXTERNAL      00000000              0
_INTFLAGbits                      EXTERNAL      00000000              0
_INTOSCIO                         CONSTANT      00003FFC          16380
_INTRC_OSC_NOCLKOUT               CONSTANT      00003FFC          16380
_IOCB                             EXTERNAL      00000000              0
_IOCBbits                         EXTERNAL      00000000              0
_InitPort                         EXTERNAL      00000000              0
_InitPwm                          EXTERNAL      00000000              0
_InitRam                          EXTERNAL      00000000              0
_InitSystem                       EXTERNAL      00000000              0
_LP_OSC                           CONSTANT      00003CFF          15615
_MaxLight                         EXTERNAL      00000000              0
_ODCON                            EXTERNAL      00000000              0
_ODCONbits                        EXTERNAL      00000000              0
_OPTION                           EXTERNAL      00000000              0
_OPTIONbits                       EXTERNAL      00000000              0
_OSCCON                           EXTERNAL      00000000              0
_OSCCONbits                       EXTERNAL      00000000              0
_PCL                              EXTERNAL      00000000              0
_PCLATH                           EXTERNAL      00000000              0
_PCON                             EXTERNAL      00000000              0
_PCONbits                         EXTERNAL      00000000              0
_PDCON                            EXTERNAL      00000000              0
_PDCON1                           EXTERNAL      00000000              0
_PDCON1bits                       EXTERNAL      00000000              0
_PDCONbits                        EXTERNAL      00000000              0
_PHCON                            EXTERNAL      00000000              0
_PHCONbits                        EXTERNAL      00000000              0
_PORTB                            EXTERNAL      00000000              0
_PORTBbits                        EXTERNAL      00000000              0
_PWM0P                            EXTERNAL      00000000              0
_PWM1P                            EXTERNAL      00000000              0
_PWM2P                            EXTERNAL      00000000              0
_PWMCON                           EXTERNAL      00000000              0
_PWMCONbits                       EXTERNAL      00000000              0
_RAMP                             EXTERNAL      00000000              0
_RAMPbits                         EXTERNAL      00000000              0
gpasm-1.5.0 #1284 (Oct 14 2022)      temp.asm   05/05/25  10:34:47          PAGE 15


SYMBOL TABLE
  LABEL                              TYPE        VALUE         VALUE          VALUE
                                                 (hex)         (dec)          (text)

_STATUS                           EXTERNAL      00000000              0
_STATUSbits                       EXTERNAL      00000000              0
_SleepCount                       EXTERNAL      00000000              0
_SleepFlag                        EXTERNAL      00000000              0
_T0                               EXTERNAL      00000000              0
_T0CR                             EXTERNAL      00000000              0
_T0CRbits                         EXTERNAL      00000000              0
_T1                               EXTERNAL      00000000              0
_T1CON                            EXTERNAL      00000000              0
_T1CONbits                        EXTERNAL      00000000              0
_T1LOAD                           EXTERNAL      00000000              0
_TRISB                            EXTERNAL      00000000              0
_TRISBbits                        EXTERNAL      00000000              0
_TempCount                        EXTERNAL      00000000              0
_TempFlag                         EXTERNAL      00000000              0
_WDTE_OFF                         CONSTANT      00003FFB          16379
_WDTE_ON                          CONSTANT      00003FFF          16383
_WDT_OFF                          CONSTANT      00003FFB          16379
_WDT_ON                           CONSTANT      00003FFF          16383
_XT_OSC                           CONSTANT      00003DFF          15871
__14_BIT                          CONSTANT      00000001              1
__18P018A0                        CONSTANT      00000001              1
__ACTIVE_BANK_ADDR                VARIABLE      FFFFFFFF             -1
__ACTIVE_PAGE_ADDR                VARIABLE      FFFFFFFF             -1
__ASSUMED_BANK_ADDR               VARIABLE      00000000              0
__BANK_0                          CONSTANT      00000000              0
__BANK_BITS                       CONSTANT      00000080            128
__BANK_FIRST                      CONSTANT      00000000              0
__BANK_INV                        CONSTANT      FFFFFFFF             -1
__BANK_LAST                       CONSTANT      00000000              0
__BANK_MASK                       CONSTANT      0000007F            127
__BANK_SHIFT                      CONSTANT      00000007              7
__BANK_SIZE                       CONSTANT      00000080            128
__CODE_END                        CONSTANT      000003FF           1023
__CODE_START                      CONSTANT      00000000              0
__CONFIG_END                      CONSTANT      00002003           8195
__CONFIG_START                    CONSTANT      00002000           8192
__GPUTILS_SVN_VERSION             CONSTANT      00000504           1284
__GPUTILS_VERSION_MAJOR           CONSTANT      00000001              1
__GPUTILS_VERSION_MICRO           CONSTANT      00000000              0
__GPUTILS_VERSION_MINOR           CONSTANT      00000005              5
__IDLOCS_END                      CONSTANT      00002005           8197
__IDLOCS_START                    CONSTANT      00002004           8196
__NUM_BANKS                       CONSTANT      00000001              1
__PAGE_BITS                       CONSTANT      00001800           6144
__PAGE_INV                        CONSTANT      FFFFFFFF             -1
__PAGE_MASK                       CONSTANT      00000000              0
__PAGE_SHIFT                      CONSTANT      0000000B             11
__PAGE_SIZE                       CONSTANT      00000000              0
__VECTOR_INT                      CONSTANT      00000008              8
__VECTOR_RESET                    CONSTANT      00000000              0
__WHILE_LOOP_COUNT_MAX            CONSTANT      000000FF            255
gpasm-1.5.0 #1284 (Oct 14 2022)      temp.asm   05/05/25  10:34:47          PAGE 16


SYMBOL TABLE
  LABEL                              TYPE        VALUE         VALUE          VALUE
                                                 (hex)         (dec)          (text)

_g_ucTimer10msCount               EXTERNAL      00000000              0
_g_ucTimerWorkCount               EXTERNAL      00000000              0
r0x1005                           STATIC        00000000              0
r0x1006                           STATIC        00000001              1

Errors   :     0
Warnings :     0 reported,     0 suppressed
Messages :     1 reported,     0 suppressed

